{
  "numFailedTestSuites": 7,
  "numFailedTests": 53,
  "numPassedTestSuites": 2,
  "numPassedTests": 48,
  "numPendingTestSuites": 3,
  "numPendingTests": 6,
  "numRuntimeErrorTestSuites": 0,
  "numTodoTests": 0,
  "numTotalTestSuites": 12,
  "numTotalTests": 107,
  "openHandles": [],
  "snapshot": {
    "added": 0,
    "didUpdate": false,
    "failure": false,
    "filesAdded": 0,
    "filesRemoved": 0,
    "filesRemovedList": [],
    "filesUnmatched": 0,
    "filesUpdated": 0,
    "matched": 0,
    "total": 0,
    "unchecked": 0,
    "uncheckedKeysByFile": [],
    "unmatched": 0,
    "updated": 0
  },
  "startTime": 1765718027548,
  "success": false,
  "testResults": [
    {
      "assertionResults": [
        {
          "ancestorTitles": ["RecordingInterface Component", "Initial State"],
          "duration": 36,
          "failureDetails": [],
          "failureMessages": [],
          "fullName": "RecordingInterface Component Initial State should render the record button in inactive state",
          "invocations": 1,
          "location": null,
          "numPassingAsserts": 2,
          "retryReasons": [],
          "status": "passed",
          "title": "should render the record button in inactive state"
        },
        {
          "ancestorTitles": ["RecordingInterface Component", "Initial State"],
          "duration": 4,
          "failureDetails": [],
          "failureMessages": [],
          "fullName": "RecordingInterface Component Initial State should show instructions for recording",
          "invocations": 1,
          "location": null,
          "numPassingAsserts": 2,
          "retryReasons": [],
          "status": "passed",
          "title": "should show instructions for recording"
        },
        {
          "ancestorTitles": ["RecordingInterface Component", "Initial State"],
          "duration": 2,
          "failureDetails": [],
          "failureMessages": [],
          "fullName": "RecordingInterface Component Initial State should not show transcription area initially",
          "invocations": 1,
          "location": null,
          "numPassingAsserts": 2,
          "retryReasons": [],
          "status": "passed",
          "title": "should not show transcription area initially"
        },
        {
          "ancestorTitles": ["RecordingInterface Component", "Recording Flow"],
          "duration": 73,
          "failureDetails": [],
          "failureMessages": [],
          "fullName": "RecordingInterface Component Recording Flow should start recording when button is clicked",
          "invocations": 1,
          "location": null,
          "numPassingAsserts": 3,
          "retryReasons": [],
          "status": "passed",
          "title": "should start recording when button is clicked"
        },
        {
          "ancestorTitles": ["RecordingInterface Component", "Recording Flow"],
          "duration": 40,
          "failureDetails": [],
          "failureMessages": [],
          "fullName": "RecordingInterface Component Recording Flow should show recording duration timer",
          "invocations": 1,
          "location": null,
          "numPassingAsserts": 1,
          "retryReasons": [],
          "status": "passed",
          "title": "should show recording duration timer"
        },
        {
          "ancestorTitles": ["RecordingInterface Component", "Recording Flow"],
          "duration": 45,
          "failureDetails": [],
          "failureMessages": [],
          "fullName": "RecordingInterface Component Recording Flow should handle microphone permission denial",
          "invocations": 1,
          "location": null,
          "numPassingAsserts": 2,
          "retryReasons": [],
          "status": "passed",
          "title": "should handle microphone permission denial"
        },
        {
          "ancestorTitles": [
            "RecordingInterface Component",
            "Stop Recording and Processing"
          ],
          "duration": 1077,
          "failureDetails": [{ "name": "TestingLibraryElementError" }],
          "failureMessages": [
            "Error: Unable to find an element with the text: /processing/i. This could be because the text is broken up by multiple elements. In this case, you can provide a function for your text matcher to make your matcher more flexible.\n\nIgnored nodes: comments, script, style\n\u001b[36m<body>\u001b[39m\n  \u001b[36m<div>\u001b[39m\n    \u001b[36m<div\u001b[39m\n      \u001b[33mclass\u001b[39m=\u001b[32m\"max-w-2xl mx-auto p-6\"\u001b[39m\n    \u001b[36m>\u001b[39m\n      \u001b[36m<div\u001b[39m\n        \u001b[33mclass\u001b[39m=\u001b[32m\"bg-white rounded-lg shadow-lg p-8\"\u001b[39m\n      \u001b[36m>\u001b[39m\n        \u001b[36m<h1\u001b[39m\n          \u001b[33mclass\u001b[39m=\u001b[32m\"text-3xl font-bold text-gray-900 mb-2 text-center\"\u001b[39m\n        \u001b[36m>\u001b[39m\n          \u001b[0mShare Your Story\u001b[0m\n        \u001b[36m</h1>\u001b[39m\n        \u001b[36m<p\u001b[39m\n          \u001b[33mclass\u001b[39m=\u001b[32m\"text-gray-600 mb-8 text-center\"\u001b[39m\n        \u001b[36m>\u001b[39m\n          \u001b[0mPress record and tell your story. Our AI will help create your fundraising campaign.\u001b[0m\n        \u001b[36m</p>\u001b[39m\n        \u001b[36m<div\u001b[39m\n          \u001b[33mclass\u001b[39m=\u001b[32m\"flex flex-col items-center space-y-6\"\u001b[39m\n        \u001b[36m>\u001b[39m\n          \u001b[36m<div\u001b[39m\n            \u001b[33mclass\u001b[39m=\u001b[32m\"w-full max-w-md text-center\"\u001b[39m\n          \u001b[36m>\u001b[39m\n            \u001b[36m<div\u001b[39m\n              \u001b[33mclass\u001b[39m=\u001b[32m\"p-4 bg-green-50 border border-green-200 rounded-md\"\u001b[39m\n            \u001b[36m>\u001b[39m\n              \u001b[36m<h3\u001b[39m\n                \u001b[33mclass\u001b[39m=\u001b[32m\"font-medium text-green-800 mb-2\"\u001b[39m\n              \u001b[36m>\u001b[39m\n                \u001b[0mTranscription Complete!\u001b[0m\n              \u001b[36m</h3>\u001b[39m\n              \u001b[36m<p\u001b[39m\n                \u001b[33mclass\u001b[39m=\u001b[32m\"text-green-700 text-sm\"\u001b[39m\n              \u001b[36m>\u001b[39m\n                \u001b[0mYour story has been transcribed successfully.\u001b[0m\n              \u001b[36m</p>\u001b[39m\n              \u001b[36m<div\u001b[39m\n                \u001b[33mclass\u001b[39m=\u001b[32m\"mt-3 text-left text-gray-800\"\u001b[39m\n              \u001b[36m>\u001b[39m\n                \u001b[36m<h4\u001b[39m\n                  \u001b[33mclass\u001b[39m=\u001b[32m\"font-medium text-gray-900 mb-1\"\u001b[39m\n                \u001b[36m>\u001b[39m\n                  \u001b[0mTranscript\u001b[0m\n                \u001b[36m</h4>\u001b[39m\n                \u001b[36m<p\u001b[39m\n                  \u001b[33mclass\u001b[39m=\u001b[32m\"text-sm\"\u001b[39m\n                \u001b[36m>\u001b[39m\n                  \u001b[0mHello, this is my story about needing help with housing.\u001b[0m\n                \u001b[36m</p>\u001b[39m\n              \u001b[36m</div>\u001b[39m\n            \u001b[36m</div>\u001b[39m\n          \u001b[36m</div>\u001b[39m\n          \u001b[36m<div\u001b[39m\n            \u001b[33mclass\u001b[39m=\u001b[32m\"text-center space-y-4\"\u001b[39m\n          \u001b[36m>\u001b[39m\n            \u001b[36m<p\u001b[39m\n              \u001b[33mclass\u001b[39m=\u001b[32m\"text-gray-500\"\u001b[39m\n            \u001b[36m>\u001b[39m\n              \u001b[0mOr\u001b[0m\n            \u001b[36m</p>\u001b[39m\n            \u001b[36m<button\u001b[39m\n              \u001b[33maria-label\u001b[39m=\u001b[32m\"Type Story\"\u001b[39m\n              \u001b[33mclass\u001b[39m=\u001b[32m\"px-6 py-2 border border-gray-300 text-gray-700 rounded-md hover:bg-gray-50 transition-colors\"\u001b[39m\n            \u001b[36m>\u001b[39m\n              \u001b[0mType Your Story Instead\u001b[0m\n            \u001b[36m</button>\u001b[39m\n          \u001b[36m</div>\u001b[39m\n        \u001b[36m</div>\u001b[39m\n        \u001b[36m<div\u001b[39m\n          \u001b[33mclass\u001b[39m=\u001b[32m\"mt-8 p-4 bg-gray-50 rounded-md\"\u001b[39m\n        \u001b[36m>\u001b[39m\n          \u001b[36m<h3\u001b[39m\n            \u001b[33mclass\u001b[39m=\u001b[32m\"font-medium text-gray-900 mb-2\"\u001b[39m\n          \u001b[36m>\u001b[39m\n            \u001b[0mTips for a great recording:\u001b[0m\n          \u001b[36m</h3>\u001b[39m\n          \u001b[36m<ul\u001b[39m\n            \u001b[33mclass\u001b[39m=\u001b[32m\"text-sm text-gray-600 space-y-1\"\u001b[39m\n          \u001b[36m>\u001b[39m\n            \u001b[36m<li>\u001b[39m\n              \u001b[0m• Find a quiet place to record\u001b[0m\n            \u001b[36m</li>\u001b[39m\n            \u001b[36m<li>\u001b[39m\n              \u001b[0m• Speak clearly and at a normal pace\u001b[0m\n            \u001b[36m</li>\u001b[39m\n            \u001b[36m<li>\u001b[39m\n              \u001b[0m• Include key details: what happened, how much you need, who it's for\u001b[0m\n            \u001b[36m</li>\u001b[39m\n            \u001b[36m<li>\u001b[39m\n              \u001b[0m• Take your time - there's no rush\u001b[0m\n            \u001b[36m</li>\u001b[39m\n          \u001b[36m</ul>\u001b[39m\n        \u001b[36m</div>\u001b[39m\n      \u001b[36m</div>\u001b[39m\n    \u001b[36m</div>\u001b[39m\n  \u001b[36m</div>\u001b[39m\n\u001b[36m</body>\u001b[39m\n    at waitForWrapper (C:\\Users\\richl\\Care2system\\node_modules\\@testing-library\\react\\node_modules\\@testing-library\\dom\\dist\\wait-for.js:163:27)\n    at Object.<anonymous> (C:\\Users\\richl\\Care2system\\frontend\\__tests__\\components\\RecordingInterface.test.tsx:162:20)"
          ],
          "fullName": "RecordingInterface Component Stop Recording and Processing should stop recording and process audio",
          "invocations": 1,
          "location": null,
          "numPassingAsserts": 1,
          "retryReasons": [],
          "status": "failed",
          "title": "should stop recording and process audio"
        },
        {
          "ancestorTitles": [
            "RecordingInterface Component",
            "Stop Recording and Processing"
          ],
          "duration": 76,
          "failureDetails": [],
          "failureMessages": [],
          "fullName": "RecordingInterface Component Stop Recording and Processing should show transcription after processing",
          "invocations": 1,
          "location": null,
          "numPassingAsserts": 2,
          "retryReasons": [],
          "status": "passed",
          "title": "should show transcription after processing"
        },
        {
          "ancestorTitles": [
            "RecordingInterface Component",
            "Stop Recording and Processing"
          ],
          "duration": 80,
          "failureDetails": [],
          "failureMessages": [],
          "fullName": "RecordingInterface Component Stop Recording and Processing should provide option to continue with manual input on API failure",
          "invocations": 1,
          "location": null,
          "numPassingAsserts": 3,
          "retryReasons": [],
          "status": "passed",
          "title": "should provide option to continue with manual input on API failure"
        },
        {
          "ancestorTitles": [
            "RecordingInterface Component",
            "Manual Input Mode"
          ],
          "duration": 46,
          "failureDetails": [],
          "failureMessages": [],
          "fullName": "RecordingInterface Component Manual Input Mode should switch to manual input when requested",
          "invocations": 1,
          "location": null,
          "numPassingAsserts": 2,
          "retryReasons": [],
          "status": "passed",
          "title": "should switch to manual input when requested"
        },
        {
          "ancestorTitles": [
            "RecordingInterface Component",
            "Manual Input Mode"
          ],
          "duration": 402,
          "failureDetails": [],
          "failureMessages": [],
          "fullName": "RecordingInterface Component Manual Input Mode should handle manual text input",
          "invocations": 1,
          "location": null,
          "numPassingAsserts": 1,
          "retryReasons": [],
          "status": "passed",
          "title": "should handle manual text input"
        },
        {
          "ancestorTitles": ["RecordingInterface Component", "Error Handling"],
          "duration": 309,
          "failureDetails": [],
          "failureMessages": [],
          "fullName": "RecordingInterface Component Error Handling should handle network errors gracefully",
          "invocations": 1,
          "location": null,
          "numPassingAsserts": 2,
          "retryReasons": [],
          "status": "passed",
          "title": "should handle network errors gracefully"
        },
        {
          "ancestorTitles": ["RecordingInterface Component", "Error Handling"],
          "duration": 357,
          "failureDetails": [],
          "failureMessages": [],
          "fullName": "RecordingInterface Component Error Handling should provide retry functionality",
          "invocations": 1,
          "location": null,
          "numPassingAsserts": 2,
          "retryReasons": [],
          "status": "passed",
          "title": "should provide retry functionality"
        },
        {
          "ancestorTitles": [
            "RecordingInterface Component",
            "Demo Readiness Features"
          ],
          "duration": 61,
          "failureDetails": [],
          "failureMessages": [],
          "fullName": "RecordingInterface Component Demo Readiness Features should always provide a path forward even on failures",
          "invocations": 1,
          "location": null,
          "numPassingAsserts": 1,
          "retryReasons": [],
          "status": "passed",
          "title": "should always provide a path forward even on failures"
        },
        {
          "ancestorTitles": [
            "RecordingInterface Component",
            "Demo Readiness Features"
          ],
          "duration": 270,
          "failureDetails": [],
          "failureMessages": [],
          "fullName": "RecordingInterface Component Demo Readiness Features should show progress indicators during all operations",
          "invocations": 1,
          "location": null,
          "numPassingAsserts": 2,
          "retryReasons": [],
          "status": "passed",
          "title": "should show progress indicators during all operations"
        }
      ],
      "endTime": 1765718031352,
      "message": "\u001b[1m\u001b[31m  \u001b[1m● \u001b[22m\u001b[1mRecordingInterface Component › Stop Recording and Processing › should stop recording and process audio\u001b[39m\u001b[22m\n\n    Unable to find an element with the text: /processing/i. This could be because the text is broken up by multiple elements. In this case, you can provide a function for your text matcher to make your matcher more flexible.\n\n    Ignored nodes: comments, script, style\n    \u001b[36m<body>\u001b[39m\n      \u001b[36m<div>\u001b[39m\n        \u001b[36m<div\u001b[39m\n          \u001b[33mclass\u001b[39m=\u001b[32m\"max-w-2xl mx-auto p-6\"\u001b[39m\n        \u001b[36m>\u001b[39m\n          \u001b[36m<div\u001b[39m\n            \u001b[33mclass\u001b[39m=\u001b[32m\"bg-white rounded-lg shadow-lg p-8\"\u001b[39m\n          \u001b[36m>\u001b[39m\n            \u001b[36m<h1\u001b[39m\n              \u001b[33mclass\u001b[39m=\u001b[32m\"text-3xl font-bold text-gray-900 mb-2 text-center\"\u001b[39m\n            \u001b[36m>\u001b[39m\n              \u001b[0mShare Your Story\u001b[0m\n            \u001b[36m</h1>\u001b[39m\n            \u001b[36m<p\u001b[39m\n              \u001b[33mclass\u001b[39m=\u001b[32m\"text-gray-600 mb-8 text-center\"\u001b[39m\n            \u001b[36m>\u001b[39m\n              \u001b[0mPress record and tell your story. Our AI will help create your fundraising campaign.\u001b[0m\n            \u001b[36m</p>\u001b[39m\n            \u001b[36m<div\u001b[39m\n              \u001b[33mclass\u001b[39m=\u001b[32m\"flex flex-col items-center space-y-6\"\u001b[39m\n            \u001b[36m>\u001b[39m\n              \u001b[36m<div\u001b[39m\n                \u001b[33mclass\u001b[39m=\u001b[32m\"w-full max-w-md text-center\"\u001b[39m\n              \u001b[36m>\u001b[39m\n                \u001b[36m<div\u001b[39m\n                  \u001b[33mclass\u001b[39m=\u001b[32m\"p-4 bg-green-50 border border-green-200 rounded-md\"\u001b[39m\n                \u001b[36m>\u001b[39m\n                  \u001b[36m<h3\u001b[39m\n                    \u001b[33mclass\u001b[39m=\u001b[32m\"font-medium text-green-800 mb-2\"\u001b[39m\n                  \u001b[36m>\u001b[39m\n                    \u001b[0mTranscription Complete!\u001b[0m\n                  \u001b[36m</h3>\u001b[39m\n                  \u001b[36m<p\u001b[39m\n                    \u001b[33mclass\u001b[39m=\u001b[32m\"text-green-700 text-sm\"\u001b[39m\n                  \u001b[36m>\u001b[39m\n                    \u001b[0mYour story has been transcribed successfully.\u001b[0m\n                  \u001b[36m</p>\u001b[39m\n                  \u001b[36m<div\u001b[39m\n                    \u001b[33mclass\u001b[39m=\u001b[32m\"mt-3 text-left text-gray-800\"\u001b[39m\n                  \u001b[36m>\u001b[39m\n                    \u001b[36m<h4\u001b[39m\n                      \u001b[33mclass\u001b[39m=\u001b[32m\"font-medium text-gray-900 mb-1\"\u001b[39m\n                    \u001b[36m>\u001b[39m\n                      \u001b[0mTranscript\u001b[0m\n                    \u001b[36m</h4>\u001b[39m\n                    \u001b[36m<p\u001b[39m\n                      \u001b[33mclass\u001b[39m=\u001b[32m\"text-sm\"\u001b[39m\n                    \u001b[36m>\u001b[39m\n                      \u001b[0mHello, this is my story about needing help with housing.\u001b[0m\n                    \u001b[36m</p>\u001b[39m\n                  \u001b[36m</div>\u001b[39m\n                \u001b[36m</div>\u001b[39m\n              \u001b[36m</div>\u001b[39m\n              \u001b[36m<div\u001b[39m\n                \u001b[33mclass\u001b[39m=\u001b[32m\"text-center space-y-4\"\u001b[39m\n              \u001b[36m>\u001b[39m\n                \u001b[36m<p\u001b[39m\n                  \u001b[33mclass\u001b[39m=\u001b[32m\"text-gray-500\"\u001b[39m\n                \u001b[36m>\u001b[39m\n                  \u001b[0mOr\u001b[0m\n                \u001b[36m</p>\u001b[39m\n                \u001b[36m<button\u001b[39m\n                  \u001b[33maria-label\u001b[39m=\u001b[32m\"Type Story\"\u001b[39m\n                  \u001b[33mclass\u001b[39m=\u001b[32m\"px-6 py-2 border border-gray-300 text-gray-700 rounded-md hover:bg-gray-50 transition-colors\"\u001b[39m\n                \u001b[36m>\u001b[39m\n                  \u001b[0mType Your Story Instead\u001b[0m\n                \u001b[36m</button>\u001b[39m\n              \u001b[36m</div>\u001b[39m\n            \u001b[36m</div>\u001b[39m\n            \u001b[36m<div\u001b[39m\n              \u001b[33mclass\u001b[39m=\u001b[32m\"mt-8 p-4 bg-gray-50 rounded-md\"\u001b[39m\n            \u001b[36m>\u001b[39m\n              \u001b[36m<h3\u001b[39m\n                \u001b[33mclass\u001b[39m=\u001b[32m\"font-medium text-gray-900 mb-2\"\u001b[39m\n              \u001b[36m>\u001b[39m\n                \u001b[0mTips for a great recording:\u001b[0m\n              \u001b[36m</h3>\u001b[39m\n              \u001b[36m<ul\u001b[39m\n                \u001b[33mclass\u001b[39m=\u001b[32m\"text-sm text-gray-600 space-y-1\"\u001b[39m\n              \u001b[36m>\u001b[39m\n                \u001b[36m<li>\u001b[39m\n                  \u001b[0m• Find a quiet place to record\u001b[0m\n                \u001b[36m</li>\u001b[39m\n                \u001b[36m<li>\u001b[39m\n                  \u001b[0m• Speak clearly and at a normal pace\u001b[0m\n                \u001b[36m</li>\u001b[39m\n                \u001b[36m<li>\u001b[39m\n                  \u001b[0m• Include key details: what happened, how much you need, who it's for\u001b[0m\n                \u001b[36m</li>\u001b[39m\n                \u001b[36m<li>\u001b[39m\n                  \u001b[0m• Take your time - there's no rush\u001b[0m\n                \u001b[36m</li>\u001b[39m\n              \u001b[36m</ul>\u001b[39m\n            \u001b[36m</div>\u001b[39m\n          \u001b[36m</div>\u001b[39m\n        \u001b[36m</div>\u001b[39m\n      \u001b[36m</div>\u001b[39m\n    \u001b[36m</body>\u001b[39m\n\u001b[2m\u001b[22m\n\u001b[2m    \u001b[0m \u001b[90m 160 |\u001b[39m       \u001b[36mawait\u001b[39m user\u001b[33m.\u001b[39mclick(stopButton)\u001b[33m;\u001b[39m\u001b[22m\n\u001b[2m     \u001b[90m 161 |\u001b[39m       \u001b[22m\n\u001b[2m    \u001b[31m\u001b[1m>\u001b[22m\u001b[2m\u001b[39m\u001b[90m 162 |\u001b[39m       \u001b[36mawait\u001b[39m waitFor(() \u001b[33m=>\u001b[39m {\u001b[22m\n\u001b[2m     \u001b[90m     |\u001b[39m                    \u001b[31m\u001b[1m^\u001b[22m\u001b[2m\u001b[39m\u001b[22m\n\u001b[2m     \u001b[90m 163 |\u001b[39m         expect(screen\u001b[33m.\u001b[39mgetByText(\u001b[35m/processing/i\u001b[39m))\u001b[33m.\u001b[39mtoBeInTheDocument()\u001b[33m;\u001b[39m\u001b[22m\n\u001b[2m     \u001b[90m 164 |\u001b[39m       })\u001b[33m;\u001b[39m\u001b[22m\n\u001b[2m     \u001b[90m 165 |\u001b[39m     })\u001b[33m;\u001b[39m\u001b[0m\u001b[22m\n\u001b[2m\u001b[22m\n\u001b[2m      \u001b[2mat waitForWrapper (\u001b[22m\u001b[2m../node_modules/@testing-library/react/node_modules/@testing-library/dom/dist/wait-for.js\u001b[2m:163:27)\u001b[22m\u001b[2m\u001b[22m\n\u001b[2m      \u001b[2mat Object.<anonymous> (\u001b[22m\u001b[2m\u001b[0m\u001b[36m__tests__/components/RecordingInterface.test.tsx\u001b[39m\u001b[0m\u001b[2m:162:20)\u001b[22m\u001b[2m\u001b[22m\n",
      "name": "C:\\Users\\richl\\Care2system\\frontend\\__tests__\\components\\RecordingInterface.test.tsx",
      "startTime": 1765718027893,
      "status": "failed",
      "summary": ""
    },
    {
      "assertionResults": [
        {
          "ancestorTitles": ["useProfile hooks", "useProfile"],
          "duration": 1009,
          "failureDetails": [{}],
          "failureMessages": [
            "TypeError: Cannot read properties of undefined (reading 'isSuccess')\n\nIgnored nodes: comments, script, style\n\u001b[36m<html>\u001b[39m\n  \u001b[36m<head />\u001b[39m\n  \u001b[36m<body>\u001b[39m\n    \u001b[36m<div />\u001b[39m\n  \u001b[36m</body>\u001b[39m\n\u001b[36m</html>\u001b[39m\n    at isSuccess (C:\\Users\\richl\\Care2system\\frontend\\__tests__\\hooks\\useProfile.test.tsx:60:31)\n    at runWithExpensiveErrorDiagnosticsDisabled (C:\\Users\\richl\\Care2system\\node_modules\\@testing-library\\react\\node_modules\\@testing-library\\dom\\dist\\config.js:47:12)\n    at checkCallback (C:\\Users\\richl\\Care2system\\node_modules\\@testing-library\\react\\node_modules\\@testing-library\\dom\\dist\\wait-for.js:124:77)\n    at checkRealTimersCallback (C:\\Users\\richl\\Care2system\\node_modules\\@testing-library\\react\\node_modules\\@testing-library\\dom\\dist\\wait-for.js:118:16)\n    at Timeout.task [as _onTimeout] (C:\\Users\\richl\\Care2system\\node_modules\\jsdom\\lib\\jsdom\\browser\\Window.js:520:19)\n    at listOnTimeout (node:internal/timers:605:17)\n    at processTimers (node:internal/timers:541:7)"
          ],
          "fullName": "useProfile hooks useProfile fetches profile data successfully",
          "invocations": 1,
          "location": null,
          "numPassingAsserts": 0,
          "retryReasons": [],
          "status": "failed",
          "title": "fetches profile data successfully"
        },
        {
          "ancestorTitles": ["useProfile hooks", "useProfile"],
          "duration": 1005,
          "failureDetails": [{}],
          "failureMessages": [
            "TypeError: Cannot read properties of undefined (reading 'isError')\n\nIgnored nodes: comments, script, style\n\u001b[36m<html>\u001b[39m\n  \u001b[36m<head />\u001b[39m\n  \u001b[36m<body>\u001b[39m\n    \u001b[36m<div />\u001b[39m\n  \u001b[36m</body>\u001b[39m\n\u001b[36m</html>\u001b[39m\n    at isError (C:\\Users\\richl\\Care2system\\frontend\\__tests__\\hooks\\useProfile.test.tsx:76:31)\n    at runWithExpensiveErrorDiagnosticsDisabled (C:\\Users\\richl\\Care2system\\node_modules\\@testing-library\\react\\node_modules\\@testing-library\\dom\\dist\\config.js:47:12)\n    at checkCallback (C:\\Users\\richl\\Care2system\\node_modules\\@testing-library\\react\\node_modules\\@testing-library\\dom\\dist\\wait-for.js:124:77)\n    at checkRealTimersCallback (C:\\Users\\richl\\Care2system\\node_modules\\@testing-library\\react\\node_modules\\@testing-library\\dom\\dist\\wait-for.js:118:16)\n    at Timeout.task [as _onTimeout] (C:\\Users\\richl\\Care2system\\node_modules\\jsdom\\lib\\jsdom\\browser\\Window.js:520:19)\n    at listOnTimeout (node:internal/timers:605:17)\n    at processTimers (node:internal/timers:541:7)"
          ],
          "fullName": "useProfile hooks useProfile handles profile fetch error",
          "invocations": 1,
          "location": null,
          "numPassingAsserts": 0,
          "retryReasons": [],
          "status": "failed",
          "title": "handles profile fetch error"
        },
        {
          "ancestorTitles": ["useProfile hooks", "useProfile"],
          "duration": 1,
          "failureDetails": [],
          "failureMessages": [],
          "fullName": "useProfile hooks useProfile does not fetch when profileId is not provided",
          "invocations": 1,
          "location": null,
          "numPassingAsserts": 1,
          "retryReasons": [],
          "status": "passed",
          "title": "does not fetch when profileId is not provided"
        },
        {
          "ancestorTitles": ["useProfile hooks", "useCreateProfile"],
          "duration": 1,
          "failureDetails": [{}],
          "failureMessages": [
            "TypeError: Cannot read properties of undefined (reading 'mutate')\n    at Object.mutate (C:\\Users\\richl\\Care2system\\frontend\\__tests__\\hooks\\useProfile.test.tsx:115:22)\n    at Promise.then.completed (C:\\Users\\richl\\Care2system\\node_modules\\jest-circus\\build\\utils.js:298:28)\n    at new Promise (<anonymous>)\n    at callAsyncCircusFn (C:\\Users\\richl\\Care2system\\node_modules\\jest-circus\\build\\utils.js:231:10)\n    at _callCircusTest (C:\\Users\\richl\\Care2system\\node_modules\\jest-circus\\build\\run.js:316:40)\n    at runNextTicks (node:internal/process/task_queues:64:5)\n    at listOnTimeout (node:internal/timers:567:9)\n    at processTimers (node:internal/timers:541:7)\n    at _runTest (C:\\Users\\richl\\Care2system\\node_modules\\jest-circus\\build\\run.js:252:3)\n    at _runTestsForDescribeBlock (C:\\Users\\richl\\Care2system\\node_modules\\jest-circus\\build\\run.js:126:9)\n    at _runTestsForDescribeBlock (C:\\Users\\richl\\Care2system\\node_modules\\jest-circus\\build\\run.js:121:9)\n    at _runTestsForDescribeBlock (C:\\Users\\richl\\Care2system\\node_modules\\jest-circus\\build\\run.js:121:9)\n    at run (C:\\Users\\richl\\Care2system\\node_modules\\jest-circus\\build\\run.js:71:3)\n    at runAndTransformResultsToJestFormat (C:\\Users\\richl\\Care2system\\node_modules\\jest-circus\\build\\legacy-code-todo-rewrite\\jestAdapterInit.js:122:21)\n    at jestAdapter (C:\\Users\\richl\\Care2system\\node_modules\\jest-circus\\build\\legacy-code-todo-rewrite\\jestAdapter.js:79:19)\n    at runTestInternal (C:\\Users\\richl\\Care2system\\node_modules\\jest-runner\\build\\runTest.js:367:16)\n    at runTest (C:\\Users\\richl\\Care2system\\node_modules\\jest-runner\\build\\runTest.js:444:34)"
          ],
          "fullName": "useProfile hooks useCreateProfile creates profile successfully",
          "invocations": 1,
          "location": null,
          "numPassingAsserts": 0,
          "retryReasons": [],
          "status": "failed",
          "title": "creates profile successfully"
        },
        {
          "ancestorTitles": ["useProfile hooks", "useCreateProfile"],
          "duration": 1,
          "failureDetails": [{}],
          "failureMessages": [
            "TypeError: Cannot read properties of undefined (reading 'mutate')\n    at Object.mutate (C:\\Users\\richl\\Care2system\\frontend\\__tests__\\hooks\\useProfile.test.tsx:140:22)\n    at Promise.then.completed (C:\\Users\\richl\\Care2system\\node_modules\\jest-circus\\build\\utils.js:298:28)\n    at new Promise (<anonymous>)\n    at callAsyncCircusFn (C:\\Users\\richl\\Care2system\\node_modules\\jest-circus\\build\\utils.js:231:10)\n    at _callCircusTest (C:\\Users\\richl\\Care2system\\node_modules\\jest-circus\\build\\run.js:316:40)\n    at runNextTicks (node:internal/process/task_queues:64:5)\n    at listOnTimeout (node:internal/timers:567:9)\n    at processTimers (node:internal/timers:541:7)\n    at _runTest (C:\\Users\\richl\\Care2system\\node_modules\\jest-circus\\build\\run.js:252:3)\n    at _runTestsForDescribeBlock (C:\\Users\\richl\\Care2system\\node_modules\\jest-circus\\build\\run.js:126:9)\n    at _runTestsForDescribeBlock (C:\\Users\\richl\\Care2system\\node_modules\\jest-circus\\build\\run.js:121:9)\n    at _runTestsForDescribeBlock (C:\\Users\\richl\\Care2system\\node_modules\\jest-circus\\build\\run.js:121:9)\n    at run (C:\\Users\\richl\\Care2system\\node_modules\\jest-circus\\build\\run.js:71:3)\n    at runAndTransformResultsToJestFormat (C:\\Users\\richl\\Care2system\\node_modules\\jest-circus\\build\\legacy-code-todo-rewrite\\jestAdapterInit.js:122:21)\n    at jestAdapter (C:\\Users\\richl\\Care2system\\node_modules\\jest-circus\\build\\legacy-code-todo-rewrite\\jestAdapter.js:79:19)\n    at runTestInternal (C:\\Users\\richl\\Care2system\\node_modules\\jest-runner\\build\\runTest.js:367:16)\n    at runTest (C:\\Users\\richl\\Care2system\\node_modules\\jest-runner\\build\\runTest.js:444:34)"
          ],
          "fullName": "useProfile hooks useCreateProfile handles profile creation error",
          "invocations": 1,
          "location": null,
          "numPassingAsserts": 0,
          "retryReasons": [],
          "status": "failed",
          "title": "handles profile creation error"
        },
        {
          "ancestorTitles": ["useProfile hooks", "useUpdateProfile"],
          "duration": 1,
          "failureDetails": [{}],
          "failureMessages": [
            "TypeError: Cannot read properties of undefined (reading 'mutate')\n    at Object.mutate (C:\\Users\\richl\\Care2system\\frontend\\__tests__\\hooks\\useProfile.test.tsx:174:22)\n    at Promise.then.completed (C:\\Users\\richl\\Care2system\\node_modules\\jest-circus\\build\\utils.js:298:28)\n    at new Promise (<anonymous>)\n    at callAsyncCircusFn (C:\\Users\\richl\\Care2system\\node_modules\\jest-circus\\build\\utils.js:231:10)\n    at _callCircusTest (C:\\Users\\richl\\Care2system\\node_modules\\jest-circus\\build\\run.js:316:40)\n    at runNextTicks (node:internal/process/task_queues:64:5)\n    at listOnTimeout (node:internal/timers:567:9)\n    at processTimers (node:internal/timers:541:7)\n    at _runTest (C:\\Users\\richl\\Care2system\\node_modules\\jest-circus\\build\\run.js:252:3)\n    at _runTestsForDescribeBlock (C:\\Users\\richl\\Care2system\\node_modules\\jest-circus\\build\\run.js:126:9)\n    at _runTestsForDescribeBlock (C:\\Users\\richl\\Care2system\\node_modules\\jest-circus\\build\\run.js:121:9)\n    at _runTestsForDescribeBlock (C:\\Users\\richl\\Care2system\\node_modules\\jest-circus\\build\\run.js:121:9)\n    at run (C:\\Users\\richl\\Care2system\\node_modules\\jest-circus\\build\\run.js:71:3)\n    at runAndTransformResultsToJestFormat (C:\\Users\\richl\\Care2system\\node_modules\\jest-circus\\build\\legacy-code-todo-rewrite\\jestAdapterInit.js:122:21)\n    at jestAdapter (C:\\Users\\richl\\Care2system\\node_modules\\jest-circus\\build\\legacy-code-todo-rewrite\\jestAdapter.js:79:19)\n    at runTestInternal (C:\\Users\\richl\\Care2system\\node_modules\\jest-runner\\build\\runTest.js:367:16)\n    at runTest (C:\\Users\\richl\\Care2system\\node_modules\\jest-runner\\build\\runTest.js:444:34)"
          ],
          "fullName": "useProfile hooks useUpdateProfile updates profile successfully",
          "invocations": 1,
          "location": null,
          "numPassingAsserts": 0,
          "retryReasons": [],
          "status": "failed",
          "title": "updates profile successfully"
        },
        {
          "ancestorTitles": ["useProfile hooks", "useUpdateProfile"],
          "duration": 1,
          "failureDetails": [{}],
          "failureMessages": [
            "TypeError: Cannot read properties of undefined (reading 'mutate')\n    at Object.mutate (C:\\Users\\richl\\Care2system\\frontend\\__tests__\\hooks\\useProfile.test.tsx:198:22)\n    at Promise.then.completed (C:\\Users\\richl\\Care2system\\node_modules\\jest-circus\\build\\utils.js:298:28)\n    at new Promise (<anonymous>)\n    at callAsyncCircusFn (C:\\Users\\richl\\Care2system\\node_modules\\jest-circus\\build\\utils.js:231:10)\n    at _callCircusTest (C:\\Users\\richl\\Care2system\\node_modules\\jest-circus\\build\\run.js:316:40)\n    at runNextTicks (node:internal/process/task_queues:64:5)\n    at listOnTimeout (node:internal/timers:567:9)\n    at processTimers (node:internal/timers:541:7)\n    at _runTest (C:\\Users\\richl\\Care2system\\node_modules\\jest-circus\\build\\run.js:252:3)\n    at _runTestsForDescribeBlock (C:\\Users\\richl\\Care2system\\node_modules\\jest-circus\\build\\run.js:126:9)\n    at _runTestsForDescribeBlock (C:\\Users\\richl\\Care2system\\node_modules\\jest-circus\\build\\run.js:121:9)\n    at _runTestsForDescribeBlock (C:\\Users\\richl\\Care2system\\node_modules\\jest-circus\\build\\run.js:121:9)\n    at run (C:\\Users\\richl\\Care2system\\node_modules\\jest-circus\\build\\run.js:71:3)\n    at runAndTransformResultsToJestFormat (C:\\Users\\richl\\Care2system\\node_modules\\jest-circus\\build\\legacy-code-todo-rewrite\\jestAdapterInit.js:122:21)\n    at jestAdapter (C:\\Users\\richl\\Care2system\\node_modules\\jest-circus\\build\\legacy-code-todo-rewrite\\jestAdapter.js:79:19)\n    at runTestInternal (C:\\Users\\richl\\Care2system\\node_modules\\jest-runner\\build\\runTest.js:367:16)\n    at runTest (C:\\Users\\richl\\Care2system\\node_modules\\jest-runner\\build\\runTest.js:444:34)"
          ],
          "fullName": "useProfile hooks useUpdateProfile handles profile update error",
          "invocations": 1,
          "location": null,
          "numPassingAsserts": 0,
          "retryReasons": [],
          "status": "failed",
          "title": "handles profile update error"
        }
      ],
      "endTime": 1765718033871,
      "message": "\u001b[1m\u001b[31m  \u001b[1m● \u001b[22m\u001b[1museProfile hooks › useProfile › fetches profile data successfully\u001b[39m\u001b[22m\n\n    TypeError: Cannot read properties of undefined (reading 'isSuccess')\n\n    Ignored nodes: comments, script, style\n    \u001b[36m<html>\u001b[39m\n      \u001b[36m<head />\u001b[39m\n      \u001b[36m<body>\u001b[39m\n        \u001b[36m<div />\u001b[39m\n      \u001b[36m</body>\u001b[39m\n    \u001b[36m</html>\u001b[39m\n\u001b[2m\u001b[22m\n\u001b[2m    \u001b[0m \u001b[90m 58 |\u001b[39m\u001b[22m\n\u001b[2m     \u001b[90m 59 |\u001b[39m       \u001b[36mawait\u001b[39m waitFor(() \u001b[33m=>\u001b[39m {\u001b[22m\n\u001b[2m    \u001b[31m\u001b[1m>\u001b[22m\u001b[2m\u001b[39m\u001b[90m 60 |\u001b[39m         expect(result\u001b[33m.\u001b[39mcurrent\u001b[33m.\u001b[39misSuccess)\u001b[33m.\u001b[39mtoBe(\u001b[36mtrue\u001b[39m)\u001b[22m\n\u001b[2m     \u001b[90m    |\u001b[39m                               \u001b[31m\u001b[1m^\u001b[22m\u001b[2m\u001b[39m\u001b[22m\n\u001b[2m     \u001b[90m 61 |\u001b[39m       })\u001b[22m\n\u001b[2m     \u001b[90m 62 |\u001b[39m\u001b[22m\n\u001b[2m     \u001b[90m 63 |\u001b[39m       expect(result\u001b[33m.\u001b[39mcurrent\u001b[33m.\u001b[39mdata)\u001b[33m.\u001b[39mtoEqual({ data\u001b[33m:\u001b[39m mockProfile })\u001b[0m\u001b[22m\n\u001b[2m\u001b[22m\n\u001b[2m      \u001b[2mat isSuccess (\u001b[22m\u001b[2m\u001b[0m\u001b[36m__tests__/hooks/useProfile.test.tsx\u001b[39m\u001b[0m\u001b[2m:60:31)\u001b[22m\u001b[2m\u001b[22m\n\u001b[2m      \u001b[2mat runWithExpensiveErrorDiagnosticsDisabled (\u001b[22m\u001b[2m../node_modules/@testing-library/react/node_modules/@testing-library/dom/dist/config.js\u001b[2m:47:12)\u001b[22m\u001b[2m\u001b[22m\n\u001b[2m      \u001b[2mat checkCallback (\u001b[22m\u001b[2m../node_modules/@testing-library/react/node_modules/@testing-library/dom/dist/wait-for.js\u001b[2m:124:77)\u001b[22m\u001b[2m\u001b[22m\n\u001b[2m      \u001b[2mat checkRealTimersCallback (\u001b[22m\u001b[2m../node_modules/@testing-library/react/node_modules/@testing-library/dom/dist/wait-for.js\u001b[2m:118:16)\u001b[22m\u001b[2m\u001b[22m\n\u001b[2m      \u001b[2mat Timeout.task [as _onTimeout] (\u001b[22m\u001b[2m../node_modules/jsdom/lib/jsdom/browser/Window.js\u001b[2m:520:19)\u001b[22m\u001b[2m\u001b[22m\n\n\u001b[1m\u001b[31m  \u001b[1m● \u001b[22m\u001b[1museProfile hooks › useProfile › handles profile fetch error\u001b[39m\u001b[22m\n\n    TypeError: Cannot read properties of undefined (reading 'isError')\n\n    Ignored nodes: comments, script, style\n    \u001b[36m<html>\u001b[39m\n      \u001b[36m<head />\u001b[39m\n      \u001b[36m<body>\u001b[39m\n        \u001b[36m<div />\u001b[39m\n      \u001b[36m</body>\u001b[39m\n    \u001b[36m</html>\u001b[39m\n\u001b[2m\u001b[22m\n\u001b[2m    \u001b[0m \u001b[90m 74 |\u001b[39m\u001b[22m\n\u001b[2m     \u001b[90m 75 |\u001b[39m       \u001b[36mawait\u001b[39m waitFor(() \u001b[33m=>\u001b[39m {\u001b[22m\n\u001b[2m    \u001b[31m\u001b[1m>\u001b[22m\u001b[2m\u001b[39m\u001b[90m 76 |\u001b[39m         expect(result\u001b[33m.\u001b[39mcurrent\u001b[33m.\u001b[39misError)\u001b[33m.\u001b[39mtoBe(\u001b[36mtrue\u001b[39m)\u001b[22m\n\u001b[2m     \u001b[90m    |\u001b[39m                               \u001b[31m\u001b[1m^\u001b[22m\u001b[2m\u001b[39m\u001b[22m\n\u001b[2m     \u001b[90m 77 |\u001b[39m       })\u001b[22m\n\u001b[2m     \u001b[90m 78 |\u001b[39m\u001b[22m\n\u001b[2m     \u001b[90m 79 |\u001b[39m       expect(result\u001b[33m.\u001b[39mcurrent\u001b[33m.\u001b[39merror)\u001b[33m.\u001b[39mtoBe(mockError)\u001b[0m\u001b[22m\n\u001b[2m\u001b[22m\n\u001b[2m      \u001b[2mat isError (\u001b[22m\u001b[2m\u001b[0m\u001b[36m__tests__/hooks/useProfile.test.tsx\u001b[39m\u001b[0m\u001b[2m:76:31)\u001b[22m\u001b[2m\u001b[22m\n\u001b[2m      \u001b[2mat runWithExpensiveErrorDiagnosticsDisabled (\u001b[22m\u001b[2m../node_modules/@testing-library/react/node_modules/@testing-library/dom/dist/config.js\u001b[2m:47:12)\u001b[22m\u001b[2m\u001b[22m\n\u001b[2m      \u001b[2mat checkCallback (\u001b[22m\u001b[2m../node_modules/@testing-library/react/node_modules/@testing-library/dom/dist/wait-for.js\u001b[2m:124:77)\u001b[22m\u001b[2m\u001b[22m\n\u001b[2m      \u001b[2mat checkRealTimersCallback (\u001b[22m\u001b[2m../node_modules/@testing-library/react/node_modules/@testing-library/dom/dist/wait-for.js\u001b[2m:118:16)\u001b[22m\u001b[2m\u001b[22m\n\u001b[2m      \u001b[2mat Timeout.task [as _onTimeout] (\u001b[22m\u001b[2m../node_modules/jsdom/lib/jsdom/browser/Window.js\u001b[2m:520:19)\u001b[22m\u001b[2m\u001b[22m\n\n\u001b[1m\u001b[31m  \u001b[1m● \u001b[22m\u001b[1museProfile hooks › useCreateProfile › creates profile successfully\u001b[39m\u001b[22m\n\n    TypeError: Cannot read properties of undefined (reading 'mutate')\n\u001b[2m\u001b[22m\n\u001b[2m    \u001b[0m \u001b[90m 113 |\u001b[39m       }\u001b[22m\n\u001b[2m     \u001b[90m 114 |\u001b[39m\u001b[22m\n\u001b[2m    \u001b[31m\u001b[1m>\u001b[22m\u001b[2m\u001b[39m\u001b[90m 115 |\u001b[39m       result\u001b[33m.\u001b[39mcurrent\u001b[33m.\u001b[39mmutate(createData)\u001b[22m\n\u001b[2m     \u001b[90m     |\u001b[39m                      \u001b[31m\u001b[1m^\u001b[22m\u001b[2m\u001b[39m\u001b[22m\n\u001b[2m     \u001b[90m 116 |\u001b[39m\u001b[22m\n\u001b[2m     \u001b[90m 117 |\u001b[39m       \u001b[36mawait\u001b[39m waitFor(() \u001b[33m=>\u001b[39m {\u001b[22m\n\u001b[2m     \u001b[90m 118 |\u001b[39m         expect(result\u001b[33m.\u001b[39mcurrent\u001b[33m.\u001b[39misSuccess)\u001b[33m.\u001b[39mtoBe(\u001b[36mtrue\u001b[39m)\u001b[0m\u001b[22m\n\u001b[2m\u001b[22m\n\u001b[2m      \u001b[2mat Object.mutate (\u001b[22m\u001b[2m\u001b[0m\u001b[36m__tests__/hooks/useProfile.test.tsx\u001b[39m\u001b[0m\u001b[2m:115:22)\u001b[22m\u001b[2m\u001b[22m\n\n\u001b[1m\u001b[31m  \u001b[1m● \u001b[22m\u001b[1museProfile hooks › useCreateProfile › handles profile creation error\u001b[39m\u001b[22m\n\n    TypeError: Cannot read properties of undefined (reading 'mutate')\n\u001b[2m\u001b[22m\n\u001b[2m    \u001b[0m \u001b[90m 138 |\u001b[39m       }\u001b[22m\n\u001b[2m     \u001b[90m 139 |\u001b[39m\u001b[22m\n\u001b[2m    \u001b[31m\u001b[1m>\u001b[22m\u001b[2m\u001b[39m\u001b[90m 140 |\u001b[39m       result\u001b[33m.\u001b[39mcurrent\u001b[33m.\u001b[39mmutate(createData)\u001b[22m\n\u001b[2m     \u001b[90m     |\u001b[39m                      \u001b[31m\u001b[1m^\u001b[22m\u001b[2m\u001b[39m\u001b[22m\n\u001b[2m     \u001b[90m 141 |\u001b[39m\u001b[22m\n\u001b[2m     \u001b[90m 142 |\u001b[39m       \u001b[36mawait\u001b[39m waitFor(() \u001b[33m=>\u001b[39m {\u001b[22m\n\u001b[2m     \u001b[90m 143 |\u001b[39m         expect(result\u001b[33m.\u001b[39mcurrent\u001b[33m.\u001b[39misError)\u001b[33m.\u001b[39mtoBe(\u001b[36mtrue\u001b[39m)\u001b[0m\u001b[22m\n\u001b[2m\u001b[22m\n\u001b[2m      \u001b[2mat Object.mutate (\u001b[22m\u001b[2m\u001b[0m\u001b[36m__tests__/hooks/useProfile.test.tsx\u001b[39m\u001b[0m\u001b[2m:140:22)\u001b[22m\u001b[2m\u001b[22m\n\n\u001b[1m\u001b[31m  \u001b[1m● \u001b[22m\u001b[1museProfile hooks › useUpdateProfile › updates profile successfully\u001b[39m\u001b[22m\n\n    TypeError: Cannot read properties of undefined (reading 'mutate')\n\u001b[2m\u001b[22m\n\u001b[2m    \u001b[0m \u001b[90m 172 |\u001b[39m       }\u001b[22m\n\u001b[2m     \u001b[90m 173 |\u001b[39m\u001b[22m\n\u001b[2m    \u001b[31m\u001b[1m>\u001b[22m\u001b[2m\u001b[39m\u001b[90m 174 |\u001b[39m       result\u001b[33m.\u001b[39mcurrent\u001b[33m.\u001b[39mmutate(updateData)\u001b[22m\n\u001b[2m     \u001b[90m     |\u001b[39m                      \u001b[31m\u001b[1m^\u001b[22m\u001b[2m\u001b[39m\u001b[22m\n\u001b[2m     \u001b[90m 175 |\u001b[39m\u001b[22m\n\u001b[2m     \u001b[90m 176 |\u001b[39m       \u001b[36mawait\u001b[39m waitFor(() \u001b[33m=>\u001b[39m {\u001b[22m\n\u001b[2m     \u001b[90m 177 |\u001b[39m         expect(result\u001b[33m.\u001b[39mcurrent\u001b[33m.\u001b[39misSuccess)\u001b[33m.\u001b[39mtoBe(\u001b[36mtrue\u001b[39m)\u001b[0m\u001b[22m\n\u001b[2m\u001b[22m\n\u001b[2m      \u001b[2mat Object.mutate (\u001b[22m\u001b[2m\u001b[0m\u001b[36m__tests__/hooks/useProfile.test.tsx\u001b[39m\u001b[0m\u001b[2m:174:22)\u001b[22m\u001b[2m\u001b[22m\n\n\u001b[1m\u001b[31m  \u001b[1m● \u001b[22m\u001b[1museProfile hooks › useUpdateProfile › handles profile update error\u001b[39m\u001b[22m\n\n    TypeError: Cannot read properties of undefined (reading 'mutate')\n\u001b[2m\u001b[22m\n\u001b[2m    \u001b[0m \u001b[90m 196 |\u001b[39m       }\u001b[22m\n\u001b[2m     \u001b[90m 197 |\u001b[39m\u001b[22m\n\u001b[2m    \u001b[31m\u001b[1m>\u001b[22m\u001b[2m\u001b[39m\u001b[90m 198 |\u001b[39m       result\u001b[33m.\u001b[39mcurrent\u001b[33m.\u001b[39mmutate(updateData)\u001b[22m\n\u001b[2m     \u001b[90m     |\u001b[39m                      \u001b[31m\u001b[1m^\u001b[22m\u001b[2m\u001b[39m\u001b[22m\n\u001b[2m     \u001b[90m 199 |\u001b[39m\u001b[22m\n\u001b[2m     \u001b[90m 200 |\u001b[39m       \u001b[36mawait\u001b[39m waitFor(() \u001b[33m=>\u001b[39m {\u001b[22m\n\u001b[2m     \u001b[90m 201 |\u001b[39m         expect(result\u001b[33m.\u001b[39mcurrent\u001b[33m.\u001b[39misError)\u001b[33m.\u001b[39mtoBe(\u001b[36mtrue\u001b[39m)\u001b[0m\u001b[22m\n\u001b[2m\u001b[22m\n\u001b[2m      \u001b[2mat Object.mutate (\u001b[22m\u001b[2m\u001b[0m\u001b[36m__tests__/hooks/useProfile.test.tsx\u001b[39m\u001b[0m\u001b[2m:198:22)\u001b[22m\u001b[2m\u001b[22m\n",
      "name": "C:\\Users\\richl\\Care2system\\frontend\\__tests__\\hooks\\useProfile.test.tsx",
      "startTime": 1765718031725,
      "status": "failed",
      "summary": ""
    },
    {
      "assertionResults": [
        {
          "ancestorTitles": ["Word Export - GoFundMeDraftStep"],
          "duration": 1,
          "failureDetails": [{}],
          "failureMessages": [
            "TypeError: jest.fn(...).resolvedValue is not a function\n    at Object.resolvedValue (C:\\Users\\richl\\Care2system\\frontend\\__tests__\\funding-wizard\\word-export.test.tsx:53:23)\n    at Promise.then.completed (C:\\Users\\richl\\Care2system\\node_modules\\jest-circus\\build\\utils.js:298:28)\n    at new Promise (<anonymous>)\n    at callAsyncCircusFn (C:\\Users\\richl\\Care2system\\node_modules\\jest-circus\\build\\utils.js:231:10)\n    at _callCircusTest (C:\\Users\\richl\\Care2system\\node_modules\\jest-circus\\build\\run.js:316:40)\n    at _runTest (C:\\Users\\richl\\Care2system\\node_modules\\jest-circus\\build\\run.js:252:3)\n    at _runTestsForDescribeBlock (C:\\Users\\richl\\Care2system\\node_modules\\jest-circus\\build\\run.js:126:9)\n    at _runTestsForDescribeBlock (C:\\Users\\richl\\Care2system\\node_modules\\jest-circus\\build\\run.js:121:9)\n    at run (C:\\Users\\richl\\Care2system\\node_modules\\jest-circus\\build\\run.js:71:3)\n    at runAndTransformResultsToJestFormat (C:\\Users\\richl\\Care2system\\node_modules\\jest-circus\\build\\legacy-code-todo-rewrite\\jestAdapterInit.js:122:21)\n    at jestAdapter (C:\\Users\\richl\\Care2system\\node_modules\\jest-circus\\build\\legacy-code-todo-rewrite\\jestAdapter.js:79:19)\n    at runTestInternal (C:\\Users\\richl\\Care2system\\node_modules\\jest-runner\\build\\runTest.js:367:16)\n    at runTest (C:\\Users\\richl\\Care2system\\node_modules\\jest-runner\\build\\runTest.js:444:34)"
          ],
          "fullName": "Word Export - GoFundMeDraftStep downloads Word document when button clicked",
          "invocations": 1,
          "location": null,
          "numPassingAsserts": 0,
          "retryReasons": [],
          "status": "failed",
          "title": "downloads Word document when button clicked"
        },
        {
          "ancestorTitles": ["Word Export - GoFundMeDraftStep"],
          "duration": 332,
          "failureDetails": [{ "name": "TestingLibraryElementError" }],
          "failureMessages": [
            "TestingLibraryElementError: Unable to find an accessible element with the role \"button\" and name `/download.*word/i`\n\nHere are the accessible roles:\n\n  heading:\n\n  Name \"Prepare GoFundMe Draft\":\n  \u001b[36m<h2\u001b[39m\n    \u001b[33mclass\u001b[39m=\u001b[32m\"text-xl font-semibold text-gray-900 mb-2\"\u001b[39m\n  \u001b[36m/>\u001b[39m\n\n  Name \"Suggested Cover Media Checklist (Optional)\":\n  \u001b[36m<h3\u001b[39m\n    \u001b[33mclass\u001b[39m=\u001b[32m\"text-sm font-semibold text-gray-900 mb-3\"\u001b[39m\n  \u001b[36m/>\u001b[39m\n\n  Name \"Download as Word Document (.docx)\":\n  \u001b[36m<h3\u001b[39m\n    \u001b[33mclass\u001b[39m=\u001b[32m\"text-sm font-semibold text-gray-900 mb-1\"\u001b[39m\n  \u001b[36m/>\u001b[39m\n\n  --------------------------------------------------\n  button:\n\n  Name \"Edit\":\n  \u001b[36m<button\u001b[39m\n    \u001b[33mclass\u001b[39m=\u001b[32m\"text-blue-600 hover:text-blue-700 text-sm flex items-center\"\u001b[39m\n    \u001b[33mtitle\u001b[39m=\u001b[32m\"Edit\"\u001b[39m\n  \u001b[36m/>\u001b[39m\n\n  Name \"Copy\":\n  \u001b[36m<button\u001b[39m\n    \u001b[33mclass\u001b[39m=\u001b[32m\"text-green-600 hover:text-green-700 text-sm flex items-center\"\u001b[39m\n    \u001b[33mtitle\u001b[39m=\u001b[32m\"Copy\"\u001b[39m\n  \u001b[36m/>\u001b[39m\n\n  Name \"Edit\":\n  \u001b[36m<button\u001b[39m\n    \u001b[33mclass\u001b[39m=\u001b[32m\"text-blue-600 hover:text-blue-700 text-sm flex items-center\"\u001b[39m\n    \u001b[33mtitle\u001b[39m=\u001b[32m\"Edit\"\u001b[39m\n  \u001b[36m/>\u001b[39m\n\n  Name \"Copy\":\n  \u001b[36m<button\u001b[39m\n    \u001b[33mclass\u001b[39m=\u001b[32m\"text-green-600 hover:text-green-700 text-sm flex items-center\"\u001b[39m\n    \u001b[33mtitle\u001b[39m=\u001b[32m\"Copy\"\u001b[39m\n  \u001b[36m/>\u001b[39m\n\n  Name \"Edit\":\n  \u001b[36m<button\u001b[39m\n    \u001b[33mclass\u001b[39m=\u001b[32m\"text-blue-600 hover:text-blue-700 text-sm flex items-center\"\u001b[39m\n    \u001b[33mtitle\u001b[39m=\u001b[32m\"Edit\"\u001b[39m\n  \u001b[36m/>\u001b[39m\n\n  Name \"Copy\":\n  \u001b[36m<button\u001b[39m\n    \u001b[33mclass\u001b[39m=\u001b[32m\"text-green-600 hover:text-green-700 text-sm flex items-center\"\u001b[39m\n    \u001b[33mtitle\u001b[39m=\u001b[32m\"Copy\"\u001b[39m\n  \u001b[36m/>\u001b[39m\n\n  Name \"Edit\":\n  \u001b[36m<button\u001b[39m\n    \u001b[33mclass\u001b[39m=\u001b[32m\"text-blue-600 hover:text-blue-700 text-sm flex items-center\"\u001b[39m\n    \u001b[33mtitle\u001b[39m=\u001b[32m\"Edit\"\u001b[39m\n  \u001b[36m/>\u001b[39m\n\n  Name \"Copy\":\n  \u001b[36m<button\u001b[39m\n    \u001b[33mclass\u001b[39m=\u001b[32m\"text-green-600 hover:text-green-700 text-sm flex items-center\"\u001b[39m\n    \u001b[33mtitle\u001b[39m=\u001b[32m\"Copy\"\u001b[39m\n  \u001b[36m/>\u001b[39m\n\n  Name \"Edit\":\n  \u001b[36m<button\u001b[39m\n    \u001b[33mclass\u001b[39m=\u001b[32m\"text-blue-600 hover:text-blue-700 text-sm flex items-center\"\u001b[39m\n    \u001b[33mtitle\u001b[39m=\u001b[32m\"Edit\"\u001b[39m\n  \u001b[36m/>\u001b[39m\n\n  Name \"Copy\":\n  \u001b[36m<button\u001b[39m\n    \u001b[33mclass\u001b[39m=\u001b[32m\"text-green-600 hover:text-green-700 text-sm flex items-center\"\u001b[39m\n    \u001b[33mtitle\u001b[39m=\u001b[32m\"Copy\"\u001b[39m\n  \u001b[36m/>\u001b[39m\n\n  Name \"Edit\":\n  \u001b[36m<button\u001b[39m\n    \u001b[33mclass\u001b[39m=\u001b[32m\"text-blue-600 hover:text-blue-700 text-sm flex items-center\"\u001b[39m\n    \u001b[33mtitle\u001b[39m=\u001b[32m\"Edit\"\u001b[39m\n  \u001b[36m/>\u001b[39m\n\n  Name \"Copy\":\n  \u001b[36m<button\u001b[39m\n    \u001b[33mclass\u001b[39m=\u001b[32m\"text-green-600 hover:text-green-700 text-sm flex items-center\"\u001b[39m\n    \u001b[33mtitle\u001b[39m=\u001b[32m\"Copy\"\u001b[39m\n  \u001b[36m/>\u001b[39m\n\n  Name \"Edit\":\n  \u001b[36m<button\u001b[39m\n    \u001b[33mclass\u001b[39m=\u001b[32m\"text-blue-600 hover:text-blue-700 text-sm flex items-center\"\u001b[39m\n    \u001b[33mtitle\u001b[39m=\u001b[32m\"Edit\"\u001b[39m\n  \u001b[36m/>\u001b[39m\n\n  Name \"Copy\":\n  \u001b[36m<button\u001b[39m\n    \u001b[33mclass\u001b[39m=\u001b[32m\"text-green-600 hover:text-green-700 text-sm flex items-center\"\u001b[39m\n    \u001b[33mtitle\u001b[39m=\u001b[32m\"Copy\"\u001b[39m\n  \u001b[36m/>\u001b[39m\n\n  Name \"Download .docx\":\n  \u001b[36m<button\u001b[39m\n    \u001b[33mclass\u001b[39m=\u001b[32m\"ml-4 px-6 py-3 bg-green-600 text-white rounded-lg hover:bg-green-700 font-medium flex items-center disabled:opacity-50 disabled:cursor-not-allowed whitespace-nowrap\"\u001b[39m\n  \u001b[36m/>\u001b[39m\n\n  Name \"Need help?\":\n  \u001b[36m<button\u001b[39m\n    \u001b[33mclass\u001b[39m=\u001b[32m\"text-blue-600 hover:text-blue-700 text-sm font-medium\"\u001b[39m\n    \u001b[33mtype\u001b[39m=\u001b[32m\"button\"\u001b[39m\n  \u001b[36m/>\u001b[39m\n\n  Name \"Back\":\n  \u001b[36m<button\u001b[39m\n    \u001b[33mclass\u001b[39m=\u001b[32m\"px-6 py-2 border border-gray-300 text-gray-700 rounded-lg hover:bg-gray-50 font-medium\"\u001b[39m\n    \u001b[33mtype\u001b[39m=\u001b[32m\"button\"\u001b[39m\n  \u001b[36m/>\u001b[39m\n\n  Name \"Next: GoFundMe Wizard\":\n  \u001b[36m<button\u001b[39m\n    \u001b[33mclass\u001b[39m=\u001b[32m\"px-6 py-2 bg-blue-600 text-white rounded-lg hover:bg-blue-700 font-medium flex items-center\"\u001b[39m\n  \u001b[36m/>\u001b[39m\n\n  --------------------------------------------------\n  list:\n\n  Name \"\":\n  \u001b[36m<ul\u001b[39m\n    \u001b[33mclass\u001b[39m=\u001b[32m\"space-y-2 text-sm text-gray-700\"\u001b[39m\n  \u001b[36m/>\u001b[39m\n\n  --------------------------------------------------\n  listitem:\n\n  Name \"\":\n  \u001b[36m<li\u001b[39m\n    \u001b[33mclass\u001b[39m=\u001b[32m\"flex items-start\"\u001b[39m\n  \u001b[36m/>\u001b[39m\n\n  Name \"\":\n  \u001b[36m<li\u001b[39m\n    \u001b[33mclass\u001b[39m=\u001b[32m\"flex items-start\"\u001b[39m\n  \u001b[36m/>\u001b[39m\n\n  Name \"\":\n  \u001b[36m<li\u001b[39m\n    \u001b[33mclass\u001b[39m=\u001b[32m\"flex items-start\"\u001b[39m\n  \u001b[36m/>\u001b[39m\n\n  Name \"\":\n  \u001b[36m<li\u001b[39m\n    \u001b[33mclass\u001b[39m=\u001b[32m\"flex items-start\"\u001b[39m\n  \u001b[36m/>\u001b[39m\n\n  --------------------------------------------------\n  link:\n\n  Name \"gofundme.com/c/start\":\n  \u001b[36m<a\u001b[39m\n    \u001b[33mclass\u001b[39m=\u001b[32m\"text-yellow-900 underline ml-1\"\u001b[39m\n    \u001b[33mhref\u001b[39m=\u001b[32m\"https://www.gofundme.com/c/start\"\u001b[39m\n    \u001b[33mrel\u001b[39m=\u001b[32m\"noopener noreferrer\"\u001b[39m\n    \u001b[33mtarget\u001b[39m=\u001b[32m\"_blank\"\u001b[39m\n  \u001b[36m/>\u001b[39m\n\n  --------------------------------------------------\n\nIgnored nodes: comments, script, style\n\u001b[36m<body>\u001b[39m\n  \u001b[36m<div>\u001b[39m\n    \u001b[36m<div\u001b[39m\n      \u001b[33mclass\u001b[39m=\u001b[32m\"space-y-6\"\u001b[39m\n    \u001b[36m>\u001b[39m\n      \u001b[36m<div>\u001b[39m\n        \u001b[36m<h2\u001b[39m\n          \u001b[33mclass\u001b[39m=\u001b[32m\"text-xl font-semibold text-gray-900 mb-2\"\u001b[39m\n        \u001b[36m>\u001b[39m\n          \u001b[0mPrepare GoFundMe Draft\u001b[0m\n        \u001b[36m</h2>\u001b[39m\n        \u001b[36m<p\u001b[39m\n          \u001b[33mclass\u001b[39m=\u001b[32m\"text-gray-600\"\u001b[39m\n        \u001b[36m>\u001b[39m\n          \u001b[0mReview and edit the auto-generated content below. You can copy each field directly into GoFundMe's website.\u001b[0m\n        \u001b[36m</p>\u001b[39m\n      \u001b[36m</div>\u001b[39m\n      \u001b[36m<div\u001b[39m\n        \u001b[33mclass\u001b[39m=\u001b[32m\"bg-blue-50 border border-blue-200 rounded-lg p-4\"\u001b[39m\n      \u001b[36m>\u001b[39m\n        \u001b[36m<div\u001b[39m\n          \u001b[33mclass\u001b[39m=\u001b[32m\"flex items-start\"\u001b[39m\n        \u001b[36m>\u001b[39m\n          \u001b[36m<svg\u001b[39m\n            \u001b[33mclass\u001b[39m=\u001b[32m\"lucide lucide-pen-line w-5 h-5 text-blue-600 mr-3 flex-shrink-0 mt-0.5\"\u001b[39m\n            \u001b[33mfill\u001b[39m=\u001b[32m\"none\"\u001b[39m\n            \u001b[33mheight\u001b[39m=\u001b[32m\"24\"\u001b[39m\n            \u001b[33mstroke\u001b[39m=\u001b[32m\"currentColor\"\u001b[39m\n            \u001b[33mstroke-linecap\u001b[39m=\u001b[32m\"round\"\u001b[39m\n            \u001b[33mstroke-linejoin\u001b[39m=\u001b[32m\"round\"\u001b[39m\n            \u001b[33mstroke-width\u001b[39m=\u001b[32m\"2\"\u001b[39m\n            \u001b[33mviewBox\u001b[39m=\u001b[32m\"0 0 24 24\"\u001b[39m\n            \u001b[33mwidth\u001b[39m=\u001b[32m\"24\"\u001b[39m\n            \u001b[33mxmlns\u001b[39m=\u001b[32m\"http://www.w3.org/2000/svg\"\u001b[39m\n          \u001b[36m>\u001b[39m\n            \u001b[36m<path\u001b[39m\n              \u001b[33md\u001b[39m=\u001b[32m\"M12 20h9\"\u001b[39m\n            \u001b[36m/>\u001b[39m\n            \u001b[36m<path\u001b[39m\n              \u001b[33md\u001b[39m=\u001b[32m\"M16.5 3.5a2.12 2.12 0 0 1 3 3L7 19l-4 1 1-4Z\"\u001b[39m\n            \u001b[36m/>\u001b[39m\n          \u001b[36m</svg>\u001b[39m\n          \u001b[36m<div\u001b[39m\n            \u001b[33mclass\u001b[39m=\u001b[32m\"text-sm text-blue-800\"\u001b[39m\n          \u001b[36m>\u001b[39m\n            \u001b[36m<p\u001b[39m\n              \u001b[33mclass\u001b[39m=\u001b[32m\"font-medium mb-1\"\u001b[39m\n            \u001b[36m>\u001b[39m\n              \u001b[0mYou can edit anything!\u001b[0m\n            \u001b[36m</p>\u001b[39m\n            \u001b[36m<p>\u001b[39m\n              \u001b[0mClick the \"Edit\" button next to any field to customize the text. Changes are saved automatically.\u001b[0m\n            \u001b[36m</p>\u001b[39m\n          \u001b[36m</div>\u001b[39m\n        \u001b[36m</div>\u001b[39m\n      \u001b[36m</div>\u001b[39m\n      \u001b[36m<div\u001b[39m\n        \u001b[33mclass\u001b[39m=\u001b[32m\"space-y-4\"\u001b[39m\n      \u001b[36m>\u001b[39m\n        \u001b[36m<div\u001b[39m\n          \u001b[33mclass\u001b[39m=\u001b[32m\"bg-white border border-gray-300 rounded-lg p-4\"\u001b[39m\n        \u001b[36m>\u001b[39m\n          \u001b[36m<div\u001b[39m\n            \u001b[33mclass\u001b[39m=\u001b[32m\"flex items-center justify-between mb-3\"\u001b[39m\n          \u001b[36m>\u001b[39m\n            \u001b[36m<label\u001b[39m\n              \u001b[33mclass\u001b[39m=\u001b[32m\"text-sm font-semibold text-gray-900\"\u001b[39m\n            \u001b[36m>\u001b[39m\n              \u001b[0mCampaign Title\u001b[0m\n            \u001b[36m</label>\u001b[39m\n            \u001b[36m<div\u001b[39m\n              \u001b[33mclass\u001b[39m=\u001b[32m\"flex space-x-2\"\u001b[39m\n            \u001b[36m>\u001b[39m\n              \u001b[36m<button\u001b[39m\n                \u001b[33mclass\u001b[39m=\u001b[32m\"text-blue-600 hover:text-blue-700 text-sm flex items-center\"\u001b[39m\n                \u001b[33mtitle\u001b[39m=\u001b[32m\"Edit\"\u001b[39m\n              \u001b[36m>\u001b[39m\n                \u001b[36m<svg\u001b[39m\n                  \u001b[33mclass\u001b[39m=\u001b[32m\"lucide lucide-pen-line w-4 h-4 mr-1\"\u001b[39m\n                  \u001b[33mfill\u001b[39m=\u001b[32m\"none\"\u001b[39m\n                  \u001b[33mheight\u001b[39m=\u001b[32m\"24\"\u001b[39m\n                  \u001b[33mstroke\u001b[39m=\u001b[32m\"currentColor\"\u001b[39m\n                  \u001b[33mstroke-linecap\u001b[39m=\u001b[32m\"round\"\u001b[39m\n                  \u001b[33mstroke-linejoin\u001b[39m=\u001b[32m\"round\"\u001b[39m\n                  \u001b[33mstroke-width\u001b[39m=\u001b[32m\"2\"\u001b[39m\n                  \u001b[33mviewBox\u001b[39m=\u001b[32m\"0 0 24 24\"\u001b[39m\n                  \u001b[33mwidth\u001b[39m=\u001b[32m\"24\"\u001b[39m\n                  \u001b[33mxmlns\u001b[39m=\u001b[32m\"http://www.w3.org/2000/svg\"\u001b[39m\n                \u001b[36m>\u001b[39m\n                  \u001b[36m<path\u001b[39m\n                    \u001b[33md\u001b[39m=\u001b[32m\"M12 20h9\"\u001b[39m\n                  \u001b[36m/>\u001b[39m\n                  \u001b[36m<path\u001b[39m\n                    \u001b[33md\u001b[39m=\u001b[32m\"M16.5 3.5a2.12 2.12 0 0 1 3 3L7 19l-4 1 1-4Z\"\u001b[39m\n                  \u001b[36m/>\u001b[39m\n                \u001b[36m</svg>\u001b[39m\n                \u001b[0mEdit\u001b[0m\n              \u001b[36m</button>\u001b[39m\n              \u001b[36m<button\u001b[39m\n                \u001b[33mclass\u001b[39m=\u001b[32m\"text-green-600 hover:text-green-700 text-sm flex items-center\"\u001b[39m\n                \u001b[33mtitle\u001b[39m=\u001b[32m\"Copy\"\u001b[39m\n              \u001b[36m>\u001b[39m\n                \u001b[36m<svg\u001b[39m\n                  \u001b[33mclass\u001b[39m=\u001b[32m\"lucide lucide-copy w-4 h-4 mr-1\"\u001b[39m\n                  \u001b[33mfill\u001b[39m=\u001b[32m\"none\"\u001b[39m\n                  \u001b[33mheight\u001b[39m=\u001b[32m\"24\"\u001b[39m\n                  \u001b[33mstroke\u001b[39m=\u001b[32m\"currentColor\"\u001b[39m\n                  \u001b[33mstroke-linecap\u001b[39m=\u001b[32m\"round\"\u001b[39m\n                  \u001b[33mstroke-linejoin\u001b[39m=\u001b[32m\"round\"\u001b[39m\n                  \u001b[33mstroke-width\u001b[39m=\u001b[32m\"2\"\u001b[39m\n                  \u001b[33mviewBox\u001b[39m=\u001b[32m\"0 0 24 24\"\u001b[39m\n                  \u001b[33mwidth\u001b[39m=\u001b[32m\"24\"\u001b[39m\n                  \u001b[33mxmlns\u001b[39m=\u001b[32m\"http://www.w3.org/2000/svg\"\u001b[39m\n                \u001b[36m>\u001b[39m\n                  \u001b[36m<rect\u001b[39m\n                    \u001b[33mheight\u001b[39m=\u001b[32m\"14\"\u001b[39m\n                    \u001b[33mrx\u001b[39m=\u001b[32m\"2\"\u001b[39m\n                    \u001b[33mry\u001b[39m=\u001b[32m\"2\"\u001b[39m\n                    \u001b[33mwidth\u001b[39m=\u001b[32m\"14\"\u001b[39m\n                    \u001b[33mx\u001b[39m=\u001b[32m\"8\"\u001b[39m\n                    \u001b[33my\u001b[39m=\u001b[32m\"8\"\u001b[39m\n                  \u001b[36m/>\u001b[39m\n                  \u001b[36m<path\u001b[39m\n                    \u001b[33md\u001b[39m=\u001b[32m\"M4 16c-1.1 0-2-.9-2-2V4c0-1.1.9-2 2-2h10c1.1 0 2 .9 2 2\"\u001b[39m\n                  \u001b[36m/>\u001b[39m\n                \u001b[36m</svg>\u001b[39m\n                \u001b[0mCopy\u001b[0m\n              \u001b[36m</button>\u001b[39m\n            \u001b[36m</div>\u001b[39m\n          \u001b[36m</div>\u001b[39m\n          \u001b[36m<div\u001b[39m\n            \u001b[33mclass\u001b[39m=\u001b[32m\" text-gray-700 bg-gray-50 p-3 rounded\"\u001b[39m\n          \u001b[36m>\u001b[39m\n            \u001b[0mHelp this campaign with their goal\u001b[0m\n          \u001b[36m</div>\u001b[39m\n        \u001b[36m</div>\u001b[39m\n        \u001b[36m<div\u001b[39m\n          \u001b[33mclass\u001b[39m=\u001b[32m\"bg-white border border-gray-300 rounded-lg p-4\"\u001b[39m\n        \u001b[36m>\u001b[39m\n          \u001b[36m<div\u001b[39m\n            \u001b[33mclass\u001b[39m=\u001b[32m\"flex items-center justify-between mb-3\"\u001b[39m\n          \u001b[36m>\u001b[39m\n            \u001b[36m<label\u001b[39m\n              \u001b[33mclass\u001b[39m=\u001b[32m\"text-sm font-semibold text-gray-900\"\u001b[39m\n            \u001b[36m>\u001b[39m\n              \u001b[0mFundraising Goal ($)\u001b[0m\n            \u001b[36m</label>\u001b[39m\n            \u001b[36m<div\u001b[39m\n              \u001b[33mclass\u001b[39m=\u001b[32m\"flex space-x-2\"\u001b[39m\n            \u001b[36m>\u001b[39m\n              \u001b[36m<button\u001b[39m\n                \u001b[33mclass\u001b[39m=\u001b[32m\"text-blue-600 hover:text-blue-700 text-sm flex items-center\"\u001b[39m\n                \u001b[33mtitle\u001b[39m=\u001b[32m\"Edit\"\u001b[39m\n              \u001b[36m>\u001b[39m\n                \u001b[36m<svg\u001b[39m\n                  \u001b[33mclass\u001b[39m=\u001b[32m\"lucide lucide-pen-line w-4 h-4 mr-1\"\u001b[39m\n                  \u001b[33mfill\u001b[39m=\u001b[32m\"none\"\u001b[39m\n                  \u001b[33mheight\u001b[39m=\u001b[32m\"24\"\u001b[39m\n                  \u001b[33mstroke\u001b[39m=\u001b[32m\"currentColor\"\u001b[39m\n                  \u001b[33mstroke-linecap\u001b[39m=\u001b[32m\"round\"\u001b[39m\n  ...\n    at Object.getElementError (C:\\Users\\richl\\Care2system\\node_modules\\@testing-library\\react\\node_modules\\@testing-library\\dom\\dist\\config.js:37:19)\n    at C:\\Users\\richl\\Care2system\\node_modules\\@testing-library\\react\\node_modules\\@testing-library\\dom\\dist\\query-helpers.js:76:38\n    at C:\\Users\\richl\\Care2system\\node_modules\\@testing-library\\react\\node_modules\\@testing-library\\dom\\dist\\query-helpers.js:52:17\n    at C:\\Users\\richl\\Care2system\\node_modules\\@testing-library\\react\\node_modules\\@testing-library\\dom\\dist\\query-helpers.js:95:19\n    at Object.getByRole (C:\\Users\\richl\\Care2system\\frontend\\__tests__\\funding-wizard\\word-export.test.tsx:101:35)\n    at Promise.then.completed (C:\\Users\\richl\\Care2system\\node_modules\\jest-circus\\build\\utils.js:298:28)\n    at new Promise (<anonymous>)\n    at callAsyncCircusFn (C:\\Users\\richl\\Care2system\\node_modules\\jest-circus\\build\\utils.js:231:10)\n    at _callCircusTest (C:\\Users\\richl\\Care2system\\node_modules\\jest-circus\\build\\run.js:316:40)\n    at _runTest (C:\\Users\\richl\\Care2system\\node_modules\\jest-circus\\build\\run.js:252:3)\n    at _runTestsForDescribeBlock (C:\\Users\\richl\\Care2system\\node_modules\\jest-circus\\build\\run.js:126:9)\n    at _runTestsForDescribeBlock (C:\\Users\\richl\\Care2system\\node_modules\\jest-circus\\build\\run.js:121:9)\n    at run (C:\\Users\\richl\\Care2system\\node_modules\\jest-circus\\build\\run.js:71:3)\n    at runAndTransformResultsToJestFormat (C:\\Users\\richl\\Care2system\\node_modules\\jest-circus\\build\\legacy-code-todo-rewrite\\jestAdapterInit.js:122:21)\n    at jestAdapter (C:\\Users\\richl\\Care2system\\node_modules\\jest-circus\\build\\legacy-code-todo-rewrite\\jestAdapter.js:79:19)\n    at runTestInternal (C:\\Users\\richl\\Care2system\\node_modules\\jest-runner\\build\\runTest.js:367:16)\n    at runTest (C:\\Users\\richl\\Care2system\\node_modules\\jest-runner\\build\\runTest.js:444:34)"
          ],
          "fullName": "Word Export - GoFundMeDraftStep shows error state on download failure",
          "invocations": 1,
          "location": null,
          "numPassingAsserts": 0,
          "retryReasons": [],
          "status": "failed",
          "title": "shows error state on download failure"
        },
        {
          "ancestorTitles": ["Word Export - GoFundMeDraftStep"],
          "duration": 306,
          "failureDetails": [{ "name": "TestingLibraryElementError" }],
          "failureMessages": [
            "TestingLibraryElementError: Unable to find an accessible element with the role \"button\" and name `/download.*word/i`\n\nHere are the accessible roles:\n\n  heading:\n\n  Name \"Prepare GoFundMe Draft\":\n  \u001b[36m<h2\u001b[39m\n    \u001b[33mclass\u001b[39m=\u001b[32m\"text-xl font-semibold text-gray-900 mb-2\"\u001b[39m\n  \u001b[36m/>\u001b[39m\n\n  Name \"Suggested Cover Media Checklist (Optional)\":\n  \u001b[36m<h3\u001b[39m\n    \u001b[33mclass\u001b[39m=\u001b[32m\"text-sm font-semibold text-gray-900 mb-3\"\u001b[39m\n  \u001b[36m/>\u001b[39m\n\n  Name \"Download as Word Document (.docx)\":\n  \u001b[36m<h3\u001b[39m\n    \u001b[33mclass\u001b[39m=\u001b[32m\"text-sm font-semibold text-gray-900 mb-1\"\u001b[39m\n  \u001b[36m/>\u001b[39m\n\n  --------------------------------------------------\n  button:\n\n  Name \"Edit\":\n  \u001b[36m<button\u001b[39m\n    \u001b[33mclass\u001b[39m=\u001b[32m\"text-blue-600 hover:text-blue-700 text-sm flex items-center\"\u001b[39m\n    \u001b[33mtitle\u001b[39m=\u001b[32m\"Edit\"\u001b[39m\n  \u001b[36m/>\u001b[39m\n\n  Name \"Copy\":\n  \u001b[36m<button\u001b[39m\n    \u001b[33mclass\u001b[39m=\u001b[32m\"text-green-600 hover:text-green-700 text-sm flex items-center\"\u001b[39m\n    \u001b[33mtitle\u001b[39m=\u001b[32m\"Copy\"\u001b[39m\n  \u001b[36m/>\u001b[39m\n\n  Name \"Edit\":\n  \u001b[36m<button\u001b[39m\n    \u001b[33mclass\u001b[39m=\u001b[32m\"text-blue-600 hover:text-blue-700 text-sm flex items-center\"\u001b[39m\n    \u001b[33mtitle\u001b[39m=\u001b[32m\"Edit\"\u001b[39m\n  \u001b[36m/>\u001b[39m\n\n  Name \"Copy\":\n  \u001b[36m<button\u001b[39m\n    \u001b[33mclass\u001b[39m=\u001b[32m\"text-green-600 hover:text-green-700 text-sm flex items-center\"\u001b[39m\n    \u001b[33mtitle\u001b[39m=\u001b[32m\"Copy\"\u001b[39m\n  \u001b[36m/>\u001b[39m\n\n  Name \"Edit\":\n  \u001b[36m<button\u001b[39m\n    \u001b[33mclass\u001b[39m=\u001b[32m\"text-blue-600 hover:text-blue-700 text-sm flex items-center\"\u001b[39m\n    \u001b[33mtitle\u001b[39m=\u001b[32m\"Edit\"\u001b[39m\n  \u001b[36m/>\u001b[39m\n\n  Name \"Copy\":\n  \u001b[36m<button\u001b[39m\n    \u001b[33mclass\u001b[39m=\u001b[32m\"text-green-600 hover:text-green-700 text-sm flex items-center\"\u001b[39m\n    \u001b[33mtitle\u001b[39m=\u001b[32m\"Copy\"\u001b[39m\n  \u001b[36m/>\u001b[39m\n\n  Name \"Edit\":\n  \u001b[36m<button\u001b[39m\n    \u001b[33mclass\u001b[39m=\u001b[32m\"text-blue-600 hover:text-blue-700 text-sm flex items-center\"\u001b[39m\n    \u001b[33mtitle\u001b[39m=\u001b[32m\"Edit\"\u001b[39m\n  \u001b[36m/>\u001b[39m\n\n  Name \"Copy\":\n  \u001b[36m<button\u001b[39m\n    \u001b[33mclass\u001b[39m=\u001b[32m\"text-green-600 hover:text-green-700 text-sm flex items-center\"\u001b[39m\n    \u001b[33mtitle\u001b[39m=\u001b[32m\"Copy\"\u001b[39m\n  \u001b[36m/>\u001b[39m\n\n  Name \"Edit\":\n  \u001b[36m<button\u001b[39m\n    \u001b[33mclass\u001b[39m=\u001b[32m\"text-blue-600 hover:text-blue-700 text-sm flex items-center\"\u001b[39m\n    \u001b[33mtitle\u001b[39m=\u001b[32m\"Edit\"\u001b[39m\n  \u001b[36m/>\u001b[39m\n\n  Name \"Copy\":\n  \u001b[36m<button\u001b[39m\n    \u001b[33mclass\u001b[39m=\u001b[32m\"text-green-600 hover:text-green-700 text-sm flex items-center\"\u001b[39m\n    \u001b[33mtitle\u001b[39m=\u001b[32m\"Copy\"\u001b[39m\n  \u001b[36m/>\u001b[39m\n\n  Name \"Edit\":\n  \u001b[36m<button\u001b[39m\n    \u001b[33mclass\u001b[39m=\u001b[32m\"text-blue-600 hover:text-blue-700 text-sm flex items-center\"\u001b[39m\n    \u001b[33mtitle\u001b[39m=\u001b[32m\"Edit\"\u001b[39m\n  \u001b[36m/>\u001b[39m\n\n  Name \"Copy\":\n  \u001b[36m<button\u001b[39m\n    \u001b[33mclass\u001b[39m=\u001b[32m\"text-green-600 hover:text-green-700 text-sm flex items-center\"\u001b[39m\n    \u001b[33mtitle\u001b[39m=\u001b[32m\"Copy\"\u001b[39m\n  \u001b[36m/>\u001b[39m\n\n  Name \"Edit\":\n  \u001b[36m<button\u001b[39m\n    \u001b[33mclass\u001b[39m=\u001b[32m\"text-blue-600 hover:text-blue-700 text-sm flex items-center\"\u001b[39m\n    \u001b[33mtitle\u001b[39m=\u001b[32m\"Edit\"\u001b[39m\n  \u001b[36m/>\u001b[39m\n\n  Name \"Copy\":\n  \u001b[36m<button\u001b[39m\n    \u001b[33mclass\u001b[39m=\u001b[32m\"text-green-600 hover:text-green-700 text-sm flex items-center\"\u001b[39m\n    \u001b[33mtitle\u001b[39m=\u001b[32m\"Copy\"\u001b[39m\n  \u001b[36m/>\u001b[39m\n\n  Name \"Download .docx\":\n  \u001b[36m<button\u001b[39m\n    \u001b[33mclass\u001b[39m=\u001b[32m\"ml-4 px-6 py-3 bg-green-600 text-white rounded-lg hover:bg-green-700 font-medium flex items-center disabled:opacity-50 disabled:cursor-not-allowed whitespace-nowrap\"\u001b[39m\n  \u001b[36m/>\u001b[39m\n\n  Name \"Need help?\":\n  \u001b[36m<button\u001b[39m\n    \u001b[33mclass\u001b[39m=\u001b[32m\"text-blue-600 hover:text-blue-700 text-sm font-medium\"\u001b[39m\n    \u001b[33mtype\u001b[39m=\u001b[32m\"button\"\u001b[39m\n  \u001b[36m/>\u001b[39m\n\n  Name \"Back\":\n  \u001b[36m<button\u001b[39m\n    \u001b[33mclass\u001b[39m=\u001b[32m\"px-6 py-2 border border-gray-300 text-gray-700 rounded-lg hover:bg-gray-50 font-medium\"\u001b[39m\n    \u001b[33mtype\u001b[39m=\u001b[32m\"button\"\u001b[39m\n  \u001b[36m/>\u001b[39m\n\n  Name \"Next: GoFundMe Wizard\":\n  \u001b[36m<button\u001b[39m\n    \u001b[33mclass\u001b[39m=\u001b[32m\"px-6 py-2 bg-blue-600 text-white rounded-lg hover:bg-blue-700 font-medium flex items-center\"\u001b[39m\n  \u001b[36m/>\u001b[39m\n\n  --------------------------------------------------\n  list:\n\n  Name \"\":\n  \u001b[36m<ul\u001b[39m\n    \u001b[33mclass\u001b[39m=\u001b[32m\"space-y-2 text-sm text-gray-700\"\u001b[39m\n  \u001b[36m/>\u001b[39m\n\n  --------------------------------------------------\n  listitem:\n\n  Name \"\":\n  \u001b[36m<li\u001b[39m\n    \u001b[33mclass\u001b[39m=\u001b[32m\"flex items-start\"\u001b[39m\n  \u001b[36m/>\u001b[39m\n\n  Name \"\":\n  \u001b[36m<li\u001b[39m\n    \u001b[33mclass\u001b[39m=\u001b[32m\"flex items-start\"\u001b[39m\n  \u001b[36m/>\u001b[39m\n\n  Name \"\":\n  \u001b[36m<li\u001b[39m\n    \u001b[33mclass\u001b[39m=\u001b[32m\"flex items-start\"\u001b[39m\n  \u001b[36m/>\u001b[39m\n\n  Name \"\":\n  \u001b[36m<li\u001b[39m\n    \u001b[33mclass\u001b[39m=\u001b[32m\"flex items-start\"\u001b[39m\n  \u001b[36m/>\u001b[39m\n\n  --------------------------------------------------\n  link:\n\n  Name \"gofundme.com/c/start\":\n  \u001b[36m<a\u001b[39m\n    \u001b[33mclass\u001b[39m=\u001b[32m\"text-yellow-900 underline ml-1\"\u001b[39m\n    \u001b[33mhref\u001b[39m=\u001b[32m\"https://www.gofundme.com/c/start\"\u001b[39m\n    \u001b[33mrel\u001b[39m=\u001b[32m\"noopener noreferrer\"\u001b[39m\n    \u001b[33mtarget\u001b[39m=\u001b[32m\"_blank\"\u001b[39m\n  \u001b[36m/>\u001b[39m\n\n  --------------------------------------------------\n\nIgnored nodes: comments, script, style\n\u001b[36m<body>\u001b[39m\n  \u001b[36m<div>\u001b[39m\n    \u001b[36m<div\u001b[39m\n      \u001b[33mclass\u001b[39m=\u001b[32m\"space-y-6\"\u001b[39m\n    \u001b[36m>\u001b[39m\n      \u001b[36m<div>\u001b[39m\n        \u001b[36m<h2\u001b[39m\n          \u001b[33mclass\u001b[39m=\u001b[32m\"text-xl font-semibold text-gray-900 mb-2\"\u001b[39m\n        \u001b[36m>\u001b[39m\n          \u001b[0mPrepare GoFundMe Draft\u001b[0m\n        \u001b[36m</h2>\u001b[39m\n        \u001b[36m<p\u001b[39m\n          \u001b[33mclass\u001b[39m=\u001b[32m\"text-gray-600\"\u001b[39m\n        \u001b[36m>\u001b[39m\n          \u001b[0mReview and edit the auto-generated content below. You can copy each field directly into GoFundMe's website.\u001b[0m\n        \u001b[36m</p>\u001b[39m\n      \u001b[36m</div>\u001b[39m\n      \u001b[36m<div\u001b[39m\n        \u001b[33mclass\u001b[39m=\u001b[32m\"bg-blue-50 border border-blue-200 rounded-lg p-4\"\u001b[39m\n      \u001b[36m>\u001b[39m\n        \u001b[36m<div\u001b[39m\n          \u001b[33mclass\u001b[39m=\u001b[32m\"flex items-start\"\u001b[39m\n        \u001b[36m>\u001b[39m\n          \u001b[36m<svg\u001b[39m\n            \u001b[33mclass\u001b[39m=\u001b[32m\"lucide lucide-pen-line w-5 h-5 text-blue-600 mr-3 flex-shrink-0 mt-0.5\"\u001b[39m\n            \u001b[33mfill\u001b[39m=\u001b[32m\"none\"\u001b[39m\n            \u001b[33mheight\u001b[39m=\u001b[32m\"24\"\u001b[39m\n            \u001b[33mstroke\u001b[39m=\u001b[32m\"currentColor\"\u001b[39m\n            \u001b[33mstroke-linecap\u001b[39m=\u001b[32m\"round\"\u001b[39m\n            \u001b[33mstroke-linejoin\u001b[39m=\u001b[32m\"round\"\u001b[39m\n            \u001b[33mstroke-width\u001b[39m=\u001b[32m\"2\"\u001b[39m\n            \u001b[33mviewBox\u001b[39m=\u001b[32m\"0 0 24 24\"\u001b[39m\n            \u001b[33mwidth\u001b[39m=\u001b[32m\"24\"\u001b[39m\n            \u001b[33mxmlns\u001b[39m=\u001b[32m\"http://www.w3.org/2000/svg\"\u001b[39m\n          \u001b[36m>\u001b[39m\n            \u001b[36m<path\u001b[39m\n              \u001b[33md\u001b[39m=\u001b[32m\"M12 20h9\"\u001b[39m\n            \u001b[36m/>\u001b[39m\n            \u001b[36m<path\u001b[39m\n              \u001b[33md\u001b[39m=\u001b[32m\"M16.5 3.5a2.12 2.12 0 0 1 3 3L7 19l-4 1 1-4Z\"\u001b[39m\n            \u001b[36m/>\u001b[39m\n          \u001b[36m</svg>\u001b[39m\n          \u001b[36m<div\u001b[39m\n            \u001b[33mclass\u001b[39m=\u001b[32m\"text-sm text-blue-800\"\u001b[39m\n          \u001b[36m>\u001b[39m\n            \u001b[36m<p\u001b[39m\n              \u001b[33mclass\u001b[39m=\u001b[32m\"font-medium mb-1\"\u001b[39m\n            \u001b[36m>\u001b[39m\n              \u001b[0mYou can edit anything!\u001b[0m\n            \u001b[36m</p>\u001b[39m\n            \u001b[36m<p>\u001b[39m\n              \u001b[0mClick the \"Edit\" button next to any field to customize the text. Changes are saved automatically.\u001b[0m\n            \u001b[36m</p>\u001b[39m\n          \u001b[36m</div>\u001b[39m\n        \u001b[36m</div>\u001b[39m\n      \u001b[36m</div>\u001b[39m\n      \u001b[36m<div\u001b[39m\n        \u001b[33mclass\u001b[39m=\u001b[32m\"space-y-4\"\u001b[39m\n      \u001b[36m>\u001b[39m\n        \u001b[36m<div\u001b[39m\n          \u001b[33mclass\u001b[39m=\u001b[32m\"bg-white border border-gray-300 rounded-lg p-4\"\u001b[39m\n        \u001b[36m>\u001b[39m\n          \u001b[36m<div\u001b[39m\n            \u001b[33mclass\u001b[39m=\u001b[32m\"flex items-center justify-between mb-3\"\u001b[39m\n          \u001b[36m>\u001b[39m\n            \u001b[36m<label\u001b[39m\n              \u001b[33mclass\u001b[39m=\u001b[32m\"text-sm font-semibold text-gray-900\"\u001b[39m\n            \u001b[36m>\u001b[39m\n              \u001b[0mCampaign Title\u001b[0m\n            \u001b[36m</label>\u001b[39m\n            \u001b[36m<div\u001b[39m\n              \u001b[33mclass\u001b[39m=\u001b[32m\"flex space-x-2\"\u001b[39m\n            \u001b[36m>\u001b[39m\n              \u001b[36m<button\u001b[39m\n                \u001b[33mclass\u001b[39m=\u001b[32m\"text-blue-600 hover:text-blue-700 text-sm flex items-center\"\u001b[39m\n                \u001b[33mtitle\u001b[39m=\u001b[32m\"Edit\"\u001b[39m\n              \u001b[36m>\u001b[39m\n                \u001b[36m<svg\u001b[39m\n                  \u001b[33mclass\u001b[39m=\u001b[32m\"lucide lucide-pen-line w-4 h-4 mr-1\"\u001b[39m\n                  \u001b[33mfill\u001b[39m=\u001b[32m\"none\"\u001b[39m\n                  \u001b[33mheight\u001b[39m=\u001b[32m\"24\"\u001b[39m\n                  \u001b[33mstroke\u001b[39m=\u001b[32m\"currentColor\"\u001b[39m\n                  \u001b[33mstroke-linecap\u001b[39m=\u001b[32m\"round\"\u001b[39m\n                  \u001b[33mstroke-linejoin\u001b[39m=\u001b[32m\"round\"\u001b[39m\n                  \u001b[33mstroke-width\u001b[39m=\u001b[32m\"2\"\u001b[39m\n                  \u001b[33mviewBox\u001b[39m=\u001b[32m\"0 0 24 24\"\u001b[39m\n                  \u001b[33mwidth\u001b[39m=\u001b[32m\"24\"\u001b[39m\n                  \u001b[33mxmlns\u001b[39m=\u001b[32m\"http://www.w3.org/2000/svg\"\u001b[39m\n                \u001b[36m>\u001b[39m\n                  \u001b[36m<path\u001b[39m\n                    \u001b[33md\u001b[39m=\u001b[32m\"M12 20h9\"\u001b[39m\n                  \u001b[36m/>\u001b[39m\n                  \u001b[36m<path\u001b[39m\n                    \u001b[33md\u001b[39m=\u001b[32m\"M16.5 3.5a2.12 2.12 0 0 1 3 3L7 19l-4 1 1-4Z\"\u001b[39m\n                  \u001b[36m/>\u001b[39m\n                \u001b[36m</svg>\u001b[39m\n                \u001b[0mEdit\u001b[0m\n              \u001b[36m</button>\u001b[39m\n              \u001b[36m<button\u001b[39m\n                \u001b[33mclass\u001b[39m=\u001b[32m\"text-green-600 hover:text-green-700 text-sm flex items-center\"\u001b[39m\n                \u001b[33mtitle\u001b[39m=\u001b[32m\"Copy\"\u001b[39m\n              \u001b[36m>\u001b[39m\n                \u001b[36m<svg\u001b[39m\n                  \u001b[33mclass\u001b[39m=\u001b[32m\"lucide lucide-copy w-4 h-4 mr-1\"\u001b[39m\n                  \u001b[33mfill\u001b[39m=\u001b[32m\"none\"\u001b[39m\n                  \u001b[33mheight\u001b[39m=\u001b[32m\"24\"\u001b[39m\n                  \u001b[33mstroke\u001b[39m=\u001b[32m\"currentColor\"\u001b[39m\n                  \u001b[33mstroke-linecap\u001b[39m=\u001b[32m\"round\"\u001b[39m\n                  \u001b[33mstroke-linejoin\u001b[39m=\u001b[32m\"round\"\u001b[39m\n                  \u001b[33mstroke-width\u001b[39m=\u001b[32m\"2\"\u001b[39m\n                  \u001b[33mviewBox\u001b[39m=\u001b[32m\"0 0 24 24\"\u001b[39m\n                  \u001b[33mwidth\u001b[39m=\u001b[32m\"24\"\u001b[39m\n                  \u001b[33mxmlns\u001b[39m=\u001b[32m\"http://www.w3.org/2000/svg\"\u001b[39m\n                \u001b[36m>\u001b[39m\n                  \u001b[36m<rect\u001b[39m\n                    \u001b[33mheight\u001b[39m=\u001b[32m\"14\"\u001b[39m\n                    \u001b[33mrx\u001b[39m=\u001b[32m\"2\"\u001b[39m\n                    \u001b[33mry\u001b[39m=\u001b[32m\"2\"\u001b[39m\n                    \u001b[33mwidth\u001b[39m=\u001b[32m\"14\"\u001b[39m\n                    \u001b[33mx\u001b[39m=\u001b[32m\"8\"\u001b[39m\n       
[...]
ndled properly in the UI. This is a very long bio that should be truncated or handled properly in the UI. This is a very long bio that should be truncated or handled properly in the UI. This is a very long bio that should be truncated or handled properly in the UI. '). This could be because the text is broken up by multiple elements. In this case, you can provide a function for your text matcher to make your matcher more flexible.\n\n    Ignored nodes: comments, script, style\n    \u001b[36m<body>\u001b[39m\n      \u001b[36m<div>\u001b[39m\n        \u001b[36m<div\u001b[39m\n          \u001b[33mclass\u001b[39m=\u001b[32m\"bg-white shadow-lg rounded-lg p-4\"\u001b[39m\n        \u001b[36m>\u001b[39m\n          \u001b[36m<h2>\u001b[39m\n            \u001b[0mJohn Doe\u001b[0m\n          \u001b[36m</h2>\u001b[39m\n          \u001b[36m<p\u001b[39m\n            \u001b[33mclass\u001b[39m=\u001b[32m\"line-clamp-3\"\u001b[39m\n          \u001b[36m>\u001b[39m\n            \u001b[0mThis is a very long bio that should be truncated or handled properly in the UI. This is a very long bio that should be truncated or handled properly in the UI. This is a very long bio that should be truncated or handled properly in the UI. This is a very long bio that should be truncated or handled properly in the UI. This is a very long bio that should be truncated or handled properly in the UI. This is a very long bio that should be truncated or handled properly in the UI. This is a very long bio that should be truncated or handled properly in the UI. This is a very long bio that should be truncated or handled properly in the UI. This is a very long bio that should be truncated or handled properly in the UI. This is a very long bio that should be truncated or handled properly in the UI. \u001b[0m\n          \u001b[36m</p>\u001b[39m\n          \u001b[36m<div>\u001b[39m\n            \u001b[36m<span\u001b[39m\n              \u001b[33mclass\u001b[39m=\u001b[32m\"bg-blue-100 text-blue-800 px-2 py-1 rounded-full text-sm mr-2\"\u001b[39m\n              \u001b[33mdata-testid\u001b[39m=\u001b[32m\"skill-tag-0\"\u001b[39m\n            \u001b[36m>\u001b[39m\n              \u001b[0mconstruction\u001b[0m\n            \u001b[36m</span>\u001b[39m\n            \u001b[36m<span\u001b[39m\n              \u001b[33mclass\u001b[39m=\u001b[32m\"bg-blue-100 text-blue-800 px-2 py-1 rounded-full text-sm mr-2\"\u001b[39m\n              \u001b[33mdata-testid\u001b[39m=\u001b[32m\"skill-tag-1\"\u001b[39m\n            \u001b[36m>\u001b[39m\n              \u001b[0mpainting\u001b[0m\n            \u001b[36m</span>\u001b[39m\n            \u001b[36m<span\u001b[39m\n              \u001b[33mclass\u001b[39m=\u001b[32m\"bg-blue-100 text-blue-800 px-2 py-1 rounded-full text-sm mr-2\"\u001b[39m\n              \u001b[33mdata-testid\u001b[39m=\u001b[32m\"skill-tag-2\"\u001b[39m\n            \u001b[36m>\u001b[39m\n              \u001b[0mcarpentry\u001b[0m\n            \u001b[36m</span>\u001b[39m\n          \u001b[36m</div>\u001b[39m\n          \u001b[36m<div\u001b[39m\n            \u001b[33mclass\u001b[39m=\u001b[32m\"text-gray-500 text-sm\"\u001b[39m\n          \u001b[36m>\u001b[39m\n            \u001b[0m25\u001b[0m\n            \u001b[0m views\u001b[0m\n          \u001b[36m</div>\u001b[39m\n          \u001b[36m<div>\u001b[39m\n            \u001b[36m<h3>\u001b[39m\n              \u001b[0mImmediate Needs\u001b[0m\n            \u001b[36m</h3>\u001b[39m\n            \u001b[36m<div>\u001b[39m\n              \u001b[0mhousing\u001b[0m\n            \u001b[36m</div>\u001b[39m\n            \u001b[36m<div>\u001b[39m\n              \u001b[0memployment\u001b[0m\n            \u001b[36m</div>\u001b[39m\n          \u001b[36m</div>\u001b[39m\n          \u001b[36m<div>\u001b[39m\n            \u001b[36m<h3>\u001b[39m\n              \u001b[0mGoals\u001b[0m\n            \u001b[36m</h3>\u001b[39m\n            \u001b[36m<div>\u001b[39m\n              \u001b[0mstable housing\u001b[0m\n            \u001b[36m</div>\u001b[39m\n            \u001b[36m<div>\u001b[39m\n              \u001b[0mfull-time job\u001b[0m\n            \u001b[36m</div>\u001b[39m\n          \u001b[36m</div>\u001b[39m\n          \u001b[36m<div>\u001b[39m\n            \u001b[0mHelp John get back on his feet with stable housing and work opportunities.\u001b[0m\n          \u001b[36m</div>\u001b[39m\n          \u001b[36m<div>\u001b[39m\n            \u001b[0m$johndoe123\u001b[0m\n          \u001b[36m</div>\u001b[39m\n          \u001b[36m<img\u001b[39m\n            \u001b[33malt\u001b[39m=\u001b[32m\"Cash App QR Code\"\u001b[39m\n            \u001b[33msrc\u001b[39m=\u001b[32m\"/qr-codes/cashapp-johndoe123.png\"\u001b[39m\n          \u001b[36m/>\u001b[39m\n          \u001b[36m<div>\u001b[39m\n            \u001b[0mMember since\u001b[0m\n          \u001b[36m</div>\u001b[39m\n          \u001b[36m<div>\u001b[39m\n            \u001b[0mSan Francisco, CA\u001b[0m\n          \u001b[36m</div>\u001b[39m\n        \u001b[36m</div>\u001b[39m\n      \u001b[36m</div>\u001b[39m\n    \u001b[36m</body>\u001b[39m\n\u001b[2m\u001b[22m\n\u001b[2m    \u001b[0m \u001b[90m 120 |\u001b[39m     render(\u001b[33m<\u001b[39m\u001b[33mProfileCard\u001b[39m profile\u001b[33m=\u001b[39m{longBioProfile} \u001b[33m/\u001b[39m\u001b[33m>\u001b[39m)\u001b[22m\n\u001b[2m     \u001b[90m 121 |\u001b[39m\u001b[22m\n\u001b[2m    \u001b[31m\u001b[1m>\u001b[22m\u001b[2m\u001b[39m\u001b[90m 122 |\u001b[39m     \u001b[36mconst\u001b[39m bioElement \u001b[33m=\u001b[39m screen\u001b[33m.\u001b[39mgetByText(longBioProfile\u001b[33m.\u001b[39mbio)\u001b[22m\n\u001b[2m     \u001b[90m     |\u001b[39m                               \u001b[31m\u001b[1m^\u001b[22m\u001b[2m\u001b[39m\u001b[22m\n\u001b[2m     \u001b[90m 123 |\u001b[39m     expect(bioElement)\u001b[33m.\u001b[39mtoBeInTheDocument()\u001b[22m\n\u001b[2m     \u001b[90m 124 |\u001b[39m     expect(bioElement)\u001b[33m.\u001b[39mtoHaveClass(\u001b[32m'line-clamp-3'\u001b[39m) \u001b[90m// Assuming Tailwind line-clamp is used\u001b[39m\u001b[22m\n\u001b[2m     \u001b[90m 125 |\u001b[39m   })\u001b[0m\u001b[22m\n\u001b[2m\u001b[22m\n\u001b[2m      \u001b[2mat Object.getElementError (\u001b[22m\u001b[2m../node_modules/@testing-library/react/node_modules/@testing-library/dom/dist/config.js\u001b[2m:37:19)\u001b[22m\u001b[2m\u001b[22m\n\u001b[2m      \u001b[2mat \u001b[22m\u001b[2m../node_modules/@testing-library/react/node_modules/@testing-library/dom/dist/query-helpers.js\u001b[2m:76:38\u001b[22m\u001b[2m\u001b[22m\n\u001b[2m      \u001b[2mat \u001b[22m\u001b[2m../node_modules/@testing-library/react/node_modules/@testing-library/dom/dist/query-helpers.js\u001b[2m:52:17\u001b[22m\u001b[2m\u001b[22m\n\u001b[2m      \u001b[2mat \u001b[22m\u001b[2m../node_modules/@testing-library/react/node_modules/@testing-library/dom/dist/query-helpers.js\u001b[2m:95:19\u001b[22m\u001b[2m\u001b[22m\n\u001b[2m      \u001b[2mat Object.getByText (\u001b[22m\u001b[2m\u001b[0m\u001b[36m__tests__/components/ProfileCard.test.tsx\u001b[39m\u001b[0m\u001b[2m:122:31)\u001b[22m\u001b[2m\u001b[22m\n",
      "name": "C:\\Users\\richl\\Care2system\\frontend\\__tests__\\components\\ProfileCard.test.tsx",
      "startTime": 1765718036173,
      "status": "failed",
      "summary": ""
    },
    {
      "assertionResults": [
        {
          "ancestorTitles": [],
          "duration": null,
          "failureDetails": [],
          "failureMessages": [],
          "fullName": "shim: AudioRecorder placeholder",
          "invocations": 1,
          "location": null,
          "numPassingAsserts": 0,
          "retryReasons": [],
          "status": "pending",
          "title": "shim: AudioRecorder placeholder"
        },
        {
          "ancestorTitles": ["AudioRecorder"],
          "duration": 6,
          "failureDetails": [],
          "failureMessages": [],
          "fullName": "AudioRecorder renders start recording button initially",
          "invocations": 1,
          "location": null,
          "numPassingAsserts": 2,
          "retryReasons": [],
          "status": "passed",
          "title": "renders start recording button initially"
        },
        {
          "ancestorTitles": ["AudioRecorder"],
          "duration": 35,
          "failureDetails": [],
          "failureMessages": [],
          "fullName": "AudioRecorder starts recording when start button is clicked",
          "invocations": 1,
          "location": null,
          "numPassingAsserts": 3,
          "retryReasons": [],
          "status": "passed",
          "title": "starts recording when start button is clicked"
        },
        {
          "ancestorTitles": ["AudioRecorder"],
          "duration": 32,
          "failureDetails": [],
          "failureMessages": [],
          "fullName": "AudioRecorder shows stop button and timer when recording",
          "invocations": 1,
          "location": null,
          "numPassingAsserts": 2,
          "retryReasons": [],
          "status": "passed",
          "title": "shows stop button and timer when recording"
        },
        {
          "ancestorTitles": ["AudioRecorder"],
          "duration": 48,
          "failureDetails": [],
          "failureMessages": [],
          "fullName": "AudioRecorder stops recording when stop button is clicked",
          "invocations": 1,
          "location": null,
          "numPassingAsserts": 3,
          "retryReasons": [],
          "status": "passed",
          "title": "stops recording when stop button is clicked"
        },
        {
          "ancestorTitles": ["AudioRecorder"],
          "duration": 31,
          "failureDetails": [],
          "failureMessages": [],
          "fullName": "AudioRecorder handles recording completion",
          "invocations": 1,
          "location": null,
          "numPassingAsserts": 2,
          "retryReasons": [],
          "status": "passed",
          "title": "handles recording completion"
        },
        {
          "ancestorTitles": ["AudioRecorder"],
          "duration": 1,
          "failureDetails": [],
          "failureMessages": [],
          "fullName": "AudioRecorder respects maxDuration prop",
          "invocations": 1,
          "location": null,
          "numPassingAsserts": 1,
          "retryReasons": [],
          "status": "passed",
          "title": "respects maxDuration prop"
        },
        {
          "ancestorTitles": ["AudioRecorder"],
          "duration": 29,
          "failureDetails": [],
          "failureMessages": [],
          "fullName": "AudioRecorder handles microphone permission errors",
          "invocations": 1,
          "location": null,
          "numPassingAsserts": 1,
          "retryReasons": [],
          "status": "passed",
          "title": "handles microphone permission errors"
        },
        {
          "ancestorTitles": ["AudioRecorder"],
          "duration": 8,
          "failureDetails": [],
          "failureMessages": [],
          "fullName": "AudioRecorder shows recording duration timer",
          "invocations": 1,
          "location": null,
          "numPassingAsserts": 2,
          "retryReasons": [],
          "status": "passed",
          "title": "shows recording duration timer"
        },
        {
          "ancestorTitles": ["AudioRecorder"],
          "duration": 4,
          "failureDetails": [],
          "failureMessages": [],
          "fullName": "AudioRecorder automatically stops recording at max duration",
          "invocations": 1,
          "location": null,
          "numPassingAsserts": 2,
          "retryReasons": [],
          "status": "passed",
          "title": "automatically stops recording at max duration"
        }
      ],
      "endTime": 1765718036593,
      "message": "",
      "name": "C:\\Users\\richl\\Care2system\\frontend\\__tests__\\components\\AudioRecorder.test.tsx",
      "startTime": 1765718036310,
      "status": "focused",
      "summary": ""
    },
    {
      "assertionResults": [
        {
          "ancestorTitles": ["APIClient", "profile methods"],
          "duration": 1,
          "failureDetails": [],
          "failureMessages": [],
          "fullName": "APIClient profile methods gets profile successfully",
          "invocations": 1,
          "location": null,
          "numPassingAsserts": 2,
          "retryReasons": [],
          "status": "passed",
          "title": "gets profile successfully"
        },
        {
          "ancestorTitles": ["APIClient", "profile methods"],
          "duration": 0,
          "failureDetails": [],
          "failureMessages": [],
          "fullName": "APIClient profile methods creates profile successfully",
          "invocations": 1,
          "location": null,
          "numPassingAsserts": 2,
          "retryReasons": [],
          "status": "passed",
          "title": "creates profile successfully"
        },
        {
          "ancestorTitles": ["APIClient", "profile methods"],
          "duration": 1,
          "failureDetails": [],
          "failureMessages": [],
          "fullName": "APIClient profile methods updates profile successfully",
          "invocations": 1,
          "location": null,
          "numPassingAsserts": 2,
          "retryReasons": [],
          "status": "passed",
          "title": "updates profile successfully"
        },
        {
          "ancestorTitles": ["APIClient", "profile methods"],
          "duration": 0,
          "failureDetails": [],
          "failureMessages": [],
          "fullName": "APIClient profile methods searches profiles successfully",
          "invocations": 1,
          "location": null,
          "numPassingAsserts": 2,
          "retryReasons": [],
          "status": "passed",
          "title": "searches profiles successfully"
        },
        {
          "ancestorTitles": ["APIClient", "transcription methods"],
          "duration": 1,
          "failureDetails": [],
          "failureMessages": [],
          "fullName": "APIClient transcription methods uploads and transcribes audio successfully",
          "invocations": 1,
          "location": null,
          "numPassingAsserts": 2,
          "retryReasons": [],
          "status": "passed",
          "title": "uploads and transcribes audio successfully"
        },
        {
          "ancestorTitles": ["APIClient", "transcription methods"],
          "duration": 0,
          "failureDetails": [],
          "failureMessages": [],
          "fullName": "APIClient transcription methods gets transcription status successfully",
          "invocations": 1,
          "location": null,
          "numPassingAsserts": 2,
          "retryReasons": [],
          "status": "passed",
          "title": "gets transcription status successfully"
        },
        {
          "ancestorTitles": ["APIClient", "error handling"],
          "duration": 2,
          "failureDetails": [],
          "failureMessages": [],
          "fullName": "APIClient error handling throws error for non-ok responses",
          "invocations": 1,
          "location": null,
          "numPassingAsserts": 1,
          "retryReasons": [],
          "status": "passed",
          "title": "throws error for non-ok responses"
        },
        {
          "ancestorTitles": ["APIClient", "error handling"],
          "duration": 1,
          "failureDetails": [],
          "failureMessages": [],
          "fullName": "APIClient error handling handles network errors",
          "invocations": 1,
          "location": null,
          "numPassingAsserts": 1,
          "retryReasons": [],
          "status": "passed",
          "title": "handles network errors"
        },
        {
          "ancestorTitles": ["APIClient", "error handling"],
          "duration": 1,
          "failureDetails": [],
          "failureMessages": [],
          "fullName": "APIClient error handling includes error response body in error message",
          "invocations": 1,
          "location": null,
          "numPassingAsserts": 2,
          "retryReasons": [],
          "status": "passed",
          "title": "includes error response body in error message"
        },
        {
          "ancestorTitles": ["APIClient", "request headers"],
          "duration": 0,
          "failureDetails": [],
          "failureMessages": [],
          "fullName": "APIClient request headers includes default headers for JSON requests",
          "invocations": 1,
          "location": null,
          "numPassingAsserts": 1,
          "retryReasons": [],
          "status": "passed",
          "title": "includes default headers for JSON requests"
        },
        {
          "ancestorTitles": ["APIClient", "request headers"],
          "duration": 0,
          "failureDetails": [],
          "failureMessages": [],
          "fullName": "APIClient request headers includes custom headers when provided",
          "invocations": 1,
          "location": null,
          "numPassingAsserts": 1,
          "retryReasons": [],
          "status": "passed",
          "title": "includes custom headers when provided"
        },
        {
          "ancestorTitles": ["APIClient", "request headers"],
          "duration": 0,
          "failureDetails": [],
          "failureMessages": [],
          "fullName": "APIClient request headers omits Content-Type header for FormData requests",
          "invocations": 1,
          "location": null,
          "numPassingAsserts": 2,
          "retryReasons": [],
          "status": "passed",
          "title": "omits Content-Type header for FormData requests"
        }
      ],
      "endTime": 1765718036673,
      "message": "",
      "name": "C:\\Users\\richl\\Care2system\\frontend\\__tests__\\lib\\api-client.test.ts",
      "startTime": 1765718036614,
      "status": "passed",
      "summary": ""
    },
    {
      "assertionResults": [
        {
          "ancestorTitles": [],
          "duration": null,
          "failureDetails": [],
          "failureMessages": [],
          "fullName": "shim: AudioRecorder placeholder",
          "invocations": 1,
          "location": null,
          "numPassingAsserts": 0,
          "retryReasons": [],
          "status": "pending",
          "title": "shim: AudioRecorder placeholder"
        }
      ],
      "coverage": {},
      "endTime": 1765718036829,
      "message": "",
      "name": "C:\\Users\\richl\\Care2system\\frontend\\__tests__\\features\\audio\\AudioRecorder.js",
      "startTime": 1765718036829,
      "status": "skipped",
      "summary": ""
    },
    {
      "assertionResults": [
        {
          "ancestorTitles": [],
          "duration": null,
          "failureDetails": [],
          "failureMessages": [],
          "fullName": "shim: ProfileCard placeholder",
          "invocations": 1,
          "location": null,
          "numPassingAsserts": 0,
          "retryReasons": [],
          "status": "pending",
          "title": "shim: ProfileCard placeholder"
        }
      ],
      "coverage": {},
      "endTime": 1765718036829,
      "message": "",
      "name": "C:\\Users\\richl\\Care2system\\frontend\\__tests__\\features\\profile\\ProfileCard.js",
      "startTime": 1765718036829,
      "status": "skipped",
      "summary": ""
    },
    {
      "assertionResults": [
        {
          "ancestorTitles": [],
          "duration": null,
          "failureDetails": [],
          "failureMessages": [],
          "fullName": "shim: api-client placeholder",
          "invocations": 1,
          "location": null,
          "numPassingAsserts": 0,
          "retryReasons": [],
          "status": "pending",
          "title": "shim: api-client placeholder"
        }
      ],
      "coverage": {},
      "endTime": 1765718036829,
      "message": "",
      "name": "C:\\Users\\richl\\Care2system\\frontend\\__tests__\\lib\\api-client.js",
      "startTime": 1765718036829,
      "status": "skipped",
      "summary": ""
    }
  ],
  "wasInterrupted": false
}
