{"C:\\Users\\richl\\Care2system\\backend\\src\\services\\storyExtractionService.ts": {"path":"C:\\Users\\richl\\Care2system\\backend\\src\\services\\storyExtractionService.ts","statementMap":{"0":{"start":{"line":2,"column":0},"end":{"line":2,"column":null}},"1":{"start":{"line":9,"column":0},"end":{"line":9,"column":48}},"2":{"start":{"line":10,"column":0},"end":{"line":10,"column":null}},"3":{"start":{"line":17,"column":0},"end":{"line":17,"column":80}},"4":{"start":{"line":30,"column":21},"end":{"line":30,"column":36}},"5":{"start":{"line":31,"column":4},"end":{"line":31,"column":71}},"6":{"start":{"line":38,"column":4},"end":{"line":139,"column":5}},"7":{"start":{"line":39,"column":25},"end":{"line":39,"column":40}},"8":{"start":{"line":40,"column":6},"end":{"line":40,"column":89}},"9":{"start":{"line":43,"column":22},"end":{"line":43,"column":64}},"10":{"start":{"line":44,"column":6},"end":{"line":49,"column":9}},"11":{"start":{"line":52,"column":26},"end":{"line":56,"column":8}},"12":{"start":{"line":59,"column":31},"end":{"line":72,"column":8}},"13":{"start":{"line":75,"column":29},"end":{"line":81,"column":null}},"14":{"start":{"line":85,"column":6},"end":{"line":93,"column":7}},"15":{"start":{"line":86,"column":8},"end":{"line":86,"column":82}},"16":{"start":{"line":87,"column":8},"end":{"line":92,"column":9}},"17":{"start":{"line":88,"column":10},"end":{"line":91,"column":11}},"18":{"start":{"line":89,"column":12},"end":{"line":89,"column":46}},"19":{"start":{"line":90,"column":12},"end":{"line":90,"column":90}},"20":{"start":{"line":96,"column":6},"end":{"line":98,"column":7}},"21":{"start":{"line":97,"column":8},"end":{"line":97,"column":89}},"22":{"start":{"line":97,"column":14},"end":{"line":97,"column":78}},"23":{"start":{"line":99,"column":6},"end":{"line":101,"column":7}},"24":{"start":{"line":100,"column":8},"end":{"line":100,"column":89}},"25":{"start":{"line":100,"column":14},"end":{"line":100,"column":78}},"26":{"start":{"line":104,"column":25},"end":{"line":104,"column":61}},"27":{"start":{"line":105,"column":6},"end":{"line":108,"column":7}},"28":{"start":{"line":106,"column":8},"end":{"line":106,"column":69}},"29":{"start":{"line":107,"column":8},"end":{"line":107,"column":78}},"30":{"start":{"line":110,"column":20},"end":{"line":110,"column":35}},"31":{"start":{"line":113,"column":28},"end":{"line":113,"column":54}},"32":{"start":{"line":114,"column":36},"end":{"line":115,"column":null}},"33":{"start":{"line":115,"column":8},"end":{"line":115,"column":96}},"34":{"start":{"line":118,"column":6},"end":{"line":118,"column":87}},"35":{"start":{"line":119,"column":6},"end":{"line":123,"column":62}},"36":{"start":{"line":123,"column":50},"end":{"line":123,"column":60}},"37":{"start":{"line":126,"column":25},"end":{"line":126,"column":89}},"38":{"start":{"line":128,"column":6},"end":{"line":134,"column":8}},"39":{"start":{"line":137,"column":6},"end":{"line":137,"column":54}},"40":{"start":{"line":138,"column":6},"end":{"line":138,"column":111}},"41":{"start":{"line":149,"column":25},"end":{"line":149,"column":37}},"42":{"start":{"line":151,"column":4},"end":{"line":164,"column":5}},"43":{"start":{"line":152,"column":24},"end":{"line":152,"column":59}},"44":{"start":{"line":154,"column":6},"end":{"line":163,"column":7}},"45":{"start":{"line":155,"column":26},"end":{"line":155,"column":56}},"46":{"start":{"line":158,"column":26},"end":{"line":158,"column":78}},"47":{"start":{"line":160,"column":8},"end":{"line":160,"column":38}},"48":{"start":{"line":161,"column":8},"end":{"line":161,"column":35}},"49":{"start":{"line":162,"column":8},"end":{"line":162,"column":38}},"50":{"start":{"line":167,"column":4},"end":{"line":167,"column":67}},"51":{"start":{"line":168,"column":4},"end":{"line":168,"column":150}},"52":{"start":{"line":168,"column":138},"end":{"line":168,"column":148}},"53":{"start":{"line":169,"column":4},"end":{"line":169,"column":42}},"54":{"start":{"line":171,"column":4},"end":{"line":171,"column":24}},"55":{"start":{"line":178,"column":4},"end":{"line":226,"column":62}},"56":{"start":{"line":233,"column":4},"end":{"line":237,"column":93}},"57":{"start":{"line":244,"column":127},"end":{"line":290,"column":6}},"58":{"start":{"line":292,"column":4},"end":{"line":305,"column":23}},"59":{"start":{"line":294,"column":29},"end":{"line":294,"column":47}},"60":{"start":{"line":295,"column":8},"end":{"line":302,"column":9}},"61":{"start":{"line":296,"column":10},"end":{"line":301,"column":12}},"62":{"start":{"line":303,"column":8},"end":{"line":303,"column":20}},"63":{"start":{"line":312,"column":4},"end":{"line":342,"column":5}},"64":{"start":{"line":314,"column":23},"end":{"line":314,"column":64}},"65":{"start":{"line":315,"column":8},"end":{"line":315,"column":45}},"66":{"start":{"line":319,"column":26},"end":{"line":319,"column":71}},"67":{"start":{"line":320,"column":8},"end":{"line":320,"column":41}},"68":{"start":{"line":324,"column":25},"end":{"line":324,"column":57}},"69":{"start":{"line":325,"column":8},"end":{"line":325,"column":47}},"70":{"start":{"line":329,"column":32},"end":{"line":334,"column":10}},"71":{"start":{"line":335,"column":25},"end":{"line":336,"column":null}},"72":{"start":{"line":336,"column":10},"end":{"line":336,"column":52}},"73":{"start":{"line":338,"column":8},"end":{"line":338,"column":34}},"74":{"start":{"line":341,"column":8},"end":{"line":341,"column":29}},"75":{"start":{"line":349,"column":17},"end":{"line":349,"column":54}},"76":{"start":{"line":350,"column":21},"end":{"line":350,"column":119}},"77":{"start":{"line":351,"column":20},"end":{"line":351,"column":40}},"78":{"start":{"line":353,"column":4},"end":{"line":357,"column":5}},"79":{"start":{"line":354,"column":6},"end":{"line":354,"column":64}},"80":{"start":{"line":356,"column":6},"end":{"line":356,"column":56}},"81":{"start":{"line":364,"column":22},"end":{"line":364,"column":50}},"82":{"start":{"line":365,"column":21},"end":{"line":365,"column":119}},"83":{"start":{"line":367,"column":4},"end":{"line":367,"column":98}},"84":{"start":{"line":374,"column":27},"end":{"line":374,"column":29}},"85":{"start":{"line":377,"column":4},"end":{"line":379,"column":7}},"86":{"start":{"line":378,"column":6},"end":{"line":378,"column":49}},"87":{"start":{"line":382,"column":4},"end":{"line":384,"column":5}},"88":{"start":{"line":383,"column":6},"end":{"line":383,"column":39}},"89":{"start":{"line":387,"column":4},"end":{"line":389,"column":5}},"90":{"start":{"line":388,"column":6},"end":{"line":388,"column":35}},"91":{"start":{"line":391,"column":4},"end":{"line":391,"column":30}},"92":{"start":{"line":398,"column":47},"end":{"line":403,"column":6}},"93":{"start":{"line":404,"column":4},"end":{"line":404,"column":45}},"94":{"start":{"line":411,"column":47},"end":{"line":416,"column":6}},"95":{"start":{"line":417,"column":4},"end":{"line":417,"column":41}},"96":{"start":{"line":428,"column":44},"end":{"line":428,"column":46}},"97":{"start":{"line":430,"column":4},"end":{"line":471,"column":5}},"98":{"start":{"line":431,"column":6},"end":{"line":470,"column":7}},"99":{"start":{"line":433,"column":10},"end":{"line":440,"column":11}},"100":{"start":{"line":434,"column":30},"end":{"line":434,"column":63}},"101":{"start":{"line":435,"column":12},"end":{"line":439,"column":14}},"102":{"start":{"line":441,"column":10},"end":{"line":441,"column":16}},"103":{"start":{"line":444,"column":10},"end":{"line":446,"column":11}},"104":{"start":{"line":445,"column":12},"end":{"line":445,"column":71}},"105":{"start":{"line":447,"column":10},"end":{"line":447,"column":16}},"106":{"start":{"line":450,"column":33},"end":{"line":450,"column":61}},"107":{"start":{"line":451,"column":10},"end":{"line":455,"column":11}},"108":{"start":{"line":452,"column":12},"end":{"line":452,"column":131}},"109":{"start":{"line":454,"column":12},"end":{"line":454,"column":86}},"110":{"start":{"line":456,"column":10},"end":{"line":456,"column":16}},"111":{"start":{"line":459,"column":10},"end":{"line":461,"column":11}},"112":{"start":{"line":460,"column":12},"end":{"line":460,"column":129}},"113":{"start":{"line":462,"column":10},"end":{"line":462,"column":16}},"114":{"start":{"line":466,"column":34},"end":{"line":466,"column":76}},"115":{"start":{"line":467,"column":10},"end":{"line":469,"column":11}},"116":{"start":{"line":468,"column":12},"end":{"line":468,"column":44}},"117":{"start":{"line":473,"column":4},"end":{"line":473,"column":21}},"118":{"start":{"line":480,"column":21},"end":{"line":480,"column":42}},"119":{"start":{"line":483,"column":4},"end":{"line":485,"column":5}},"120":{"start":{"line":484,"column":6},"end":{"line":484,"column":24}},"121":{"start":{"line":488,"column":4},"end":{"line":490,"column":5}},"122":{"start":{"line":489,"column":6},"end":{"line":489,"column":24}},"123":{"start":{"line":492,"column":4},"end":{"line":494,"column":5}},"124":{"start":{"line":493,"column":6},"end":{"line":493,"column":24}},"125":{"start":{"line":497,"column":27},"end":{"line":497,"column":75}},"126":{"start":{"line":498,"column":4},"end":{"line":498,"column":33}},"127":{"start":{"line":500,"column":4},"end":{"line":500,"column":52}},"128":{"start":{"line":507,"column":19},"end":{"line":510,"column":6}},"129":{"start":{"line":512,"column":29},"end":{"line":514,"column":38}},"130":{"start":{"line":513,"column":23},"end":{"line":513,"column":54}},"131":{"start":{"line":514,"column":20},"end":{"line":514,"column":37}},"132":{"start":{"line":516,"column":4},"end":{"line":516,"column":48}},"133":{"start":{"line":516,"column":39},"end":{"line":516,"column":48}},"134":{"start":{"line":518,"column":4},"end":{"line":518,"column":93}},"135":{"start":{"line":518,"column":51},"end":{"line":518,"column":62}},"136":{"start":{"line":525,"column":41},"end":{"line":547,"column":6}},"137":{"start":{"line":544,"column":51},"end":{"line":544,"column":61}},"138":{"start":{"line":549,"column":4},"end":{"line":555,"column":6}},"139":{"start":{"line":553,"column":30},"end":{"line":553,"column":39}},"140":{"start":{"line":27,"column":0},"end":{"line":27,"column":13}},"141":{"start":{"line":559,"column":0},"end":{"line":559,"column":38}}},"fnMap":{"0":{"name":"(anonymous_0)","decl":{"start":{"line":28,"column":2},"end":{"line":28,"column":null}},"loc":{"start":{"line":28,"column":2},"end":{"line":32,"column":3}}},"1":{"name":"(anonymous_1)","decl":{"start":{"line":37,"column":2},"end":{"line":37,"column":7}},"loc":{"start":{"line":37,"column":62},"end":{"line":140,"column":3}}},"2":{"name":"(anonymous_2)","decl":{"start":{"line":114,"column":65},"end":{"line":114,"column":70}},"loc":{"start":{"line":115,"column":8},"end":{"line":115,"column":96}}},"3":{"name":"(anonymous_3)","decl":{"start":{"line":123,"column":15},"end":{"line":123,"column":16}},"loc":{"start":{"line":123,"column":50},"end":{"line":123,"column":60}}},"4":{"name":"(anonymous_4)","decl":{"start":{"line":145,"column":2},"end":{"line":145,"column":7}},"loc":{"start":{"line":147,"column":51},"end":{"line":172,"column":3}}},"5":{"name":"(anonymous_5)","decl":{"start":{"line":168,"column":103},"end":{"line":168,"column":104}},"loc":{"start":{"line":168,"column":138},"end":{"line":168,"column":148}}},"6":{"name":"(anonymous_6)","decl":{"start":{"line":177,"column":10},"end":{"line":177,"column":27}},"loc":{"start":{"line":177,"column":27},"end":{"line":227,"column":3}}},"7":{"name":"(anonymous_7)","decl":{"start":{"line":232,"column":10},"end":{"line":232,"column":25}},"loc":{"start":{"line":232,"column":44},"end":{"line":238,"column":3}}},"8":{"name":"(anonymous_8)","decl":{"start":{"line":243,"column":10},"end":{"line":243,"column":35}},"loc":{"start":{"line":243,"column":59},"end":{"line":306,"column":3}}},"9":{"name":"(anonymous_9)","decl":{"start":{"line":293,"column":11},"end":{"line":293,"column":16}},"loc":{"start":{"line":293,"column":19},"end":{"line":304,"column":7}}},"10":{"name":"(anonymous_10)","decl":{"start":{"line":311,"column":10},"end":{"line":311,"column":28}},"loc":{"start":{"line":311,"column":58},"end":{"line":343,"column":3}}},"11":{"name":"(anonymous_11)","decl":{"start":{"line":335,"column":46},"end":{"line":335,"column":49}},"loc":{"start":{"line":336,"column":10},"end":{"line":336,"column":52}}},"12":{"name":"(anonymous_12)","decl":{"start":{"line":348,"column":10},"end":{"line":348,"column":31}},"loc":{"start":{"line":348,"column":44},"end":{"line":358,"column":3}}},"13":{"name":"(anonymous_13)","decl":{"start":{"line":363,"column":10},"end":{"line":363,"column":33}},"loc":{"start":{"line":363,"column":66},"end":{"line":368,"column":3}}},"14":{"name":"(anonymous_14)","decl":{"start":{"line":373,"column":10},"end":{"line":373,"column":30}},"loc":{"start":{"line":373,"column":43},"end":{"line":392,"column":3}}},"15":{"name":"(anonymous_15)","decl":{"start":{"line":377,"column":36},"end":{"line":377,"column":37}},"loc":{"start":{"line":377,"column":54},"end":{"line":379,"column":5}}},"16":{"name":"(anonymous_16)","decl":{"start":{"line":397,"column":10},"end":{"line":397,"column":31}},"loc":{"start":{"line":397,"column":52},"end":{"line":405,"column":3}}},"17":{"name":"(anonymous_17)","decl":{"start":{"line":410,"column":10},"end":{"line":410,"column":37}},"loc":{"start":{"line":410,"column":58},"end":{"line":418,"column":3}}},"18":{"name":"(anonymous_18)","decl":{"start":{"line":423,"column":10},"end":{"line":423,"column":43}},"loc":{"start":{"line":426,"column":19},"end":{"line":474,"column":3}}},"19":{"name":"(anonymous_19)","decl":{"start":{"line":479,"column":10},"end":{"line":479,"column":37}},"loc":{"start":{"line":479,"column":79},"end":{"line":501,"column":3}}},"20":{"name":"(anonymous_20)","decl":{"start":{"line":506,"column":10},"end":{"line":506,"column":36}},"loc":{"start":{"line":506,"column":57},"end":{"line":519,"column":3}}},"21":{"name":"(anonymous_21)","decl":{"start":{"line":513,"column":14},"end":{"line":513,"column":19}},"loc":{"start":{"line":513,"column":23},"end":{"line":513,"column":54}}},"22":{"name":"(anonymous_22)","decl":{"start":{"line":514,"column":11},"end":{"line":514,"column":16}},"loc":{"start":{"line":514,"column":20},"end":{"line":514,"column":37}}},"23":{"name":"(anonymous_23)","decl":{"start":{"line":518,"column":35},"end":{"line":518,"column":36}},"loc":{"start":{"line":518,"column":51},"end":{"line":518,"column":62}}},"24":{"name":"(anonymous_24)","decl":{"start":{"line":524,"column":10},"end":{"line":524,"column":30}},"loc":{"start":{"line":524,"column":69},"end":{"line":556,"column":3}}},"25":{"name":"(anonymous_25)","decl":{"start":{"line":544,"column":16},"end":{"line":544,"column":17}},"loc":{"start":{"line":544,"column":51},"end":{"line":544,"column":61}}},"26":{"name":"(anonymous_26)","decl":{"start":{"line":553,"column":25},"end":{"line":553,"column":26}},"loc":{"start":{"line":553,"column":30},"end":{"line":553,"column":39}}}},"branchMap":{"0":{"loc":{"start":{"line":48,"column":18},"end":{"line":48,"column":99}},"type":"cond-expr","locations":[{"start":{"line":48,"column":55},"end":{"line":48,"column":90}},{"start":{"line":48,"column":93},"end":{"line":48,"column":99}}]},"1":{"loc":{"start":{"line":60,"column":15},"end":{"line":60,"column":71}},"type":"binary-expr","locations":[{"start":{"line":60,"column":15},"end":{"line":60,"column":32}},{"start":{"line":60,"column":36},"end":{"line":60,"column":71}}]},"2":{"loc":{"start":{"line":61,"column":15},"end":{"line":61,"column":46}},"type":"binary-expr","locations":[{"start":{"line":61,"column":15},"end":{"line":61,"column":32}},{"start":{"line":61,"column":36},"end":{"line":61,"column":46}}]},"3":{"loc":{"start":{"line":62,"column":20},"end":{"line":62,"column":113}},"type":"binary-expr","locations":[{"start":{"line":62,"column":20},"end":{"line":62,"column":42}},{"start":{"line":62,"column":46},"end":{"line":62,"column":64}},{"start":{"line":62,"column":68},"end":{"line":62,"column":113}}]},"4":{"loc":{"start":{"line":63,"column":18},"end":{"line":63,"column":136}},"type":"binary-expr","locations":[{"start":{"line":63,"column":18},"end":{"line":63,"column":38}},{"start":{"line":63,"column":43},"end":{"line":63,"column":135}}]},"5":{"loc":{"start":{"line":63,"column":43},"end":{"line":63,"column":135}},"type":"cond-expr","locations":[{"start":{"line":63,"column":80},"end":{"line":63,"column":115}},{"start":{"line":63,"column":118},"end":{"line":63,"column":135}}]},"6":{"loc":{"start":{"line":64,"column":21},"end":{"line":64,"column":93}},"type":"binary-expr","locations":[{"start":{"line":64,"column":21},"end":{"line":64,"column":44}},{"start":{"line":64,"column":48},"end":{"line":64,"column":69}},{"start":{"line":64,"column":73},"end":{"line":64,"column":93}}]},"7":{"loc":{"start":{"line":65,"column":18},"end":{"line":65,"column":120}},"type":"binary-expr","locations":[{"start":{"line":65,"column":18},"end":{"line":65,"column":38}},{"start":{"line":65,"column":43},"end":{"line":65,"column":119}}]},"8":{"loc":{"start":{"line":65,"column":43},"end":{"line":65,"column":119}},"type":"cond-expr","locations":[{"start":{"line":65,"column":83},"end":{"line":65,"column":112}},{"start":{"line":65,"column":115},"end":{"line":65,"column":119}}]},"9":{"loc":{"start":{"line":66,"column":17},"end":{"line":66,"column":89}},"type":"binary-expr","locations":[{"start":{"line":66,"column":17},"end":{"line":66,"column":36}},{"start":{"line":66,"column":40},"end":{"line":66,"column":89}}]},"10":{"loc":{"start":{"line":67,"column":14},"end":{"line":67,"column":68}},"type":"binary-expr","locations":[{"start":{"line":67,"column":14},"end":{"line":67,"column":30}},{"start":{"line":67,"column":34},"end":{"line":67,"column":68}}]},"11":{"loc":{"start":{"line":69,"column":18},"end":{"line":69,"column":96}},"type":"binary-expr","locations":[{"start":{"line":69,"column":18},"end":{"line":69,"column":38}},{"start":{"line":69,"column":42},"end":{"line":69,"column":96}}]},"12":{"loc":{"start":{"line":85,"column":6},"end":{"line":93,"column":7}},"type":"if","locations":[{"start":{"line":85,"column":6},"end":{"line":93,"column":7}}]},"13":{"loc":{"start":{"line":88,"column":10},"end":{"line":91,"column":11}},"type":"if","locations":[{"start":{"line":88,"column":10},"end":{"line":91,"column":11}}]},"14":{"loc":{"start":{"line":88,"column":14},"end":{"line":88,"column":68}},"type":"binary-expr","locations":[{"start":{"line":88,"column":14},"end":{"line":88,"column":35}},{"start":{"line":88,"column":39},"end":{"line":88,"column":68}}]},"15":{"loc":{"start":{"line":96,"column":6},"end":{"line":98,"column":7}},"type":"if","locations":[{"start":{"line":96,"column":6},"end":{"line":98,"column":7}}]},"16":{"loc":{"start":{"line":96,"column":10},"end":{"line":96,"column":72}},"type":"binary-expr","locations":[{"start":{"line":96,"column":10},"end":{"line":96,"column":23}},{"start":{"line":96,"column":27},"end":{"line":96,"column":72}}]},"17":{"loc":{"start":{"line":99,"column":6},"end":{"line":101,"column":7}},"type":"if","locations":[{"start":{"line":99,"column":6},"end":{"line":101,"column":7}}]},"18":{"loc":{"start":{"line":99,"column":10},"end":{"line":99,"column":72}},"type":"binary-expr","locations":[{"start":{"line":99,"column":10},"end":{"line":99,"column":23}},{"start":{"line":99,"column":27},"end":{"line":99,"column":72}}]},"19":{"loc":{"start":{"line":105,"column":6},"end":{"line":108,"column":7}},"type":"if","locations":[{"start":{"line":105,"column":6},"end":{"line":108,"column":7}}]},"20":{"loc":{"start":{"line":115,"column":8},"end":{"line":115,"column":96}},"type":"binary-expr","locations":[{"start":{"line":115,"column":8},"end":{"line":115,"column":56}},{"start":{"line":115,"column":60},"end":{"line":115,"column":96}}]},"21":{"loc":{"start":{"line":133,"column":18},"end":{"line":133,"column":109}},"type":"cond-expr","locations":[{"start":{"line":133,"column":51},"end":{"line":133,"column":104}},{"start":{"line":133,"column":107},"end":{"line":133,"column":109}}]},"22":{"loc":{"start":{"line":138,"column":52},"end":{"line":138,"column":108}},"type":"cond-expr","locations":[{"start":{"line":138,"column":77},"end":{"line":138,"column":90}},{"start":{"line":138,"column":93},"end":{"line":138,"column":108}}]},"23":{"loc":{"start":{"line":154,"column":6},"end":{"line":163,"column":7}},"type":"if","locations":[{"start":{"line":154,"column":6},"end":{"line":163,"column":7}}]},"24":{"loc":{"start":{"line":154,"column":10},"end":{"line":154,"column":80}},"type":"binary-expr","locations":[{"start":{"line":154,"column":10},"end":{"line":154,"column":33}},{"start":{"line":154,"column":37},"end":{"line":154,"column":80}}]},"25":{"loc":{"start":{"line":295,"column":8},"end":{"line":302,"column":9}},"type":"if","locations":[{"start":{"line":295,"column":8},"end":{"line":302,"column":9}}]},"26":{"loc":{"start":{"line":312,"column":4},"end":{"line":342,"column":5}},"type":"switch","locations":[{"start":{"line":313,"column":6},"end":{"line":315,"column":45}},{"start":{"line":317,"column":6},"end":{"line":320,"column":41}},{"start":{"line":322,"column":6},"end":{"line":325,"column":47}},{"start":{"line":327,"column":6},"end":{"line":338,"column":34}},{"start":{"line":340,"column":6},"end":{"line":341,"column":29}}]},"27":{"loc":{"start":{"line":315,"column":15},"end":{"line":315,"column":44}},"type":"cond-expr","locations":[{"start":{"line":315,"column":31},"end":{"line":315,"column":35}},{"start":{"line":315,"column":38},"end":{"line":315,"column":44}}]},"28":{"loc":{"start":{"line":320,"column":15},"end":{"line":320,"column":40}},"type":"cond-expr","locations":[{"start":{"line":320,"column":27},"end":{"line":320,"column":33}},{"start":{"line":320,"column":36},"end":{"line":320,"column":40}}]},"29":{"loc":{"start":{"line":325,"column":15},"end":{"line":325,"column":46}},"type":"cond-expr","locations":[{"start":{"line":325,"column":26},"end":{"line":325,"column":37}},{"start":{"line":325,"column":40},"end":{"line":325,"column":46}}]},"30":{"loc":{"start":{"line":338,"column":15},"end":{"line":338,"column":33}},"type":"binary-expr","locations":[{"start":{"line":338,"column":15},"end":{"line":338,"column":23}},{"start":{"line":338,"column":27},"end":{"line":338,"column":33}}]},"31":{"loc":{"start":{"line":349,"column":17},"end":{"line":349,"column":54}},"type":"binary-expr","locations":[{"start":{"line":349,"column":17},"end":{"line":349,"column":38}},{"start":{"line":349,"column":42},"end":{"line":349,"column":54}}]},"32":{"loc":{"start":{"line":350,"column":21},"end":{"line":350,"column":119}},"type":"cond-expr","locations":[{"start":{"line":350,"column":58},"end":{"line":350,"column":107}},{"start":{"line":350,"column":110},"end":{"line":350,"column":119}}]},"33":{"loc":{"start":{"line":353,"column":4},"end":{"line":357,"column":5}},"type":"if","locations":[{"start":{"line":353,"column":4},"end":{"line":357,"column":5}},{"start":{"line":355,"column":11},"end":{"line":357,"column":5}}]},"34":{"loc":{"start":{"line":353,"column":8},"end":{"line":353,"column":52}},"type":"binary-expr","locations":[{"start":{"line":353,"column":8},"end":{"line":353,"column":30}},{"start":{"line":353,"column":34},"end":{"line":353,"column":52}}]},"35":{"loc":{"start":{"line":365,"column":21},"end":{"line":365,"column":119}},"type":"cond-expr","locations":[{"start":{"line":365,"column":58},"end":{"line":365,"column":107}},{"start":{"line":365,"column":110},"end":{"line":365,"column":119}}]},"36":{"loc":{"start":{"line":367,"column":26},"end":{"line":367,"column":62}},"type":"cond-expr","locations":[{"start":{"line":367,"column":52},"end":{"line":367,"column":57}},{"start":{"line":367,"column":60},"end":{"line":367,"column":62}}]},"37":{"loc":{"start":{"line":382,"column":4},"end":{"line":384,"column":5}},"type":"if","locations":[{"start":{"line":382,"column":4},"end":{"line":384,"column":5}}]},"38":{"loc":{"start":{"line":382,"column":8},"end":{"line":382,"column":78}},"type":"binary-expr","locations":[{"start":{"line":382,"column":8},"end":{"line":382,"column":43}},{"start":{"line":382,"column":47},"end":{"line":382,"column":78}}]},"39":{"loc":{"start":{"line":387,"column":4},"end":{"line":389,"column":5}},"type":"if","locations":[{"start":{"line":387,"column":4},"end":{"line":389,"column":5}}]},"40":{"loc":{"start":{"line":404,"column":11},"end":{"line":404,"column":44}},"type":"binary-expr","locations":[{"start":{"line":404,"column":11},"end":{"line":404,"column":32}},{"start":{"line":404,"column":36},"end":{"line":404,"column":44}}]},"41":{"loc":{"start":{"line":417,"column":11},"end":{"line":417,"column":40}},"type":"binary-expr","locations":[{"start":{"line":417,"column":11},"end":{"line":417,"column":32}},{"start":{"line":417,"column":36},"end":{"line":417,"column":40}}]},"42":{"loc":{"start":{"line":431,"column":6},"end":{"line":470,"column":7}},"type":"switch","locations":[{"start":{"line":432,"column":8},"end":{"line":441,"column":16}},{"start":{"line":443,"column":8},"end":{"line":447,"column":16}},{"start":{"line":449,"column":8},"end":{"line":456,"column":16}},{"start":{"line":458,"column":8},"end":{"line":462,"column":16}},{"start":{"line":464,"column":8},"end":{"line":469,"column":11}}]},"43":{"loc":{"start":{"line":433,"column":10},"end":{"line":440,"column":11}},"type":"if","locations":[{"start":{"line":433,"column":10},"end":{"line":440,"column":11}}]},"44":{"loc":{"start":{"line":436,"column":14},"end":{"line":438,"column":57}},"type":"cond-expr","locations":[{"start":{"line":437,"column":18},"end":{"line":437,"column":157}},{"start":{"line":438,"column":18},"end":{"line":438,"column":57}}]},"45":{"loc":{"start":{"line":444,"column":10},"end":{"line":446,"column":11}},"type":"if","locations":[{"start":{"line":444,"column":10},"end":{"line":446,"column":11}}]},"46":{"loc":{"start":{"line":451,"column":10},"end":{"line":455,"column":11}},"type":"if","locations":[{"start":{"line":451,"column":10},"end":{"line":455,"column":11}},{"start":{"line":453,"column":17},"end":{"line":455,"column":11}}]},"47":{"loc":{"start":{"line":459,"column":10},"end":{"line":461,"column":11}},"type":"if","locations":[{"start":{"line":459,"column":10},"end":{"line":461,"column":11}}]},"48":{"loc":{"start":{"line":467,"column":10},"end":{"line":469,"column":11}},"type":"if","locations":[{"start":{"line":467,"column":10},"end":{"line":469,"column":11}}]},"49":{"loc":{"start":{"line":483,"column":4},"end":{"line":485,"column":5}},"type":"if","locations":[{"start":{"line":483,"column":4},"end":{"line":485,"column":5}}]},"50":{"loc":{"start":{"line":488,"column":4},"end":{"line":490,"column":5}},"type":"if","locations":[{"start":{"line":488,"column":4},"end":{"line":490,"column":5}}]},"51":{"loc":{"start":{"line":488,"column":8},"end":{"line":488,"column":62}},"type":"binary-expr","locations":[{"start":{"line":488,"column":8},"end":{"line":488,"column":29}},{"start":{"line":488,"column":33},"end":{"line":488,"column":62}}]},"52":{"loc":{"start":{"line":492,"column":4},"end":{"line":494,"column":5}},"type":"if","locations":[{"start":{"line":492,"column":4},"end":{"line":494,"column":5}}]},"53":{"loc":{"start":{"line":492,"column":8},"end":{"line":492,"column":76}},"type":"binary-expr","locations":[{"start":{"line":492,"column":8},"end":{"line":492,"column":42}},{"start":{"line":492,"column":46},"end":{"line":492,"column":76}}]},"54":{"loc":{"start":{"line":516,"column":4},"end":{"line":516,"column":48}},"type":"if","locations":[{"start":{"line":516,"column":4},"end":{"line":516,"column":48}}]},"55":{"loc":{"start":{"line":524,"column":51},"end":{"line":524,"column":69}},"type":"default-arg","locations":[{"start":{"line":524,"column":67},"end":{"line":524,"column":69}}]},"56":{"loc":{"start":{"line":533,"column":26},"end":{"line":533,"column":49}},"type":"binary-expr","locations":[{"start":{"line":533,"column":26},"end":{"line":533,"column":36}},{"start":{"line":533,"column":40},"end":{"line":533,"column":49}}]},"57":{"loc":{"start":{"line":533,"column":63},"end":{"line":533,"column":83}},"type":"cond-expr","locations":[{"start":{"line":533,"column":76},"end":{"line":533,"column":79}},{"start":{"line":533,"column":82},"end":{"line":533,"column":83}}]}},"s":{"0":3,"1":3,"2":3,"3":3,"4":3,"5":3,"6":19,"7":19,"8":19,"9":19,"10":19,"11":19,"12":19,"13":19,"14":19,"15":0,"16":0,"17":0,"18":0,"19":0,"20":19,"21":0,"22":0,"23":19,"24":0,"25":0,"26":19,"27":19,"28":19,"29":19,"30":0,"31":0,"32":0,"33":0,"34":0,"35":0,"36":0,"37":0,"38":0,"39":0,"40":0,"41":0,"42":0,"43":0,"44":0,"45":0,"46":0,"47":0,"48":0,"49":0,"50":0,"51":0,"52":0,"53":0,"54":0,"55":0,"56":0,"57":19,"58":19,"59":114,"60":114,"61":114,"62":0,"63":0,"64":0,"65":0,"66":0,"67":0,"68":0,"69":0,"70":0,"71":0,"72":0,"73":0,"74":0,"75":0,"76":0,"77":0,"78":0,"79":0,"80":0,"81":0,"82":0,"83":0,"84":2,"85":2,"86":0,"87":2,"88":0,"89":2,"90":0,"91":2,"92":19,"93":19,"94":19,"95":19,"96":0,"97":0,"98":0,"99":0,"100":0,"101":0,"102":0,"103":0,"104":0,"105":0,"106":0,"107":0,"108":0,"109":0,"110":0,"111":0,"112":0,"113":0,"114":0,"115":0,"116":0,"117":0,"118":0,"119":0,"120":0,"121":0,"122":0,"123":0,"124":0,"125":0,"126":0,"127":0,"128":0,"129":0,"130":0,"131":0,"132":0,"133":0,"134":0,"135":0,"136":19,"137":114,"138":19,"139":247,"140":3,"141":3},"f":{"0":3,"1":19,"2":0,"3":0,"4":0,"5":0,"6":0,"7":0,"8":19,"9":114,"10":0,"11":0,"12":0,"13":0,"14":2,"15":0,"16":19,"17":19,"18":0,"19":0,"20":0,"21":0,"22":0,"23":0,"24":19,"25":114,"26":247},"b":{"0":[14,5],"1":[19,0],"2":[19,0],"3":[19,19,10],"4":[19,0],"5":[0,0],"6":[19,10,10],"7":[19,13],"8":[0,13],"9":[19,0],"10":[19,2],"11":[19,19],"12":[0],"13":[0],"14":[0,0],"15":[0],"16":[19,19],"17":[0],"18":[19,19],"19":[19],"20":[0,0],"21":[0,0],"22":[0,0],"23":[0],"24":[0,0],"25":[114],"26":[0,0,0,0,0],"27":[0,0],"28":[0,0],"29":[0,0],"30":[0,0],"31":[0,0],"32":[0,0],"33":[0,0],"34":[0,0],"35":[0,0],"36":[0,0],"37":[0],"38":[2,2],"39":[0],"40":[19,0],"41":[19,0],"42":[0,0,0,0,0],"43":[0],"44":[0,0],"45":[0],"46":[0,0],"47":[0],"48":[0],"49":[0],"50":[0],"51":[0,0],"52":[0],"53":[0,0],"54":[0],"55":[0],"56":[19,2],"57":[17,2]}}
,"C:\\Users\\richl\\Care2system\\backend\\src\\utils\\extraction\\rulesEngine.ts": {"path":"C:\\Users\\richl\\Care2system\\backend\\src\\utils\\extraction\\rulesEngine.ts","statementMap":{"0":{"start":{"line":316,"column":0},"end":{"line":316,"column":16}},"1":{"start":{"line":338,"column":0},"end":{"line":338,"column":16}},"2":{"start":{"line":447,"column":0},"end":{"line":447,"column":16}},"3":{"start":{"line":456,"column":0},"end":{"line":456,"column":16}},"4":{"start":{"line":594,"column":0},"end":{"line":594,"column":16}},"5":{"start":{"line":677,"column":0},"end":{"line":677,"column":16}},"6":{"start":{"line":719,"column":0},"end":{"line":719,"column":16}},"7":{"start":{"line":780,"column":0},"end":{"line":780,"column":16}},"8":{"start":{"line":872,"column":0},"end":{"line":872,"column":16}},"9":{"start":{"line":890,"column":0},"end":{"line":890,"column":16}},"10":{"start":{"line":908,"column":0},"end":{"line":908,"column":16}},"11":{"start":{"line":922,"column":0},"end":{"line":922,"column":16}},"12":{"start":{"line":936,"column":0},"end":{"line":936,"column":16}},"13":{"start":{"line":955,"column":0},"end":{"line":955,"column":16}},"14":{"start":{"line":975,"column":0},"end":{"line":975,"column":16}},"15":{"start":{"line":995,"column":0},"end":{"line":995,"column":16}},"16":{"start":{"line":1016,"column":0},"end":{"line":1016,"column":16}},"17":{"start":{"line":1039,"column":0},"end":{"line":1039,"column":16}},"18":{"start":{"line":8,"column":0},"end":{"line":8,"column":85}},"19":{"start":{"line":13,"column":52},"end":{"line":25,"column":2}},"20":{"start":{"line":27,"column":51},"end":{"line":37,"column":2}},"21":{"start":{"line":54,"column":49},"end":{"line":57,"column":2}},"22":{"start":{"line":59,"column":54},"end":{"line":64,"column":2}},"23":{"start":{"line":79,"column":5},"end":{"line":129,"column":2}},"24":{"start":{"line":132,"column":28},"end":{"line":132,"column":56}},"25":{"start":{"line":138,"column":32},"end":{"line":150,"column":4}},"26":{"start":{"line":153,"column":23},"end":{"line":153,"column":66}},"27":{"start":{"line":158,"column":31},"end":{"line":158,"column":85}},"28":{"start":{"line":159,"column":23},"end":{"line":159,"column":27}},"29":{"start":{"line":165,"column":2},"end":{"line":167,"column":3}},"30":{"start":{"line":166,"column":4},"end":{"line":166,"column":45}},"31":{"start":{"line":169,"column":2},"end":{"line":171,"column":3}},"32":{"start":{"line":170,"column":4},"end":{"line":170,"column":35}},"33":{"start":{"line":173,"column":21},"end":{"line":176,"column":4}},"34":{"start":{"line":178,"column":2},"end":{"line":178,"column":47}},"35":{"start":{"line":179,"column":2},"end":{"line":179,"column":20}},"36":{"start":{"line":193,"column":13},"end":{"line":278,"column":2}},"37":{"start":{"line":284,"column":13},"end":{"line":296,"column":2}},"38":{"start":{"line":302,"column":13},"end":{"line":311,"column":2}},"39":{"start":{"line":317,"column":21},"end":{"line":317,"column":50}},"40":{"start":{"line":319,"column":2},"end":{"line":329,"column":3}},"41":{"start":{"line":320,"column":18},"end":{"line":320,"column":52}},"42":{"start":{"line":321,"column":4},"end":{"line":328,"column":5}},"43":{"start":{"line":322,"column":24},"end":{"line":322,"column":39}},"44":{"start":{"line":323,"column":25},"end":{"line":323,"column":87}},"45":{"start":{"line":325,"column":6},"end":{"line":327,"column":7}},"46":{"start":{"line":326,"column":8},"end":{"line":326,"column":25}},"47":{"start":{"line":331,"column":2},"end":{"line":331,"column":19}},"48":{"start":{"line":339,"column":2},"end":{"line":386,"column":3}},"49":{"start":{"line":341,"column":4},"end":{"line":343,"column":5}},"50":{"start":{"line":342,"column":6},"end":{"line":342,"column":44}},"51":{"start":{"line":345,"column":23},"end":{"line":345,"column":52}},"52":{"start":{"line":347,"column":4},"end":{"line":360,"column":5}},"53":{"start":{"line":348,"column":20},"end":{"line":348,"column":54}},"54":{"start":{"line":349,"column":6},"end":{"line":359,"column":7}},"55":{"start":{"line":350,"column":26},"end":{"line":350,"column":41}},"56":{"start":{"line":351,"column":27},"end":{"line":351,"column":89}},"57":{"start":{"line":353,"column":8},"end":{"line":358,"column":9}},"58":{"start":{"line":354,"column":10},"end":{"line":357,"column":12}},"59":{"start":{"line":362,"column":4},"end":{"line":362,"column":42}},"60":{"start":{"line":365,"column":4},"end":{"line":370,"column":7}},"61":{"start":{"line":373,"column":4},"end":{"line":383,"column":5}},"62":{"start":{"line":374,"column":28},"end":{"line":374,"column":63}},"63":{"start":{"line":375,"column":6},"end":{"line":380,"column":7}},"64":{"start":{"line":376,"column":8},"end":{"line":379,"column":10}},"65":{"start":{"line":382,"column":6},"end":{"line":382,"column":104}},"66":{"start":{"line":385,"column":4},"end":{"line":385,"column":42}},"67":{"start":{"line":397,"column":2},"end":{"line":401,"column":3}},"68":{"start":{"line":398,"column":4},"end":{"line":400,"column":5}},"69":{"start":{"line":399,"column":6},"end":{"line":399,"column":47}},"70":{"start":{"line":404,"column":23},"end":{"line":404,"column":51}},"71":{"start":{"line":405,"column":21},"end":{"line":405,"column":88}},"72":{"start":{"line":406,"column":18},"end":{"line":406,"column":64}},"73":{"start":{"line":408,"column":2},"end":{"line":412,"column":3}},"74":{"start":{"line":409,"column":4},"end":{"line":411,"column":5}},"75":{"start":{"line":410,"column":6},"end":{"line":410,"column":47}},"76":{"start":{"line":415,"column":19},"end":{"line":415,"column":22}},"77":{"start":{"line":418,"column":17},"end":{"line":418,"column":40}},"78":{"start":{"line":419,"column":2},"end":{"line":421,"column":3}},"79":{"start":{"line":420,"column":4},"end":{"line":420,"column":22}},"80":{"start":{"line":424,"column":21},"end":{"line":427,"column":null}},"81":{"start":{"line":425,"column":4},"end":{"line":427,"column":51}},"82":{"start":{"line":429,"column":2},"end":{"line":431,"column":3}},"83":{"start":{"line":430,"column":4},"end":{"line":430,"column":22}},"84":{"start":{"line":434,"column":2},"end":{"line":436,"column":3}},"85":{"start":{"line":435,"column":4},"end":{"line":435,"column":22}},"86":{"start":{"line":438,"column":2},"end":{"line":441,"column":4}},"87":{"start":{"line":448,"column":17},"end":{"line":448,"column":60}},"88":{"start":{"line":449,"column":2},"end":{"line":449,"column":22}},"89":{"start":{"line":457,"column":2},"end":{"line":543,"column":3}},"90":{"start":{"line":459,"column":4},"end":{"line":461,"column":5}},"91":{"start":{"line":460,"column":6},"end":{"line":460,"column":44}},"92":{"start":{"line":463,"column":23},"end":{"line":463,"column":52}},"93":{"start":{"line":466,"column":4},"end":{"line":470,"column":5}},"94":{"start":{"line":467,"column":6},"end":{"line":469,"column":7}},"95":{"start":{"line":468,"column":8},"end":{"line":468,"column":46}},"96":{"start":{"line":472,"column":21},"end":{"line":472,"column":60}},"97":{"start":{"line":474,"column":4},"end":{"line":509,"column":5}},"98":{"start":{"line":475,"column":22},"end":{"line":475,"column":56}},"99":{"start":{"line":476,"column":6},"end":{"line":508,"column":7}},"100":{"start":{"line":477,"column":24},"end":{"line":477,"column":48}},"101":{"start":{"line":479,"column":8},"end":{"line":507,"column":9}},"102":{"start":{"line":481,"column":29},"end":{"line":481,"column":47}},"103":{"start":{"line":482,"column":36},"end":{"line":482,"column":101}},"104":{"start":{"line":484,"column":10},"end":{"line":486,"column":11}},"105":{"start":{"line":485,"column":12},"end":{"line":485,"column":21}},"106":{"start":{"line":489,"column":32},"end":{"line":489,"column":61}},"107":{"start":{"line":490,"column":10},"end":{"line":496,"column":11}},"108":{"start":{"line":491,"column":28},"end":{"line":491,"column":54}},"109":{"start":{"line":492,"column":12},"end":{"line":495,"column":14}},"110":{"start":{"line":499,"column":32},"end":{"line":499,"column":61}},"111":{"start":{"line":500,"column":10},"end":{"line":506,"column":11}},"112":{"start":{"line":501,"column":28},"end":{"line":501,"column":54}},"113":{"start":{"line":502,"column":12},"end":{"line":505,"column":14}},"114":{"start":{"line":511,"column":4},"end":{"line":511,"column":42}},"115":{"start":{"line":514,"column":4},"end":{"line":519,"column":7}},"116":{"start":{"line":522,"column":4},"end":{"line":540,"column":5}},"117":{"start":{"line":523,"column":29},"end":{"line":523,"column":60}},"118":{"start":{"line":524,"column":6},"end":{"line":529,"column":7}},"119":{"start":{"line":525,"column":23},"end":{"line":525,"column":50}},"120":{"start":{"line":526,"column":8},"end":{"line":528,"column":9}},"121":{"start":{"line":527,"column":10},"end":{"line":527,"column":52}},"122":{"start":{"line":531,"column":29},"end":{"line":531,"column":70}},"123":{"start":{"line":532,"column":6},"end":{"line":537,"column":7}},"124":{"start":{"line":533,"column":23},"end":{"line":533,"column":50}},"125":{"start":{"line":534,"column":8},"end":{"line":536,"column":9}},"126":{"start":{"line":535,"column":10},"end":{"line":535,"column":52}},"127":{"start":{"line":539,"column":6},"end":{"line":539,"column":106}},"128":{"start":{"line":542,"column":4},"end":{"line":542,"column":42}},"129":{"start":{"line":554,"column":23},"end":{"line":554,"column":52}},"130":{"start":{"line":555,"column":21},"end":{"line":555,"column":85}},"131":{"start":{"line":556,"column":18},"end":{"line":556,"column":74}},"132":{"start":{"line":559,"column":22},"end":{"line":559,"column":76}},"133":{"start":{"line":559,"column":53},"end":{"line":559,"column":75}},"134":{"start":{"line":562,"column":29},"end":{"line":562,"column":79}},"135":{"start":{"line":565,"column":2},"end":{"line":567,"column":3}},"136":{"start":{"line":566,"column":4},"end":{"line":566,"column":46}},"137":{"start":{"line":570,"column":2},"end":{"line":572,"column":3}},"138":{"start":{"line":571,"column":4},"end":{"line":571,"column":46}},"139":{"start":{"line":575,"column":2},"end":{"line":577,"column":3}},"140":{"start":{"line":576,"column":4},"end":{"line":576,"column":46}},"141":{"start":{"line":580,"column":2},"end":{"line":580,"column":43}},"142":{"start":{"line":587,"column":2},"end":{"line":587,"column":48}},"143":{"start":{"line":595,"column":2},"end":{"line":627,"column":3}},"144":{"start":{"line":597,"column":4},"end":{"line":599,"column":5}},"145":{"start":{"line":598,"column":6},"end":{"line":598,"column":22}},"146":{"start":{"line":601,"column":21},"end":{"line":601,"column":53}},"147":{"start":{"line":603,"column":4},"end":{"line":616,"column":5}},"148":{"start":{"line":604,"column":20},"end":{"line":604,"column":45}},"149":{"start":{"line":605,"column":6},"end":{"line":615,"column":7}},"150":{"start":{"line":606,"column":33},"end":{"line":606,"column":56}},"151":{"start":{"line":608,"column":8},"end":{"line":610,"column":9}},"152":{"start":{"line":609,"column":10},"end":{"line":609,"column":33}},"153":{"start":{"line":612,"column":8},"end":{"line":614,"column":9}},"154":{"start":{"line":613,"column":10},"end":{"line":613,"column":26}},"155":{"start":{"line":618,"column":4},"end":{"line":618,"column":20}},"156":{"start":{"line":620,"column":4},"end":{"line":624,"column":7}},"157":{"start":{"line":626,"column":4},"end":{"line":626,"column":20}},"158":{"start":{"line":634,"column":49},"end":{"line":641,"column":4}},"159":{"start":{"line":643,"column":16},"end":{"line":643,"column":47}},"160":{"start":{"line":644,"column":14},"end":{"line":644,"column":15}},"161":{"start":{"line":645,"column":16},"end":{"line":645,"column":17}},"162":{"start":{"line":647,"column":2},"end":{"line":658,"column":3}},"163":{"start":{"line":648,"column":4},"end":{"line":657,"column":5}},"164":{"start":{"line":649,"column":6},"end":{"line":656,"column":7}},"165":{"start":{"line":650,"column":8},"end":{"line":650,"column":23}},"166":{"start":{"line":651,"column":13},"end":{"line":656,"column":7}},"167":{"start":{"line":652,"column":8},"end":{"line":652,"column":32}},"168":{"start":{"line":653,"column":8},"end":{"line":653,"column":20}},"169":{"start":{"line":655,"column":8},"end":{"line":655,"column":37}},"170":{"start":{"line":660,"column":2},"end":{"line":660,"column":19}},"171":{"start":{"line":661,"column":2},"end":{"line":661,"column":34}},"172":{"start":{"line":668,"column":20},"end":{"line":668,"column":45}},"173":{"start":{"line":669,"column":17},"end":{"line":669,"column":40}},"174":{"start":{"line":670,"column":2},"end":{"line":670,"column":39}},"175":{"start":{"line":678,"column":2},"end":{"line":713,"column":3}},"176":{"start":{"line":680,"column":4},"end":{"line":682,"column":5}},"177":{"start":{"line":681,"column":6},"end":{"line":681,"column":19}},"178":{"start":{"line":684,"column":17},"end":{"line":684,"column":41}},"179":{"start":{"line":687,"column":29},"end":{"line":687,"column":128}},"180":{"start":{"line":688,"column":4},"end":{"line":690,"column":5}},"181":{"start":{"line":688,"column":41},"end":{"line":688,"column":63}},"182":{"start":{"line":689,"column":6},"end":{"line":689,"column":24}},"183":{"start":{"line":693,"column":25},"end":{"line":693,"column":112}},"184":{"start":{"line":694,"column":4},"end":{"line":696,"column":5}},"185":{"start":{"line":694,"column":37},"end":{"line":694,"column":59}},"186":{"start":{"line":695,"column":6},"end":{"line":695,"column":20}},"187":{"start":{"line":699,"column":27},"end":{"line":699,"column":105}},"188":{"start":{"line":700,"column":4},"end":{"line":702,"column":5}},"189":{"start":{"line":700,"column":39},"end":{"line":700,"column":61}},"190":{"start":{"line":701,"column":6},"end":{"line":701,"column":22}},"191":{"start":{"line":704,"column":4},"end":{"line":704,"column":17}},"192":{"start":{"line":706,"column":4},"end":{"line":710,"column":7}},"193":{"start":{"line":712,"column":4},"end":{"line":712,"column":17}},"194":{"start":{"line":720,"column":49},"end":{"line":731,"column":4}},"195":{"start":{"line":733,"column":19},"end":{"line":733,"column":48}},"196":{"start":{"line":736,"column":56},"end":{"line":741,"column":4}},"197":{"start":{"line":743,"column":21},"end":{"line":743,"column":55}},"198":{"start":{"line":746,"column":57},"end":{"line":753,"column":4}},"199":{"start":{"line":755,"column":26},"end":{"line":755,"column":29}},"200":{"start":{"line":756,"column":2},"end":{"line":761,"column":3}},"201":{"start":{"line":757,"column":4},"end":{"line":760,"column":5}},"202":{"start":{"line":758,"column":6},"end":{"line":758,"column":38}},"203":{"start":{"line":759,"column":6},"end":{"line":759,"column":12}},"204":{"start":{"line":763,"column":22},"end":{"line":763,"column":77}},"205":{"start":{"line":766,"column":18},"end":{"line":766,"column":51}},"206":{"start":{"line":767,"column":2},"end":{"line":767,"column":49}},"207":{"start":{"line":788,"column":28},"end":{"line":788,"column":30}},"208":{"start":{"line":789,"column":48},"end":{"line":789,"column":50}},"209":{"start":{"line":790,"column":19},"end":{"line":790,"column":22}},"210":{"start":{"line":793,"column":2},"end":{"line":803,"column":3}},"211":{"start":{"line":794,"column":4},"end":{"line":794,"column":26}},"212":{"start":{"line":795,"column":4},"end":{"line":801,"column":5}},"213":{"start":{"line":796,"column":6},"end":{"line":796,"column":86}},"214":{"start":{"line":797,"column":11},"end":{"line":801,"column":5}},"215":{"start":{"line":798,"column":6},"end":{"line":798,"column":79}},"216":{"start":{"line":800,"column":6},"end":{"line":800,"column":56}},"217":{"start":{"line":802,"column":4},"end":{"line":802,"column":23}},"218":{"start":{"line":806,"column":2},"end":{"line":814,"column":3}},"219":{"start":{"line":807,"column":4},"end":{"line":807,"column":26}},"220":{"start":{"line":808,"column":4},"end":{"line":812,"column":5}},"221":{"start":{"line":809,"column":6},"end":{"line":809,"column":96}},"222":{"start":{"line":811,"column":6},"end":{"line":811,"column":99}},"223":{"start":{"line":813,"column":4},"end":{"line":813,"column":22}},"224":{"start":{"line":817,"column":2},"end":{"line":835,"column":3}},"225":{"start":{"line":818,"column":4},"end":{"line":818,"column":31}},"226":{"start":{"line":819,"column":4},"end":{"line":830,"column":5}},"227":{"start":{"line":820,"column":30},"end":{"line":820,"column":59}},"228":{"start":{"line":821,"column":6},"end":{"line":827,"column":7}},"229":{"start":{"line":822,"column":8},"end":{"line":822,"column":49}},"230":{"start":{"line":824,"column":33},"end":{"line":824,"column":54}},"231":{"start":{"line":825,"column":32},"end":{"line":825,"column":82}},"232":{"start":{"line":826,"column":8},"end":{"line":826,"column":112}},"233":{"start":{"line":829,"column":6},"end":{"line":829,"column":36}},"234":{"start":{"line":831,"column":4},"end":{"line":831,"column":23}},"235":{"start":{"line":832,"column":9},"end":{"line":835,"column":3}},"236":{"start":{"line":833,"column":4},"end":{"line":833,"column":72}},"237":{"start":{"line":834,"column":4},"end":{"line":834,"column":22}},"238":{"start":{"line":838,"column":2},"end":{"line":847,"column":3}},"239":{"start":{"line":839,"column":4},"end":{"line":839,"column":29}},"240":{"start":{"line":840,"column":4},"end":{"line":845,"column":5}},"241":{"start":{"line":841,"column":20},"end":{"line":841,"column":47}},"242":{"start":{"line":842,"column":6},"end":{"line":842,"column":83}},"243":{"start":{"line":844,"column":6},"end":{"line":844,"column":39}},"244":{"start":{"line":846,"column":4},"end":{"line":846,"column":22}},"245":{"start":{"line":850,"column":2},"end":{"line":859,"column":3}},"246":{"start":{"line":851,"column":4},"end":{"line":851,"column":32}},"247":{"start":{"line":852,"column":4},"end":{"line":857,"column":5}},"248":{"start":{"line":853,"column":28},"end":{"line":853,"column":51}},"249":{"start":{"line":854,"column":6},"end":{"line":854,"column":70}},"250":{"start":{"line":856,"column":6},"end":{"line":856,"column":53}},"251":{"start":{"line":858,"column":4},"end":{"line":858,"column":22}},"252":{"start":{"line":861,"column":2},"end":{"line":866,"column":4}},"253":{"start":{"line":873,"column":2},"end":{"line":882,"column":3}},"254":{"start":{"line":874,"column":18},"end":{"line":874,"column":43}},"255":{"start":{"line":875,"column":4},"end":{"line":881,"column":5}},"256":{"start":{"line":876,"column":18},"end":{"line":876,"column":40}},"257":{"start":{"line":878,"column":6},"end":{"line":880,"column":7}},"258":{"start":{"line":879,"column":8},"end":{"line":879,"column":19}},"259":{"start":{"line":884,"column":2},"end":{"line":884,"column":19}},"260":{"start":{"line":891,"column":2},"end":{"line":900,"column":3}},"261":{"start":{"line":892,"column":18},"end":{"line":892,"column":43}},"262":{"start":{"line":893,"column":4},"end":{"line":899,"column":5}},"263":{"start":{"line":895,"column":21},"end":{"line":895,"column":48}},"264":{"start":{"line":896,"column":6},"end":{"line":898,"column":7}},"265":{"start":{"line":897,"column":8},"end":{"line":897,"column":82}},"266":{"start":{"line":902,"column":2},"end":{"line":902,"column":19}},"267":{"start":{"line":909,"column":2},"end":{"line":914,"column":3}},"268":{"start":{"line":910,"column":18},"end":{"line":910,"column":43}},"269":{"start":{"line":911,"column":4},"end":{"line":913,"column":5}},"270":{"start":{"line":912,"column":6},"end":{"line":912,"column":36}},"271":{"start":{"line":916,"column":2},"end":{"line":916,"column":19}},"272":{"start":{"line":923,"column":2},"end":{"line":928,"column":3}},"273":{"start":{"line":924,"column":18},"end":{"line":924,"column":43}},"274":{"start":{"line":925,"column":4},"end":{"line":927,"column":5}},"275":{"start":{"line":926,"column":6},"end":{"line":926,"column":29}},"276":{"start":{"line":930,"column":2},"end":{"line":930,"column":19}},"277":{"start":{"line":937,"column":15},"end":{"line":937,"column":39}},"278":{"start":{"line":938,"column":14},"end":{"line":938,"column":15}},"279":{"start":{"line":940,"column":2},"end":{"line":947,"column":3}},"280":{"start":{"line":942,"column":18},"end":{"line":942,"column":54}},"281":{"start":{"line":943,"column":20},"end":{"line":943,"column":37}},"282":{"start":{"line":944,"column":4},"end":{"line":946,"column":5}},"283":{"start":{"line":945,"column":6},"end":{"line":945,"column":30}},"284":{"start":{"line":949,"column":2},"end":{"line":949,"column":15}},"285":{"start":{"line":956,"column":57},"end":{"line":956,"column":59}},"286":{"start":{"line":958,"column":2},"end":{"line":963,"column":3}},"287":{"start":{"line":959,"column":18},"end":{"line":959,"column":53}},"288":{"start":{"line":960,"column":4},"end":{"line":962,"column":5}},"289":{"start":{"line":961,"column":6},"end":{"line":961,"column":35}},"290":{"start":{"line":966,"column":2},"end":{"line":966,"column":43}},"291":{"start":{"line":966,"column":24},"end":{"line":966,"column":41}},"292":{"start":{"line":969,"column":2},"end":{"line":969,"column":48}},"293":{"start":{"line":969,"column":40},"end":{"line":969,"column":46}},"294":{"start":{"line":976,"column":58},"end":{"line":976,"column":60}},"295":{"start":{"line":978,"column":2},"end":{"line":983,"column":3}},"296":{"start":{"line":979,"column":18},"end":{"line":979,"column":53}},"297":{"start":{"line":980,"column":4},"end":{"line":982,"column":5}},"298":{"start":{"line":981,"column":6},"end":{"line":981,"column":36}},"299":{"start":{"line":986,"column":2},"end":{"line":986,"column":43}},"300":{"start":{"line":986,"column":24},"end":{"line":986,"column":41}},"301":{"start":{"line":989,"column":2},"end":{"line":989,"column":49}},"302":{"start":{"line":989,"column":40},"end":{"line":989,"column":47}},"303":{"start":{"line":1002,"column":19},"end":{"line":1002,"column":20}},"304":{"start":{"line":1004,"column":2},"end":{"line":1004,"column":29}},"305":{"start":{"line":1004,"column":12},"end":{"line":1004,"column":29}},"306":{"start":{"line":1005,"column":2},"end":{"line":1005,"column":28}},"307":{"start":{"line":1005,"column":11},"end":{"line":1005,"column":28}},"308":{"start":{"line":1006,"column":2},"end":{"line":1006,"column":50}},"309":{"start":{"line":1006,"column":33},"end":{"line":1006,"column":50}},"310":{"start":{"line":1007,"column":2},"end":{"line":1007,"column":30}},"311":{"start":{"line":1007,"column":13},"end":{"line":1007,"column":30}},"312":{"start":{"line":1008,"column":2},"end":{"line":1008,"column":30}},"313":{"start":{"line":1008,"column":13},"end":{"line":1008,"column":30}},"314":{"start":{"line":1010,"column":2},"end":{"line":1010,"column":34}},"315":{"start":{"line":1021,"column":18},"end":{"line":1021,"column":46}},"316":{"start":{"line":1022,"column":19},"end":{"line":1024,"column":23}},"317":{"start":{"line":1023,"column":21},"end":{"line":1023,"column":54}},"318":{"start":{"line":1026,"column":15},"end":{"line":1030,"column":4}},"319":{"start":{"line":1032,"column":2},"end":{"line":1032,"column":138}},"320":{"start":{"line":1057,"column":20},"end":{"line":1057,"column":30}},"321":{"start":{"line":1058,"column":20},"end":{"line":1058,"column":89}},"322":{"start":{"line":1059,"column":34},"end":{"line":1059,"column":36}},"323":{"start":{"line":1060,"column":19},"end":{"line":1060,"column":20}},"324":{"start":{"line":1062,"column":2},"end":{"line":1139,"column":3}},"325":{"start":{"line":1064,"column":23},"end":{"line":1064,"column":60}},"326":{"start":{"line":1065,"column":25},"end":{"line":1065,"column":68}},"327":{"start":{"line":1066,"column":25},"end":{"line":1066,"column":67}},"328":{"start":{"line":1067,"column":20},"end":{"line":1067,"column":46}},"329":{"start":{"line":1070,"column":16},"end":{"line":1070,"column":38}},"330":{"start":{"line":1071,"column":18},"end":{"line":1071,"column":42}},"331":{"start":{"line":1072,"column":18},"end":{"line":1072,"column":42}},"332":{"start":{"line":1073,"column":21},"end":{"line":1073,"column":48}},"333":{"start":{"line":1076,"column":4},"end":{"line":1076,"column":74}},"334":{"start":{"line":1076,"column":38},"end":{"line":1076,"column":74}},"335":{"start":{"line":1077,"column":4},"end":{"line":1077,"column":78}},"336":{"start":{"line":1077,"column":40},"end":{"line":1077,"column":78}},"337":{"start":{"line":1080,"column":28},"end":{"line":1085,"column":6}},"338":{"start":{"line":1087,"column":25},"end":{"line":1087,"column":63}},"339":{"start":{"line":1088,"column":31},"end":{"line":1088,"column":53}},"340":{"start":{"line":1091,"column":4},"end":{"line":1098,"column":7}},"341":{"start":{"line":1100,"column":4},"end":{"line":1117,"column":6}},"342":{"start":{"line":1120,"column":4},"end":{"line":1120,"column":17}},"343":{"start":{"line":1121,"column":31},"end":{"line":1121,"column":53}},"344":{"start":{"line":1124,"column":4},"end":{"line":1136,"column":7}},"345":{"start":{"line":1138,"column":4},"end":{"line":1138,"column":16}}},"fnMap":{"0":{"name":"getNormalizedText","decl":{"start":{"line":164,"column":9},"end":{"line":164,"column":26}},"loc":{"start":{"line":164,"column":39},"end":{"line":180,"column":1}}},"1":{"name":"extractName","decl":{"start":{"line":316,"column":16},"end":{"line":316,"column":27}},"loc":{"start":{"line":316,"column":46},"end":{"line":332,"column":1}}},"2":{"name":"extractNameWithConfidence","decl":{"start":{"line":338,"column":16},"end":{"line":338,"column":41}},"loc":{"start":{"line":338,"column":60},"end":{"line":387,"column":1}}},"3":{"name":"validateNameCandidate","decl":{"start":{"line":392,"column":9},"end":{"line":392,"column":30}},"loc":{"start":{"line":392,"column":92},"end":{"line":442,"column":1}}},"4":{"name":"(anonymous_4)","decl":{"start":{"line":424,"column":34},"end":{"line":424,"column":39}},"loc":{"start":{"line":425,"column":4},"end":{"line":427,"column":51}}},"5":{"name":"extractGoalAmount","decl":{"start":{"line":447,"column":16},"end":{"line":447,"column":33}},"loc":{"start":{"line":447,"column":52},"end":{"line":450,"column":1}}},"6":{"name":"extractGoalAmountWithConfidence","decl":{"start":{"line":456,"column":16},"end":{"line":456,"column":47}},"loc":{"start":{"line":456,"column":66},"end":{"line":544,"column":1}}},"7":{"name":"validateAmountContext","decl":{"start":{"line":549,"column":9},"end":{"line":549,"column":30}},"loc":{"start":{"line":549,"column":88},"end":{"line":581,"column":1}}},"8":{"name":"(anonymous_8)","decl":{"start":{"line":559,"column":45},"end":{"line":559,"column":49}},"loc":{"start":{"line":559,"column":53},"end":{"line":559,"column":75}}},"9":{"name":"boundAmount","decl":{"start":{"line":586,"column":9},"end":{"line":586,"column":20}},"loc":{"start":{"line":586,"column":35},"end":{"line":588,"column":1}}},"10":{"name":"extractBeneficiaryRelationship","decl":{"start":{"line":594,"column":16},"end":{"line":594,"column":46}},"loc":{"start":{"line":594,"column":65},"end":{"line":628,"column":1}}},"11":{"name":"parseWrittenNumber","decl":{"start":{"line":633,"column":9},"end":{"line":633,"column":27}},"loc":{"start":{"line":633,"column":40},"end":{"line":662,"column":1}}},"12":{"name":"parseNumericAmount","decl":{"start":{"line":667,"column":9},"end":{"line":667,"column":27}},"loc":{"start":{"line":667,"column":40},"end":{"line":671,"column":1}}},"13":{"name":"extractUrgency","decl":{"start":{"line":677,"column":16},"end":{"line":677,"column":30}},"loc":{"start":{"line":677,"column":49},"end":{"line":714,"column":1}}},"14":{"name":"(anonymous_14)","decl":{"start":{"line":688,"column":30},"end":{"line":688,"column":37}},"loc":{"start":{"line":688,"column":41},"end":{"line":688,"column":63}}},"15":{"name":"(anonymous_15)","decl":{"start":{"line":694,"column":26},"end":{"line":694,"column":33}},"loc":{"start":{"line":694,"column":37},"end":{"line":694,"column":59}}},"16":{"name":"(anonymous_16)","decl":{"start":{"line":700,"column":28},"end":{"line":700,"column":35}},"loc":{"start":{"line":700,"column":39},"end":{"line":700,"column":61}}},"17":{"name":"generateDefaultGoalAmount","decl":{"start":{"line":719,"column":16},"end":{"line":719,"column":41}},"loc":{"start":{"line":719,"column":95},"end":{"line":768,"column":1}}},"18":{"name":"validateGoFundMeData","decl":{"start":{"line":780,"column":16},"end":{"line":780,"column":36}},"loc":{"start":{"line":786,"column":21},"end":{"line":867,"column":1}}},"19":{"name":"extractAge","decl":{"start":{"line":872,"column":16},"end":{"line":872,"column":26}},"loc":{"start":{"line":872,"column":45},"end":{"line":885,"column":1}}},"20":{"name":"extractPhone","decl":{"start":{"line":890,"column":16},"end":{"line":890,"column":28}},"loc":{"start":{"line":890,"column":47},"end":{"line":903,"column":1}}},"21":{"name":"extractEmail","decl":{"start":{"line":908,"column":16},"end":{"line":908,"column":28}},"loc":{"start":{"line":908,"column":47},"end":{"line":917,"column":1}}},"22":{"name":"extractLocation","decl":{"start":{"line":922,"column":16},"end":{"line":922,"column":31}},"loc":{"start":{"line":922,"column":50},"end":{"line":931,"column":1}}},"23":{"name":"scoreKeywords","decl":{"start":{"line":936,"column":16},"end":{"line":936,"column":29}},"loc":{"start":{"line":936,"column":68},"end":{"line":950,"column":1}}},"24":{"name":"extractNeeds","decl":{"start":{"line":955,"column":16},"end":{"line":955,"column":28}},"loc":{"start":{"line":955,"column":65},"end":{"line":970,"column":1}}},"25":{"name":"(anonymous_25)","decl":{"start":{"line":966,"column":14},"end":{"line":966,"column":15}},"loc":{"start":{"line":966,"column":24},"end":{"line":966,"column":41}}},"26":{"name":"(anonymous_26)","decl":{"start":{"line":969,"column":35},"end":{"line":969,"column":36}},"loc":{"start":{"line":969,"column":40},"end":{"line":969,"column":46}}},"27":{"name":"extractSkills","decl":{"start":{"line":975,"column":16},"end":{"line":975,"column":29}},"loc":{"start":{"line":975,"column":66},"end":{"line":990,"column":1}}},"28":{"name":"(anonymous_28)","decl":{"start":{"line":986,"column":14},"end":{"line":986,"column":15}},"loc":{"start":{"line":986,"column":24},"end":{"line":986,"column":41}}},"29":{"name":"(anonymous_29)","decl":{"start":{"line":989,"column":35},"end":{"line":989,"column":36}},"loc":{"start":{"line":989,"column":40},"end":{"line":989,"column":47}}},"30":{"name":"calculateConfidence","decl":{"start":{"line":995,"column":16},"end":{"line":995,"column":35}},"loc":{"start":{"line":1000,"column":16},"end":{"line":1011,"column":1}}},"31":{"name":"generateTemplateSummary","decl":{"start":{"line":1016,"column":16},"end":{"line":1016,"column":39}},"loc":{"start":{"line":1019,"column":26},"end":{"line":1033,"column":1}}},"32":{"name":"(anonymous_32)","decl":{"start":{"line":1023,"column":16},"end":{"line":1023,"column":17}},"loc":{"start":{"line":1023,"column":21},"end":{"line":1023,"column":54}}},"33":{"name":"extractAllWithTelemetry","decl":{"start":{"line":1039,"column":16},"end":{"line":1039,"column":39}},"loc":{"start":{"line":1039,"column":58},"end":{"line":1140,"column":1}}}},"branchMap":{"0":{"loc":{"start":{"line":165,"column":2},"end":{"line":167,"column":3}},"type":"if","locations":[{"start":{"line":165,"column":2},"end":{"line":167,"column":3}}]},"1":{"loc":{"start":{"line":169,"column":2},"end":{"line":171,"column":3}},"type":"if","locations":[{"start":{"line":169,"column":2},"end":{"line":171,"column":3}}]},"2":{"loc":{"start":{"line":321,"column":4},"end":{"line":328,"column":5}},"type":"if","locations":[{"start":{"line":321,"column":4},"end":{"line":328,"column":5}}]},"3":{"loc":{"start":{"line":321,"column":8},"end":{"line":321,"column":25}},"type":"binary-expr","locations":[{"start":{"line":321,"column":8},"end":{"line":321,"column":13}},{"start":{"line":321,"column":17},"end":{"line":321,"column":25}}]},"4":{"loc":{"start":{"line":323,"column":70},"end":{"line":323,"column":86}},"type":"binary-expr","locations":[{"start":{"line":323,"column":70},"end":{"line":323,"column":81}},{"start":{"line":323,"column":85},"end":{"line":323,"column":86}}]},"5":{"loc":{"start":{"line":325,"column":6},"end":{"line":327,"column":7}},"type":"if","locations":[{"start":{"line":325,"column":6},"end":{"line":327,"column":7}}]},"6":{"loc":{"start":{"line":341,"column":4},"end":{"line":343,"column":5}},"type":"if","locations":[{"start":{"line":341,"column":4},"end":{"line":343,"column":5}}]},"7":{"loc":{"start":{"line":341,"column":8},"end":{"line":341,"column":53}},"type":"binary-expr","locations":[{"start":{"line":341,"column":8},"end":{"line":341,"column":19}},{"start":{"line":341,"column":23},"end":{"line":341,"column":53}}]},"8":{"loc":{"start":{"line":349,"column":6},"end":{"line":359,"column":7}},"type":"if","locations":[{"start":{"line":349,"column":6},"end":{"line":359,"column":7}}]},"9":{"loc":{"start":{"line":349,"column":10},"end":{"line":349,"column":27}},"type":"binary-expr","locations":[{"start":{"line":349,"column":10},"end":{"line":349,"column":15}},{"start":{"line":349,"column":19},"end":{"line":349,"column":27}}]},"10":{"loc":{"start":{"line":351,"column":72},"end":{"line":351,"column":88}},"type":"binary-expr","locations":[{"start":{"line":351,"column":72},"end":{"line":351,"column":83}},{"start":{"line":351,"column":87},"end":{"line":351,"column":88}}]},"11":{"loc":{"start":{"line":353,"column":8},"end":{"line":358,"column":9}},"type":"if","locations":[{"start":{"line":353,"column":8},"end":{"line":358,"column":9}}]},"12":{"loc":{"start":{"line":368,"column":24},"end":{"line":368,"column":47}},"type":"binary-expr","locations":[{"start":{"line":368,"column":24},"end":{"line":368,"column":42}},{"start":{"line":368,"column":46},"end":{"line":368,"column":47}}]},"13":{"loc":{"start":{"line":375,"column":6},"end":{"line":380,"column":7}},"type":"if","locations":[{"start":{"line":375,"column":6},"end":{"line":380,"column":7}}]},"14":{"loc":{"start":{"line":398,"column":4},"end":{"line":400,"column":5}},"type":"if","locations":[{"start":{"line":398,"column":4},"end":{"line":400,"column":5}}]},"15":{"loc":{"start":{"line":409,"column":4},"end":{"line":411,"column":5}},"type":"if","locations":[{"start":{"line":409,"column":4},"end":{"line":411,"column":5}}]},"16":{"loc":{"start":{"line":419,"column":2},"end":{"line":421,"column":3}},"type":"if","locations":[{"start":{"line":419,"column":2},"end":{"line":421,"column":3}}]},"17":{"loc":{"start":{"line":419,"column":6},"end":{"line":419,"column":46}},"type":"binary-expr","locations":[{"start":{"line":419,"column":6},"end":{"line":419,"column":24}},{"start":{"line":419,"column":28},"end":{"line":419,"column":46}}]},"18":{"loc":{"start":{"line":425,"column":4},"end":{"line":427,"column":51}},"type":"binary-expr","locations":[{"start":{"line":425,"column":4},"end":{"line":425,"column":20}},{"start":{"line":426,"column":4},"end":{"line":426,"column":39}},{"start":{"line":427,"column":4},"end":{"line":427,"column":51}}]},"19":{"loc":{"start":{"line":429,"column":2},"end":{"line":431,"column":3}},"type":"if","locations":[{"start":{"line":429,"column":2},"end":{"line":431,"column":3}}]},"20":{"loc":{"start":{"line":434,"column":2},"end":{"line":436,"column":3}},"type":"if","locations":[{"start":{"line":434,"column":2},"end":{"line":436,"column":3}}]},"21":{"loc":{"start":{"line":434,"column":6},"end":{"line":434,"column":51}},"type":"binary-expr","locations":[{"start":{"line":434,"column":6},"end":{"line":434,"column":26}},{"start":{"line":434,"column":30},"end":{"line":434,"column":51}}]},"22":{"loc":{"start":{"line":459,"column":4},"end":{"line":461,"column":5}},"type":"if","locations":[{"start":{"line":459,"column":4},"end":{"line":461,"column":5}}]},"23":{"loc":{"start":{"line":459,"column":8},"end":{"line":459,"column":53}},"type":"binary-expr","locations":[{"start":{"line":459,"column":8},"end":{"line":459,"column":19}},{"start":{"line":459,"column":23},"end":{"line":459,"column":53}}]},"24":{"loc":{"start":{"line":467,"column":6},"end":{"line":469,"column":7}},"type":"if","locations":[{"start":{"line":467,"column":6},"end":{"line":469,"column":7}}]},"25":{"loc":{"start":{"line":476,"column":6},"end":{"line":508,"column":7}},"type":"if","locations":[{"start":{"line":476,"column":6},"end":{"line":508,"column":7}}]},"26":{"loc":{"start":{"line":477,"column":24},"end":{"line":477,"column":48}},"type":"binary-expr","locations":[{"start":{"line":477,"column":24},"end":{"line":477,"column":34}},{"start":{"line":477,"column":38},"end":{"line":477,"column":48}}]},"27":{"loc":{"start":{"line":479,"column":8},"end":{"line":507,"column":9}},"type":"if","locations":[{"start":{"line":479,"column":8},"end":{"line":507,"column":9}}]},"28":{"loc":{"start":{"line":481,"column":29},"end":{"line":481,"column":47}},"type":"binary-expr","locations":[{"start":{"line":481,"column":29},"end":{"line":481,"column":42}},{"start":{"line":481,"column":46},"end":{"line":481,"column":47}}]},"29":{"loc":{"start":{"line":484,"column":10},"end":{"line":486,"column":11}},"type":"if","locations":[{"start":{"line":484,"column":10},"end":{"line":486,"column":11}}]},"30":{"loc":{"start":{"line":490,"column":10},"end":{"line":496,"column":11}},"type":"if","locations":[{"start":{"line":490,"column":10},"end":{"line":496,"column":11}}]},"31":{"loc":{"start":{"line":500,"column":10},"end":{"line":506,"column":11}},"type":"if","locations":[{"start":{"line":500,"column":10},"end":{"line":506,"column":11}}]},"32":{"loc":{"start":{"line":500,"column":14},"end":{"line":500,"column":77}},"type":"binary-expr","locations":[{"start":{"line":500,"column":14},"end":{"line":500,"column":27}},{"start":{"line":500,"column":31},"end":{"line":500,"column":50}},{"start":{"line":500,"column":54},"end":{"line":500,"column":77}}]},"33":{"loc":{"start":{"line":517,"column":24},"end":{"line":517,"column":47}},"type":"binary-expr","locations":[{"start":{"line":517,"column":24},"end":{"line":517,"column":42}},{"start":{"line":517,"column":46},"end":{"line":517,"column":47}}]},"34":{"loc":{"start":{"line":524,"column":6},"end":{"line":529,"column":7}},"type":"if","locations":[{"start":{"line":524,"column":6},"end":{"line":529,"column":7}}]},"35":{"loc":{"start":{"line":526,"column":8},"end":{"line":528,"column":9}},"type":"if","locations":[{"start":{"line":526,"column":8},"end":{"line":528,"column":9}}]},"36":{"loc":{"start":{"line":526,"column":12},"end":{"line":526,"column":44}},"type":"binary-expr","locations":[{"start":{"line":526,"column":12},"end":{"line":526,"column":24}},{"start":{"line":526,"column":28},"end":{"line":526,"column":44}}]},"37":{"loc":{"start":{"line":532,"column":6},"end":{"line":537,"column":7}},"type":"if","locations":[{"start":{"line":532,"column":6},"end":{"line":537,"column":7}}]},"38":{"loc":{"start":{"line":534,"column":8},"end":{"line":536,"column":9}},"type":"if","locations":[{"start":{"line":534,"column":8},"end":{"line":536,"column":9}}]},"39":{"loc":{"start":{"line":534,"column":12},"end":{"line":534,"column":44}},"type":"binary-expr","locations":[{"start":{"line":534,"column":12},"end":{"line":534,"column":24}},{"start":{"line":534,"column":28},"end":{"line":534,"column":44}}]},"40":{"loc":{"start":{"line":565,"column":2},"end":{"line":567,"column":3}},"type":"if","locations":[{"start":{"line":565,"column":2},"end":{"line":567,"column":3}}]},"41":{"loc":{"start":{"line":565,"column":6},"end":{"line":565,"column":39}},"type":"binary-expr","locations":[{"start":{"line":565,"column":6},"end":{"line":565,"column":17}},{"start":{"line":565,"column":21},"end":{"line":565,"column":39}}]},"42":{"loc":{"start":{"line":570,"column":2},"end":{"line":572,"column":3}},"type":"if","locations":[{"start":{"line":570,"column":2},"end":{"line":572,"column":3}}]},"43":{"loc":{"start":{"line":570,"column":6},"end":{"line":570,"column":74}},"type":"binary-expr","locations":[{"start":{"line":570,"column":6},"end":{"line":570,"column":17}},{"start":{"line":570,"column":21},"end":{"line":570,"column":45}},{"start":{"line":570,"column":49},"end":{"line":570,"column":74}}]},"44":{"loc":{"start":{"line":575,"column":2},"end":{"line":577,"column":3}},"type":"if","locations":[{"start":{"line":575,"column":2},"end":{"line":577,"column":3}}]},"45":{"loc":{"start":{"line":597,"column":4},"end":{"line":599,"column":5}},"type":"if","locations":[{"start":{"line":597,"column":4},"end":{"line":599,"column":5}}]},"46":{"loc":{"start":{"line":597,"column":8},"end":{"line":597,"column":53}},"type":"binary-expr","locations":[{"start":{"line":597,"column":8},"end":{"line":597,"column":19}},{"start":{"line":597,"column":23},"end":{"line":597,"column":53}}]},"47":{"loc":{"start":{"line":605,"column":6},"end":{"line":615,"column":7}},"type":"if","locations":[{"start":{"line":605,"column":6},"end":{"line":615,"column":7}}]},"48":{"loc":{"start":{"line":608,"column":8},"end":{"line":610,"column":9}},"type":"if","locations":[{"start":{"line":608,"column":8},"end":{"line":610,"column":9}}]},"49":{"loc":{"start":{"line":608,"column":12},"end":{"line":608,"column":168}},"type":"binary-expr","locations":[{"start":{"line":608,"column":12},"end":{"line":608,"column":28}},{"start":{"line":608,"column":32},"end":{"line":608,"column":168}}]},"50":{"loc":{"start":{"line":612,"column":8},"end":{"line":614,"column":9}},"type":"if","locations":[{"start":{"line":612,"column":8},"end":{"line":614,"column":9}}]},"51":{"loc":{"start":{"line":612,"column":12},"end":{"line":612,"column":98}},"type":"binary-expr","locations":[{"start":{"line":612,"column":12},"end":{"line":612,"column":53}},{"start":{"line":612,"column":57},"end":{"line":612,"column":98}}]},"52":{"loc":{"start":{"line":622,"column":24},"end":{"line":622,"column":47}},"type":"binary-expr","locations":[{"start":{"line":622,"column":24},"end":{"line":622,"column":42}},{"start":{"line":622,"column":46},"end":{"line":622,"column":47}}]},"53":{"loc":{"start":{"line":648,"column":4},"end":{"line":657,"column":5}},"type":"if","locations":[{"start":{"line":648,"column":4},"end":{"line":657,"column":5}}]},"54":{"loc":{"start":{"line":649,"column":6},"end":{"line":656,"column":7}},"type":"if","locations":[{"start":{"line":649,"column":6},"end":{"line":656,"column":7}},{"start":{"line":651,"column":13},"end":{"line":656,"column":7}}]},"55":{"loc":{"start":{"line":651,"column":13},"end":{"line":656,"column":7}},"type":"if","locations":[{"start":{"line":651,"column":13},"end":{"line":656,"column":7}},{"start":{"line":654,"column":13},"end":{"line":656,"column":7}}]},"56":{"loc":{"start":{"line":661,"column":9},"end":{"line":661,"column":33}},"type":"cond-expr","locations":[{"start":{"line":661,"column":21},"end":{"line":661,"column":26}},{"start":{"line":661,"column":29},"end":{"line":661,"column":33}}]},"57":{"loc":{"start":{"line":670,"column":9},"end":{"line":670,"column":38}},"type":"cond-expr","locations":[{"start":{"line":670,"column":25},"end":{"line":670,"column":29}},{"start":{"line":670,"column":32},"end":{"line":670,"column":38}}]},"58":{"loc":{"start":{"line":680,"column":4},"end":{"line":682,"column":5}},"type":"if","locations":[{"start":{"line":680,"column":4},"end":{"line":682,"column":5}}]},"59":{"loc":{"start":{"line":680,"column":8},"end":{"line":680,"column":53}},"type":"binary-expr","locations":[{"start":{"line":680,"column":8},"end":{"line":680,"column":19}},{"start":{"line":680,"column":23},"end":{"line":680,"column":53}}]},"60":{"loc":{"start":{"line":688,"column":4},"end":{"line":690,"column":5}},"type":"if","locations":[{"start":{"line":688,"column":4},"end":{"line":690,"column":5}}]},"61":{"loc":{"start":{"line":694,"column":4},"end":{"line":696,"column":5}},"type":"if","locations":[{"start":{"line":694,"column":4},"end":{"line":696,"column":5}}]},"62":{"loc":{"start":{"line":700,"column":4},"end":{"line":702,"column":5}},"type":"if","locations":[{"start":{"line":700,"column":4},"end":{"line":702,"column":5}}]},"63":{"loc":{"start":{"line":708,"column":24},"end":{"line":708,"column":47}},"type":"binary-expr","locations":[{"start":{"line":708,"column":24},"end":{"line":708,"column":42}},{"start":{"line":708,"column":46},"end":{"line":708,"column":47}}]},"64":{"loc":{"start":{"line":733,"column":19},"end":{"line":733,"column":48}},"type":"binary-expr","locations":[{"start":{"line":733,"column":19},"end":{"line":733,"column":40}},{"start":{"line":733,"column":44},"end":{"line":733,"column":48}}]},"65":{"loc":{"start":{"line":743,"column":21},"end":{"line":743,"column":55}},"type":"binary-expr","locations":[{"start":{"line":743,"column":21},"end":{"line":743,"column":48}},{"start":{"line":743,"column":52},"end":{"line":743,"column":55}}]},"66":{"loc":{"start":{"line":757,"column":4},"end":{"line":760,"column":5}},"type":"if","locations":[{"start":{"line":757,"column":4},"end":{"line":760,"column":5}}]},"67":{"loc":{"start":{"line":793,"column":2},"end":{"line":803,"column":3}},"type":"if","locations":[{"start":{"line":793,"column":2},"end":{"line":803,"column":3}}]},"68":{"loc":{"start":{"line":793,"column":6},"end":{"line":793,"column":33}},"type":"binary-expr","locations":[{"start":{"line":793,"column":6},"end":{"line":793,"column":12}},{"start":{"line":793,"column":16},"end":{"line":793,"column":33}}]},"69":{"loc":{"start":{"line":795,"column":4},"end":{"line":801,"column":5}},"type":"if","locations":[{"start":{"line":795,"column":4},"end":{"line":801,"column":5}},{"start":{"line":797,"column":11},"end":{"line":801,"column":5}}]},"70":{"loc":{"start":{"line":795,"column":8},"end":{"line":795,"column":31}},"type":"binary-expr","locations":[{"start":{"line":795,"column":8},"end":{"line":795,"column":19}},{"start":{"line":795,"column":23},"end":{"line":795,"column":31}}]},"71":{"loc":{"start":{"line":797,"column":11},"end":{"line":801,"column":5}},"type":"if","locations":[{"start":{"line":797,"column":11},"end":{"line":801,"column":5}},{"start":{"line":799,"column":11},"end":{"line":801,"column":5}}]},"72":{"loc":{"start":{"line":806,"column":2},"end":{"line":814,"column":3}},"type":"if","locations":[{"start":{"line":806,"column":2},"end":{"line":814,"column":3}}]},"73":{"loc":{"start":{"line":806,"column":6},"end":{"line":806,"column":33}},"type":"binary-expr","locations":[{"start":{"line":806,"column":6},"end":{"line":806,"column":12}},{"start":{"line":806,"column":16},"end":{"line":806,"column":33}}]},"74":{"loc":{"start":{"line":808,"column":4},"end":{"line":812,"column":5}},"type":"if","locations":[{"start":{"line":808,"column":4},"end":{"line":812,"column":5}},{"start":{"line":810,"column":11},"end":{"line":812,"column":5}}]},"75":{"loc":{"start":{"line":808,"column":8},"end":{"line":808,"column":44}},"type":"binary-expr","locations":[{"start":{"line":808,"column":8},"end":{"line":808,"column":18}},{"start":{"line":808,"column":22},"end":{"line":808,"column":44}}]},"76":{"loc":{"start":{"line":809,"column":58},"end":{"line":809,"column":94}},"type":"cond-expr","locations":[{"start":{"line":809,"column":84},"end":{"line":809,"column":89}},{"start":{"line":809,"column":92},"end":{"line":809,"column":94}}]},"77":{"loc":{"start":{"line":817,"column":2},"end":{"line":835,"column":3}},"type":"if","locations":[{"start":{"line":817,"column":2},"end":{"line":835,"column":3}},{"start":{"line":832,"column":9},"end":{"line":835,"column":3}}]},"78":{"loc":{"start":{"line":817,"column":6},"end":{"line":817,"column":36}},"type":"binary-expr","locations":[{"start":{"line":817,"column":6},"end":{"line":817,"column":17}},{"start":{"line":817,"column":21},"end":{"line":817,"column":36}}]},"79":{"loc":{"start":{"line":819,"column":4},"end":{"line":830,"column":5}},"type":"if","locations":[{"start":{"line":819,"column":4},"end":{"line":830,"column":5}},{"start":{"line":828,"column":11},"end":{"line":830,"column":5}}]},"80":{"loc":{"start":{"line":821,"column":6},"end":{"line":827,"column":7}},"type":"if","locations":[{"start":{"line":821,"column":6},"end":{"line":827,"column":7}},{"start":{"line":823,"column":13},"end":{"line":827,"column":7}}]},"81":{"loc":{"start":{"line":824,"column":33},"end":{"line":824,"column":54}},"type":"binary-expr","locations":[{"start":{"line":824,"column":33},"end":{"line":824,"column":41}},{"start":{"line":824,"column":45},"end":{"line":824,"column":54}}]},"82":{"loc":{"start":{"line":825,"column":32},"end":{"line":825,"column":82}},"type":"cond-expr","locations":[{"start":{"line":825,"column":45},"end":{"line":825,"column":71}},{"start":{"line":825,"column":74},"end":{"line":825,"column":82}}]},"83":{"loc":{"start":{"line":826,"column":94},"end":{"line":826,"column":110}},"type":"binary-expr","locations":[{"start":{"line":826,"column":94},"end":{"line":826,"column":104}},{"start":{"line":826,"column":108},"end":{"line":826,"column":110}}]},"84":{"loc":{"start":{"line":832,"column":9},"end":{"line":835,"column":3}},"type":"if","locations":[{"start":{"line":832,"column":9},"end":{"line":835,"column":3}}]},"85":{"loc":{"start":{"line":832,"column":13},"end":{"line":832,"column":51}},"type":"binary-expr","locations":[{"start":{"line":832,"column":13},"end":{"line":832,"column":28}},{"start":{"line":832,"column":32},"end":{"line":832,"column":51}}]},"86":{"loc":{"start":{"line":838,"column":2},"end":{"line":847,"column":3}},"type":"if","locations":[{"start":{"line":838,"column":2},"end":{"line":847,"column":3}}]},"87":{"loc":{"start":{"line":840,"column":4},"end":{"line":845,"column":5}},"type":"if","locations":[{"start":{"line":840,"column":4},"end":{"line":845,"column":5}},{"start":{"line":843,"column":11},"end":{"line":845,"column":5}}]},"88":{"loc":{"start":{"line":842,"column":29},"end":{"line":842,"column":82}},"type":"cond-expr","locations":[{"start":{"line":842,"column":48},"end":{"line":842,"column":70}},{"start":{"line":842,"column":73},"end":{"line":842,"column":82}}]},"89":{"loc":{"start":{"line":850,"column":2},"end":{"line":859,"column":3}},"type":"if","locations":[{"start":{"line":850,"column":2},"end":{"line":859,"column":3}}]},"90":{"loc":{"start":{"line":852,"column":4},"end":{"line":857,"column":5}},"type":"if","locations":[{"start":{"line":852,"column":4},"end":{"line":857,"column":5}},{"start":{"line":855,"column":11},"end":{"line":857,"column":5}}]},"91":{"loc":{"start":{"line":854,"column":32},"end":{"line":854,"column":69}},"type":"binary-expr","locations":[{"start":{"line":854,"column":32},"end":{"line":854,"column":45}},{"start":{"line":854,"column":49},"end":{"line":854,"column":69}}]},"92":{"loc":{"start":{"line":875,"column":4},"end":{"line":881,"column":5}},"type":"if","locations":[{"start":{"line":875,"column":4},"end":{"line":881,"column":5}}]},"93":{"loc":{"start":{"line":875,"column":8},"end":{"line":875,"column":25}},"type":"binary-expr","locations":[{"start":{"line":875,"column":8},"end":{"line":875,"column":13}},{"start":{"line":875,"column":17},"end":{"line":875,"column":25}}]},"94":{"loc":{"start":{"line":878,"column":6},"end":{"line":880,"column":7}},"type":"if","locations":[{"start":{"line":878,"column":6},"end":{"line":880,"column":7}}]},"95":{"loc":{"start":{"line":878,"column":10},"end":{"line":878,"column":33}},"type":"binary-expr","locations":[{"start":{"line":878,"column":10},"end":{"line":878,"column":19}},{"start":{"line":878,"column":23},"end":{"line":878,"column":33}}]},"96":{"loc":{"start":{"line":893,"column":4},"end":{"line":899,"column":5}},"type":"if","locations":[{"start":{"line":893,"column":4},"end":{"line":899,"column":5}}]},"97":{"loc":{"start":{"line":893,"column":8},"end":{"line":893,"column":25}},"type":"binary-expr","locations":[{"start":{"line":893,"column":8},"end":{"line":893,"column":13}},{"start":{"line":893,"column":17},"end":{"line":893,"column":25}}]},"98":{"loc":{"start":{"line":896,"column":6},"end":{"line":898,"column":7}},"type":"if","locations":[{"start":{"line":896,"column":6},"end":{"line":898,"column":7}}]},"99":{"loc":{"start":{"line":911,"column":4},"end":{"line":913,"column":5}},"type":"if","locations":[{"start":{"line":911,"column":4},"end":{"line":913,"column":5}}]},"100":{"loc":{"start":{"line":911,"column":8},"end":{"line":911,"column":25}},"type":"binary-expr","locations":[{"start":{"line":911,"column":8},"end":{"line":911,"column":13}},{"start":{"line":911,"column":17},"end":{"line":911,"column":25}}]},"101":{"loc":{"start":{"line":925,"column":4},"end":{"line":927,"column":5}},"type":"if","locations":[{"start":{"line":925,"column":4},"end":{"line":927,"column":5}}]},"102":{"loc":{"start":{"line":925,"column":8},"end":{"line":925,"column":25}},"type":"binary-expr","locations":[{"start":{"line":925,"column":8},"end":{"line":925,"column":13}},{"start":{"line":925,"column":17},"end":{"line":925,"column":25}}]},"103":{"loc":{"start":{"line":944,"column":4},"end":{"line":946,"column":5}},"type":"if","locations":[{"start":{"line":944,"column":4},"end":{"line":946,"column":5}}]},"104":{"loc":{"start":{"line":955,"column":49},"end":{"line":955,"column":65}},"type":"default-arg","locations":[{"start":{"line":955,"column":64},"end":{"line":955,"column":65}}]},"105":{"loc":{"start":{"line":960,"column":4},"end":{"line":962,"column":5}},"type":"if","locations":[{"start":{"line":960,"column":4},"end":{"line":962,"column":5}}]},"106":{"loc":{"start":{"line":975,"column":50},"end":{"line":975,"column":66}},"type":"default-arg","locations":[{"start":{"line":975,"column":65},"end":{"line":975,"column":66}}]},"107":{"loc":{"start":{"line":980,"column":4},"end":{"line":982,"column":5}},"type":"if","locations":[{"start":{"line":980,"column":4},"end":{"line":982,"column":5}}]},"108":{"loc":{"start":{"line":1004,"column":2},"end":{"line":1004,"column":29}},"type":"if","locations":[{"start":{"line":1004,"column":2},"end":{"line":1004,"column":29}}]},"109":{"loc":{"start":{"line":1005,"column":2},"end":{"line":1005,"column":28}},"type":"if","locations":[{"start":{"line":1005,"column":2},"end":{"line":1005,"column":28}}]},"110":{"loc":{"start":{"line":1006,"column":2},"end":{"line":1006,"column":50}},"type":"if","locations":[{"start":{"line":1006,"column":2},"end":{"line":1006,"column":50}}]},"111":{"loc":{"start":{"line":1006,"column":6},"end":{"line":1006,"column":31}},"type":"binary-expr","locations":[{"start":{"line":1006,"column":6},"end":{"line":1006,"column":11}},{"start":{"line":1006,"column":15},"end":{"line":1006,"column":31}}]},"112":{"loc":{"start":{"line":1007,"column":2},"end":{"line":1007,"column":30}},"type":"if","locations":[{"start":{"line":1007,"column":2},"end":{"line":1007,"column":30}}]},"113":{"loc":{"start":{"line":1008,"column":2},"end":{"line":1008,"column":30}},"type":"if","locations":[{"start":{"line":1008,"column":2},"end":{"line":1008,"column":30}}]},"114":{"loc":{"start":{"line":1021,"column":18},"end":{"line":1021,"column":46}},"type":"binary-expr","locations":[{"start":{"line":1021,"column":18},"end":{"line":1021,"column":22}},{"start":{"line":1021,"column":26},"end":{"line":1021,"column":46}}]},"115":{"loc":{"start":{"line":1022,"column":19},"end":{"line":1024,"column":23}},"type":"cond-expr","locations":[{"start":{"line":1023,"column":6},"end":{"line":1023,"column":66}},{"start":{"line":1024,"column":6},"end":{"line":1024,"column":23}}]},"116":{"loc":{"start":{"line":1076,"column":4},"end":{"line":1076,"column":74}},"type":"if","locations":[{"start":{"line":1076,"column":4},"end":{"line":1076,"column":74}}]},"117":{"loc":{"start":{"line":1077,"column":4},"end":{"line":1077,"column":78}},"type":"if","locations":[{"start":{"line":1077,"column":4},"end":{"line":1077,"column":78}}]},"118":{"loc":{"start":{"line":1126,"column":24},"end":{"line":1126,"column":47}},"type":"binary-expr","locations":[{"start":{"line":1126,"column":24},"end":{"line":1126,"column":42}},{"start":{"line":1126,"column":46},"end":{"line":1126,"column":47}}]}},"s":{"0":9,"1":9,"2":9,"3":9,"4":9,"5":9,"6":9,"7":9,"8":9,"9":9,"10":9,"11":9,"12":9,"13":9,"14":9,"15":9,"16":9,"17":9,"18":9,"19":9,"20":9,"21":9,"22":9,"23":9,"24":9,"25":9,"26":9,"27":9,"28":9,"29":107,"30":45,"31":62,"32":0,"33":62,"34":62,"35":62,"36":9,"37":9,"38":9,"39":51,"40":51,"41":76,"42":76,"43":26,"44":26,"45":26,"46":26,"47":25,"48":14,"49":14,"50":6,"51":8,"52":8,"53":12,"54":12,"55":4,"56":4,"57":4,"58":4,"59":4,"60":0,"61":0,"62":0,"63":0,"64":0,"65":0,"66":0,"67":30,"68":240,"69":0,"70":30,"71":30,"72":30,"73":30,"74":240,"75":0,"76":30,"77":30,"78":30,"79":0,"80":30,"81":30,"82":30,"83":4,"84":30,"85":0,"86":30,"87":51,"88":51,"89":57,"90":57,"91":9,"92":48,"93":48,"94":189,"95":1,"96":47,"97":47,"98":217,"99":217,"100":22,"101":22,"102":22,"103":22,"104":22,"105":0,"106":22,"107":22,"108":5,"109":5,"110":17,"111":17,"112":17,"113":17,"114":25,"115":0,"116":0,"117":0,"118":0,"119":0,"120":0,"121":0,"122":0,"123":0,"124":0,"125":0,"126":0,"127":0,"128":0,"129":22,"130":22,"131":22,"132":22,"133":26,"134":22,"135":22,"136":22,"137":0,"138":0,"139":0,"140":0,"141":0,"142":22,"143":4,"144":4,"145":0,"146":4,"147":4,"148":9,"149":9,"150":3,"151":3,"152":2,"153":1,"154":1,"155":1,"156":0,"157":0,"158":22,"159":22,"160":22,"161":22,"162":22,"163":27,"164":10,"165":5,"166":5,"167":0,"168":0,"169":5,"170":22,"171":22,"172":17,"173":17,"174":17,"175":62,"176":62,"177":9,"178":53,"179":53,"180":53,"181":294,"182":15,"183":38,"184":38,"185":204,"186":12,"187":26,"188":26,"189":141,"190":6,"191":20,"192":0,"193":0,"194":17,"195":17,"196":17,"197":17,"198":17,"199":17,"200":17,"201":90,"202":3,"203":3,"204":17,"205":17,"206":17,"207":42,"208":42,"209":42,"210":42,"211":20,"212":20,"213":4,"214":16,"215":16,"216":0,"217":20,"218":42,"219":9,"220":9,"221":4,"222":5,"223":9,"224":42,"225":11,"226":11,"227":8,"228":8,"229":0,"230":8,"231":8,"232":8,"233":3,"234":11,"235":31,"236":0,"237":0,"238":42,"239":0,"240":0,"241":0,"242":0,"243":0,"244":0,"245":42,"246":17,"247":17,"248":14,"249":14,"250":3,"251":17,"252":42,"253":19,"254":37,"255":37,"256":1,"257":1,"258":1,"259":18,"260":19,"261":37,"262":37,"263":1,"264":1,"265":1,"266":18,"267":19,"268":19,"269":19,"270":1,"271":18,"272":19,"273":31,"274":31,"275":7,"276":12,"277":628,"278":628,"279":628,"280":6271,"281":6271,"282":6271,"283":108,"284":628,"285":44,"286":44,"287":484,"288":484,"289":63,"290":44,"291":42,"292":44,"293":50,"294":17,"295":17,"296":136,"297":136,"298":9,"299":17,"300":3,"301":17,"302":9,"303":17,"304":17,"305":9,"306":17,"307":0,"308":17,"309":12,"310":17,"311":0,"312":17,"313":0,"314":17,"315":17,"316":17,"317":24,"318":17,"319":17,"320":0,"321":0,"322":0,"323":0,"324":0,"325":0,"326":0,"327":0,"328":0,"329":0,"330":0,"331":0,"332":0,"333":0,"334":0,"335":0,"336":0,"337":0,"338":0,"339":0,"340":0,"341":0,"342":0,"343":0,"344":0,"345":0},"f":{"0":107,"1":51,"2":14,"3":30,"4":30,"5":51,"6":57,"7":22,"8":26,"9":22,"10":4,"11":22,"12":17,"13":62,"14":294,"15":204,"16":141,"17":17,"18":42,"19":19,"20":19,"21":19,"22":19,"23":628,"24":44,"25":42,"26":50,"27":17,"28":3,"29":9,"30":17,"31":17,"32":24,"33":0},"b":{"0":[45],"1":[0],"2":[26],"3":[76,26],"4":[26,12],"5":[26],"6":[6],"7":[14,8],"8":[4],"9":[12,4],"10":[4,2],"11":[4],"12":[0,0],"13":[0],"14":[0],"15":[0],"16":[0],"17":[30,0],"18":[30,30,22],"19":[4],"20":[0],"21":[30,30],"22":[9],"23":[57,48],"24":[1],"25":[22],"26":[22,0],"27":[22],"28":[22,3],"29":[0],"30":[5],"31":[17],"32":[17,17,17],"33":[0,0],"34":[0],"35":[0],"36":[0,0],"37":[0],"38":[0],"39":[0,0],"40":[22],"41":[22,22],"42":[0],"43":[0,0,0],"44":[0],"45":[0],"46":[4,4],"47":[3],"48":[2],"49":[3,2],"50":[1],"51":[1,0],"52":[0,0],"53":[10],"54":[5,5],"55":[0,5],"56":[5,17],"57":[0,17],"58":[9],"59":[62,53],"60":[15],"61":[12],"62":[6],"63":[0,0],"64":[17,11],"65":[17,0],"66":[3],"67":[20],"68":[42,23],"69":[4,16],"70":[20,4],"71":[16,0],"72":[9],"73":[42,34],"74":[4,5],"75":[9,6],"76":[0,4],"77":[11,31],"78":[42,31],"79":[8,3],"80":[0,8],"81":[8,0],"82":[8,0],"83":[8,0],"84":[0],"85":[31,31],"86":[0],"87":[0,0],"88":[0,0],"89":[17],"90":[14,3],"91":[14,8],"92":[1],"93":[37,1],"94":[1],"95":[1,1],"96":[1],"97":[37,1],"98":[1],"99":[1],"100":[19,1],"101":[7],"102":[31,7],"103":[108],"104":[25],"105":[63],"106":[0],"107":[9],"108":[9],"109":[0],"110":[12],"111":[17,17],"112":[0],"113":[0],"114":[17,8],"115":[12,5],"116":[0],"117":[0],"118":[0,0]}}
}
